#! /usr/bin/vvp
:ivl_version "10.1 (stable)";
:ivl_delay_selection "TYPICAL";
:vpi_time_precision + 0;
:vpi_module "system";
:vpi_module "vhdl_sys";
:vpi_module "v2005_math";
:vpi_module "va_math";
S_0x55f0d925f0d0 .scope module, "map9v3" "map9v3" 2 11;
 .timescale 0 0;
    .port_info 0 /INPUT 1 "clock"
    .port_info 1 /INPUT 1 "reset"
    .port_info 2 /INPUT 1 "start"
    .port_info 3 /INPUT 9 "N"
    .port_info 4 /OUTPUT 9 "dp"
    .port_info 5 /OUTPUT 1 "done"
    .port_info 6 /OUTPUT 8 "counter"
    .port_info 7 /OUTPUT 8 "sr"
P_0x55f0d925f250 .param/l "ALMOSTDONE" 0 2 32, C4<010>;
P_0x55f0d925f290 .param/l "DONE" 0 2 33, C4<011>;
P_0x55f0d925f2d0 .param/l "INIT" 0 2 30, C4<000>;
P_0x55f0d925f310 .param/l "RUN" 0 2 31, C4<001>;
P_0x55f0d925f350 .param/l "WAIT" 0 2 34, C4<100>;
o0x7f74f9632018 .functor BUFZ 9, C4<zzzzzzzzz>; HiZ drive
v0x55f0d925f600_0 .net "N", 8 0, o0x7f74f9632018;  0 drivers
o0x7f74f9632048 .functor BUFZ 1, C4<z>; HiZ drive
v0x55f0d927f640_0 .net "clock", 0 0, o0x7f74f9632048;  0 drivers
v0x55f0d927f700_0 .var "counter", 7 0;
v0x55f0d927f7c0_0 .var "done", 0 0;
v0x55f0d927f880_0 .var "dp", 8 0;
o0x7f74f9632108 .functor BUFZ 1, C4<z>; HiZ drive
v0x55f0d927f9b0_0 .net "reset", 0 0, o0x7f74f9632108;  0 drivers
v0x55f0d927fa70_0 .var "sr", 7 0;
o0x7f74f9632168 .functor BUFZ 1, C4<z>; HiZ drive
v0x55f0d927fb50_0 .net "start", 0 0, o0x7f74f9632168;  0 drivers
v0x55f0d927fc10_0 .var "startbuf", 1 0;
v0x55f0d927fcf0_0 .var "state", 2 0;
E_0x55f0d92504b0 .event posedge, v0x55f0d927f9b0_0, v0x55f0d927f640_0;
    .scope S_0x55f0d925f0d0;
T_0 ;
    %wait E_0x55f0d92504b0;
    %load/vec4 v0x55f0d927f9b0_0;
    %pad/u 32;
    %cmpi/e 1, 0, 32;
    %jmp/0xz  T_0.0, 4;
    %pushi/vec4 0, 0, 9;
    %assign/vec4 v0x55f0d927f880_0, 0;
    %pushi/vec4 0, 0, 8;
    %assign/vec4 v0x55f0d927fa70_0, 0;
    %pushi/vec4 0, 0, 8;
    %assign/vec4 v0x55f0d927f700_0, 0;
    %pushi/vec4 0, 0, 2;
    %assign/vec4 v0x55f0d927fc10_0, 0;
    %pushi/vec4 0, 0, 1;
    %assign/vec4 v0x55f0d927f7c0_0, 0;
    %pushi/vec4 0, 0, 3;
    %assign/vec4 v0x55f0d927fcf0_0, 0;
    %jmp T_0.1;
T_0.0 ;
    %load/vec4 v0x55f0d927fcf0_0;
    %cmpi/e 0, 0, 3;
    %jmp/0xz  T_0.2, 4;
    %pushi/vec4 255, 0, 9;
    %load/vec4 v0x55f0d925f600_0;
    %parti/s 8, 1, 2;
    %pad/u 9;
    %sub;
    %addi 3, 0, 9;
    %pad/u 8;
    %assign/vec4 v0x55f0d927f700_0, 0;
    %pushi/vec4 0, 0, 8;
    %assign/vec4 v0x55f0d927fa70_0, 0;
    %pushi/vec4 0, 0, 1;
    %assign/vec4 v0x55f0d927f7c0_0, 0;
    %pushi/vec4 1, 0, 3;
    %assign/vec4 v0x55f0d927fcf0_0, 0;
    %jmp T_0.3;
T_0.2 ;
    %load/vec4 v0x55f0d927fcf0_0;
    %cmpi/e 1, 0, 3;
    %jmp/0xz  T_0.4, 4;
    %load/vec4 v0x55f0d927fa70_0;
    %parti/s 1, 6, 4;
    %ix/load 4, 7, 0;
    %ix/load 5, 0, 0;
    %flag_set/imm 4, 0;
    %assign/vec4/off/d v0x55f0d927fa70_0, 4, 5;
    %load/vec4 v0x55f0d927fa70_0;
    %parti/s 1, 5, 4;
    %ix/load 4, 6, 0;
    %ix/load 5, 0, 0;
    %flag_set/imm 4, 0;
    %assign/vec4/off/d v0x55f0d927fa70_0, 4, 5;
    %load/vec4 v0x55f0d927fa70_0;
    %parti/s 1, 4, 4;
    %ix/load 4, 5, 0;
    %ix/load 5, 0, 0;
    %flag_set/imm 4, 0;
    %assign/vec4/off/d v0x55f0d927fa70_0, 4, 5;
    %load/vec4 v0x55f0d927fa70_0;
    %parti/s 1, 3, 3;
    %ix/load 4, 4, 0;
    %ix/load 5, 0, 0;
    %flag_set/imm 4, 0;
    %assign/vec4/off/d v0x55f0d927fa70_0, 4, 5;
    %load/vec4 v0x55f0d927fa70_0;
    %parti/s 1, 2, 3;
    %ix/load 4, 3, 0;
    %ix/load 5, 0, 0;
    %flag_set/imm 4, 0;
    %assign/vec4/off/d v0x55f0d927fa70_0, 4, 5;
    %load/vec4 v0x55f0d927fa70_0;
    %parti/s 1, 1, 2;
    %ix/load 4, 2, 0;
    %ix/load 5, 0, 0;
    %flag_set/imm 4, 0;
    %assign/vec4/off/d v0x55f0d927fa70_0, 4, 5;
    %load/vec4 v0x55f0d927fa70_0;
    %parti/s 1, 0, 2;
    %ix/load 4, 1, 0;
    %ix/load 5, 0, 0;
    %flag_set/imm 4, 0;
    %assign/vec4/off/d v0x55f0d927fa70_0, 4, 5;
    %load/vec4 v0x55f0d927fa70_0;
    %parti/s 1, 7, 4;
    %load/vec4 v0x55f0d927fa70_0;
    %parti/s 1, 5, 4;
    %xor;
    %load/vec4 v0x55f0d927fa70_0;
    %parti/s 1, 4, 4;
    %xor;
    %load/vec4 v0x55f0d927fa70_0;
    %parti/s 1, 3, 3;
    %xor;
    %inv;
    %ix/load 4, 0, 0;
    %ix/load 5, 0, 0;
    %flag_set/imm 4, 0;
    %assign/vec4/off/d v0x55f0d927fa70_0, 4, 5;
    %load/vec4 v0x55f0d927f700_0;
    %subi 1, 0, 8;
    %assign/vec4 v0x55f0d927f700_0, 0;
    %load/vec4 v0x55f0d927f700_0;
    %pad/u 32;
    %cmpi/e 0, 0, 32;
    %jmp/0xz  T_0.6, 4;
    %pushi/vec4 2, 0, 3;
    %assign/vec4 v0x55f0d927fcf0_0, 0;
T_0.6 ;
    %jmp T_0.5;
T_0.4 ;
    %load/vec4 v0x55f0d927fcf0_0;
    %cmpi/e 2, 0, 3;
    %jmp/0xz  T_0.8, 4;
    %load/vec4 v0x55f0d925f600_0;
    %parti/s 1, 0, 2;
    %ix/load 4, 0, 0;
    %ix/load 5, 0, 0;
    %flag_set/imm 4, 0;
    %assign/vec4/off/d v0x55f0d927f880_0, 4, 5;
    %load/vec4 v0x55f0d927fa70_0;
    %ix/load 4, 1, 0;
    %ix/load 5, 0, 0;
    %flag_set/imm 4, 0;
    %assign/vec4/off/d v0x55f0d927f880_0, 4, 5;
    %pushi/vec4 3, 0, 3;
    %assign/vec4 v0x55f0d927fcf0_0, 0;
    %jmp T_0.9;
T_0.8 ;
    %load/vec4 v0x55f0d927fcf0_0;
    %cmpi/e 3, 0, 3;
    %jmp/0xz  T_0.10, 4;
    %pushi/vec4 1, 0, 1;
    %assign/vec4 v0x55f0d927f7c0_0, 0;
    %pushi/vec4 4, 0, 3;
    %assign/vec4 v0x55f0d927fcf0_0, 0;
    %jmp T_0.11;
T_0.10 ;
    %load/vec4 v0x55f0d927fcf0_0;
    %cmpi/e 4, 0, 3;
    %jmp/0xz  T_0.12, 4;
    %load/vec4 v0x55f0d927fc10_0;
    %cmpi/e 1, 0, 2;
    %jmp/0xz  T_0.14, 4;
    %pushi/vec4 0, 0, 3;
    %assign/vec4 v0x55f0d927fcf0_0, 0;
T_0.14 ;
T_0.12 ;
T_0.11 ;
T_0.9 ;
T_0.5 ;
T_0.3 ;
    %load/vec4 v0x55f0d927fc10_0;
    %parti/s 1, 0, 2;
    %load/vec4 v0x55f0d927fb50_0;
    %concat/vec4; draw_concat_vec4
    %assign/vec4 v0x55f0d927fc10_0, 0;
T_0.1 ;
    %jmp T_0;
    .thread T_0;
# The file index is used to find the file name in the following table.
:file_names 3;
    "N/A";
    "<interactive>";
    "map9v3.v";
