#! /usr/bin/vvp
:ivl_version "10.3 (stable)";
:ivl_delay_selection "TYPICAL";
:vpi_time_precision - 11;
:vpi_module "system";
:vpi_module "vhdl_sys";
:vpi_module "v2005_math";
:vpi_module "va_math";
S_0x564f531932d0 .scope module, "testmux" "testmux" 2 3;
 .timescale -9 -11;
v0x564f531a3b90_0 .var "a", 0 0;
v0x564f531a3c50_0 .var "b", 0 0;
v0x564f531a3d20_0 .net "out", 0 0, v0x564f531a3950_0;  1 drivers
v0x564f531a3e20_0 .var "s", 0 0;
S_0x564f53193450 .scope module, "mymux" "mux2to1" 2 8, 3 1 0, S_0x564f531932d0;
 .timescale 0 0;
    .port_info 0 /INPUT 1 "in0"
    .port_info 1 /INPUT 1 "in1"
    .port_info 2 /INPUT 1 "s"
    .port_info 3 /OUTPUT 1 "out"
v0x564f5315d030_0 .net "in0", 0 0, v0x564f531a3b90_0;  1 drivers
v0x564f531a3890_0 .net "in1", 0 0, v0x564f531a3c50_0;  1 drivers
v0x564f531a3950_0 .var "out", 0 0;
v0x564f531a3a20_0 .net "s", 0 0, v0x564f531a3e20_0;  1 drivers
E_0x564f53193b50 .event edge, v0x564f531a3a20_0, v0x564f531a3890_0, v0x564f5315d030_0;
    .scope S_0x564f53193450;
T_0 ;
    %wait E_0x564f53193b50;
    %load/vec4 v0x564f531a3a20_0;
    %pad/u 32;
    %cmpi/e 0, 0, 32;
    %jmp/0xz  T_0.0, 4;
    %load/vec4 v0x564f5315d030_0;
    %store/vec4 v0x564f531a3950_0, 0, 1;
    %jmp T_0.1;
T_0.0 ;
    %load/vec4 v0x564f531a3890_0;
    %store/vec4 v0x564f531a3950_0, 0, 1;
T_0.1 ;
    %jmp T_0;
    .thread T_0, $push;
    .scope S_0x564f531932d0;
T_1 ;
    %vpi_call 2 12 "$dumpfile", "mux2to1.vcd" {0 0 0};
    %vpi_call 2 13 "$dumpvars", 32'sb00000000000000000000000000000000, S_0x564f531932d0 {0 0 0};
    %pushi/vec4 0, 0, 1;
    %store/vec4 v0x564f531a3b90_0, 0, 1;
    %pushi/vec4 1, 0, 1;
    %store/vec4 v0x564f531a3c50_0, 0, 1;
    %pushi/vec4 0, 0, 1;
    %store/vec4 v0x564f531a3e20_0, 0, 1;
    %delay 100, 0;
    %pushi/vec4 1, 0, 1;
    %store/vec4 v0x564f531a3b90_0, 0, 1;
    %delay 100, 0;
    %pushi/vec4 1, 0, 1;
    %store/vec4 v0x564f531a3e20_0, 0, 1;
    %pushi/vec4 0, 0, 1;
    %store/vec4 v0x564f531a3c50_0, 0, 1;
    %delay 100, 0;
    %vpi_call 2 23 "$finish" {0 0 0};
    %end;
    .thread T_1;
# The file index is used to find the file name in the following table.
:file_names 4;
    "N/A";
    "<interactive>";
    "mux2to1_tb.v";
    "mux2to1.v";
