Qflow placement logfile created on Mi 13. Mai 15:23:30 CEST 2020
Running vlog2Cel to generate input files for graywolf
vlog2Cel  -l  /usr/local/share/qflow/tech/osu035/osu035_stdcells.lef -u 100 -o /home/akash/Documents/DigitalLab/verilog_tasks/mux2to1/layout/mux2to1.cel /home/akash/Documents/DigitalLab/verilog_tasks/mux2to1/synthesis/mux2to1.rtlnopwr.v
No mux2to1.cel1 file found for project. . . no partial blockages to apply to layout.
No mux2to1.cel2 file found for project. . . continuing without pin placement hints
Running GrayWolf placement
graywolf  mux2to1

twflow version:2.1 date:Mon May 25 21:15:08 EDT 1992
Authors: Bill Swartz, Carl Sechen
         Yale University

syntax version:v1.1 date:Mon May 25 21:11:10 EDT 1992
TimberWolf System Syntax Checker
Authors: Carl Sechen, Kai-Win Lee, Bill Swartz,
         Dahe Chen, and Jimmy Lam
         Yale University

No syntax errors were found

syntax terminated normally with no errors and 0 warning[s]


----------------------------
Total stdcells     :4
Total cell width   :1.92e+03
Total cell height  :8.00e+03
Total cell area    :3.84e+06
Total core area    :3.84e+06
Average cell height:2.00e+03


nocut - replacement for Mincut version:v1.0 date:Mon May 25 21:09:40 EDT 1992
TimberWolf System Floorplan Setup Program
Authors: Carl Sechen, Bill Swartz,
         Yale University

Splitting mux2to1.cel into mux2to1.scel and mux2to1.mcel...
	done!


nocut - replacement for Mincut terminated normally with no errors and 0 warning[s]


TimberWolfMC version:v2.2 date:Mon May 25 21:18:34 EDT 1992
Authors: Carl Sechen, Bill Swartz, Kai-Win Lee
         Dahe Chen, and Jimmy Lam
         Yale University

config version:v1.0 date:Mon May 25 20:57:18 EDT 1992
Row configuration program
    Yale University


config switches:
	Graphics mode on
	config will inherit window



config terminated normally with no errors and 0 warning[s]


TimberWolfMC terminated normally with no errors and 0 warning[s]



TimberWolfSC switches:
	Graphics mode on
	TimberWolfSC will inherit window

TimberWolfSC version:v6.0 date:Mon May 25 21:19:07 EDT 1992
Row-Based Placement and Global Routing Program
Authors: Carl Sechen, Kai-Win Lee, and Bill Swartz,
         Yale University
  0 
  1   2   3   4   5   6   7   8   9  10  11  12  13  14  15 
 16  17  18  19  20  21  22  23  24  25  26  27  28  29  30 
 31  32  33  34  35  36  37  38  39  40  41  42  43  44  45 
 46  47  48  49  50  51  52  53  54  55  56  57  58  59  60 
 61  62  63  64  65  66  67  68  69  70  71  72  73  74  75 
 76  77  78  79  80  81  82  83  84  85  86  87  88  89  90 
 91  92  93  94  95  96  97  98  99 100 101 102 103 104 105 
106 107 108 109 110 111 112 113 114 115 116 117 118 119 120 
121 122 123 124 125 126 127 128 129 130 131 132 
 block left edge is at -399
 the longest block length is 1920
 building the steiner trees
 rebuilding the steiner tree

----start doing coarse global routing ------ 
 ITERATION  1

  longest Row is:1   Its length is:1920
 doing feed-through pins assignment
 building the net-tree now !
 set up the global routing grids
 the starting value of tracks =    4
 removing redundant feed-through pins
 the connectivity of all the nets is verified

 block left edge is at -399
 the longest block length is 1920
 building the steiner trees
 rebuilding the steiner tree

----start doing coarse global routing ------ 
 ITERATION  1

  longest Row is:1   Its length is:1920
 doing feed-through pins assignment
 building the net-tree now !
 set up the global routing grids
 the starting value of tracks =    4
 removing redundant feed-through pins
 the connectivity of all the nets is verified

 block left edge is at -399
 the longest block length is 1920
 building the steiner trees
 rebuilding the steiner tree

----start doing coarse global routing ------ 
 ITERATION  1

  longest Row is:1   Its length is:1920
 doing feed-through pins assignment
 building the net-tree now !
 set up the global routing grids
 the starting value of tracks =    4
 removing redundant feed-through pins
 the connectivity of all the nets is verified

 block left edge is at -399
 the longest block length is 1920
 building the steiner trees
 rebuilding the steiner tree

----start doing coarse global routing ------ 
 ITERATION  1

  longest Row is:1   Its length is:1920
 doing feed-through pins assignment
 building the net-tree now !
 set up the global routing grids
 the starting value of tracks =    4
 removing redundant feed-through pins
 the connectivity of all the nets is verified

 block left edge is at -399
 the longest block length is 1920
 building the steiner trees
 rebuilding the steiner tree

----start doing coarse global routing ------ 
 ITERATION  1

  longest Row is:1   Its length is:1920
 doing feed-through pins assignment
 building the net-tree now !
 set up the global routing grids
 the starting value of tracks =    4
 removing redundant feed-through pins
 the connectivity of all the nets is verified

 block left edge is at -399
 the longest block length is 1920
 building the steiner trees
 rebuilding the steiner tree

----start doing coarse global routing ------ 
 ITERATION  1

  longest Row is:1   Its length is:1920
 doing feed-through pins assignment
 building the net-tree now !
 set up the global routing grids
 the starting value of tracks =    4
 removing redundant feed-through pins
 the connectivity of all the nets is verified

 block left edge is at -399
 the longest block length is 1920
 building the steiner trees
 rebuilding the steiner tree

----start doing coarse global routing ------ 
 ITERATION  1

  longest Row is:1   Its length is:1920
 doing feed-through pins assignment
 building the net-tree now !
 set up the global routing grids
 the starting value of tracks =    4
 removing redundant feed-through pins
 the connectivity of all the nets is verified

 block left edge is at -399
 the longest block length is 1920
 building the steiner trees
 rebuilding the steiner tree

----start doing coarse global routing ------ 
 ITERATION  1

  longest Row is:1   Its length is:1920
 doing feed-through pins assignment
 building the net-tree now !
 set up the global routing grids
 the starting value of tracks =    4
 removing redundant feed-through pins
 the connectivity of all the nets is verified


***********************************************
*ACTUAL* FINAL NUMBER OF ROUTING TRACKS: 4
***********************************************


TimberWolfSC terminated normally with no errors and 0 warning[s]


twflow terminated normally with no errors and 0 warning[s]

Running getantennacell to determine cell to use for antenna anchors.
getantennacell.tcl mux2to1  /usr/local/share/qflow/tech/osu035/osu035_stdcells.lef 
Running getfillcell to determine cell to use for fill.
getfillcell.tcl mux2to1  /usr/local/share/qflow/tech/osu035/osu035_stdcells.lef FILL
Using cell FILL for fill
Running place2def to translate graywolf output to DEF format.
place2def.tcl mux2to1 FILL 
Running place2def.tcl
DEF database: 100 units per micron
Limits: xbot = -750.0 ybot = -200 xtop = 2030.0 ytop = 1800
Core values: 80 100 2000 2100
Offsets: 80 100
4 routing layers
11 horizontal tracks from 0.0 to 2200.0 step 200 (M1, M3, ...)
19 vertical tracks from -480.0 to 2560.0 step 160 (M2, M4, ...)
Summary: Total components = 4
  Fill cells  = 0
  Other cells = 4
Done with place2def.tcl
Running addspacers to generate power stripes and align cell right edge
addspacers -stripe 5.0 150.0 PG -p vdd -g gnd -f FILL -O  -l  /usr/local/share/qflow/tech/osu035/osu035_stdcells.lef -o mux2to1_filled.def mux2to1
Stripe pitch requested = 150, stripe pitch used = 150.4
Stripe width requested = 5, stripe width used = 6.4
Initial core layout: (80 100) to (2000 2100) (scale um * 100)
Stripe pitch reduced from 150 to 9.6 to fit in layout
Running arrangepins to adjust pin positions for optimal routing.
arrangepins.tcl  mux2to1
Reading info file mux2to1.info. . .
Reading DEF file mux2to1.def. . .
can't use empty string as operand of "-"
    while executing
"- $lastyrow $prevyrow"
    invoked from within
"if [regexp {[ \t]*END[ \t]+COMPONENTS} $line lmatch] {
	    set incomps false
	    if $debug {puts stdout "end components section"}

	    # Sort the r..."
    invoked from within
"if $innets {
	if [regexp {[ \t]*END[ \t]+NETS} $line lmatch] {
	    if $debug {puts stdout "end nets section"}
	    set innets false
	} elseif [regexp..."
    ("while" body line 24)
    invoked from within
"while {[gets $fdef line] >= 0} {
    if [regexp {[ \t]*#} $line lmatch] {
        continue
    } elseif [regexp {[ \t]*UNITS[ \t]+DISTANCE[ \t]+MICRON..."
    (file "/usr/local/share/qflow/scripts/arrangepins.tcl" line 99)
DEF2Verilog -v /home/akash/Documents/DigitalLab/verilog_tasks/mux2to1/synthesis/mux2to1.rtlnopwr.v -o /home/akash/Documents/DigitalLab/verilog_tasks/mux2to1/synthesis/mux2to1_anno.v
-p vdd -g gnd  -l  /usr/local/share/qflow/tech/osu035/osu035_stdcells.lef mux2to1.def

Generating RTL verilog and SPICE netlist file in directory
   /home/akash/Documents/DigitalLab/verilog_tasks/mux2to1/synthesis
Files:
   Verilog: /home/akash/Documents/DigitalLab/verilog_tasks/mux2to1/synthesis/mux2to1.rtl.v
   Verilog: /home/akash/Documents/DigitalLab/verilog_tasks/mux2to1/synthesis/mux2to1.rtlnopwr.v
   Verilog: /home/akash/Documents/DigitalLab/verilog_tasks/mux2to1/synthesis/mux2to1.rtlbb.v
   Spice:   /home/akash/Documents/DigitalLab/verilog_tasks/mux2to1/synthesis/mux2to1.spc

Running vlog2Verilog.
vlog2Verilog -c -v vdd -g gnd -o mux2to1.rtl.v mux2to1_anno.v
vlog2Verilog -c -p -v vdd -g gnd -o mux2to1.rtlnopwr.v mux2to1_anno.v
vlog2Verilog -c -b -p -n -v vdd -g gnd -o mux2to1.rtlbb.v mux2to1_anno.v
Running vlog2Spice.
vlog2Spice -i -l  /usr/local/share/qflow/tech/osu035/osu035_stdcells.sp -o mux2to1.spc mux2to1.rtl.v
Placement script ended on Mi 13. Mai 15:23:31 CEST 2020
