
Cell NAND2X1 disconnected node: A
Cell NAND2X1 disconnected node: B
Cell NAND2X1 disconnected node: gnd
Cell NAND2X1 disconnected node: Y
Cell NAND2X1 disconnected node: vdd

Subcircuit pins:
Circuit 1: NAND2X1                         |Circuit 2: NAND2X1                         
-------------------------------------------|-------------------------------------------
A                                          |A                                          
B                                          |B                                          
gnd                                        |gnd                                        
Y                                          |Y                                          
vdd                                        |vdd                                        
---------------------------------------------------------------------------------------
Cell pin lists are equivalent.
Device classes NAND2X1 and NAND2X1 are equivalent.

Cell AOI21X1 disconnected node: A
Cell AOI21X1 disconnected node: B
Cell AOI21X1 disconnected node: C
Cell AOI21X1 disconnected node: gnd
Cell AOI21X1 disconnected node: Y
Cell AOI21X1 disconnected node: vdd

Subcircuit pins:
Circuit 1: AOI21X1                         |Circuit 2: AOI21X1                         
-------------------------------------------|-------------------------------------------
A                                          |A                                          
B                                          |B                                          
C                                          |C                                          
gnd                                        |gnd                                        
Y                                          |Y                                          
vdd                                        |vdd                                        
---------------------------------------------------------------------------------------
Cell pin lists are equivalent.
Device classes AOI21X1 and AOI21X1 are equivalent.

Cell OR2X2 disconnected node: A
Cell OR2X2 disconnected node: B
Cell OR2X2 disconnected node: gnd
Cell OR2X2 disconnected node: Y
Cell OR2X2 disconnected node: vdd

Subcircuit pins:
Circuit 1: OR2X2                           |Circuit 2: OR2X2                           
-------------------------------------------|-------------------------------------------
A                                          |A                                          
B                                          |B                                          
gnd                                        |gnd                                        
Y                                          |Y                                          
vdd                                        |vdd                                        
---------------------------------------------------------------------------------------
Cell pin lists are equivalent.
Device classes OR2X2 and OR2X2 are equivalent.

Cell OAI21X1 disconnected node: A
Cell OAI21X1 disconnected node: B
Cell OAI21X1 disconnected node: C
Cell OAI21X1 disconnected node: gnd
Cell OAI21X1 disconnected node: Y
Cell OAI21X1 disconnected node: vdd

Subcircuit pins:
Circuit 1: OAI21X1                         |Circuit 2: OAI21X1                         
-------------------------------------------|-------------------------------------------
A                                          |A                                          
B                                          |B                                          
C                                          |C                                          
gnd                                        |gnd                                        
Y                                          |Y                                          
vdd                                        |vdd                                        
---------------------------------------------------------------------------------------
Cell pin lists are equivalent.
Device classes OAI21X1 and OAI21X1 are equivalent.

Cell NAND3X1 disconnected node: A
Cell NAND3X1 disconnected node: B
Cell NAND3X1 disconnected node: C
Cell NAND3X1 disconnected node: gnd
Cell NAND3X1 disconnected node: Y
Cell NAND3X1 disconnected node: vdd

Subcircuit pins:
Circuit 1: NAND3X1                         |Circuit 2: NAND3X1                         
-------------------------------------------|-------------------------------------------
A                                          |A                                          
B                                          |B                                          
C                                          |C                                          
gnd                                        |gnd                                        
Y                                          |Y                                          
vdd                                        |vdd                                        
---------------------------------------------------------------------------------------
Cell pin lists are equivalent.
Device classes NAND3X1 and NAND3X1 are equivalent.

Cell NOR3X1 disconnected node: A
Cell NOR3X1 disconnected node: B
Cell NOR3X1 disconnected node: C
Cell NOR3X1 disconnected node: gnd
Cell NOR3X1 disconnected node: Y
Cell NOR3X1 disconnected node: vdd

Subcircuit pins:
Circuit 1: NOR3X1                          |Circuit 2: NOR3X1                          
-------------------------------------------|-------------------------------------------
A                                          |A                                          
B                                          |B                                          
C                                          |C                                          
gnd                                        |gnd                                        
Y                                          |Y                                          
vdd                                        |vdd                                        
---------------------------------------------------------------------------------------
Cell pin lists are equivalent.
Device classes NOR3X1 and NOR3X1 are equivalent.

Cell NOR2X1 disconnected node: A
Cell NOR2X1 disconnected node: B
Cell NOR2X1 disconnected node: gnd
Cell NOR2X1 disconnected node: Y
Cell NOR2X1 disconnected node: vdd

Subcircuit pins:
Circuit 1: NOR2X1                          |Circuit 2: NOR2X1                          
-------------------------------------------|-------------------------------------------
A                                          |A                                          
B                                          |B                                          
gnd                                        |gnd                                        
Y                                          |Y                                          
vdd                                        |vdd                                        
---------------------------------------------------------------------------------------
Cell pin lists are equivalent.
Device classes NOR2X1 and NOR2X1 are equivalent.

Cell INVX1 disconnected node: A
Cell INVX1 disconnected node: gnd
Cell INVX1 disconnected node: Y
Cell INVX1 disconnected node: vdd

Subcircuit pins:
Circuit 1: INVX1                           |Circuit 2: INVX1                           
-------------------------------------------|-------------------------------------------
A                                          |A                                          
gnd                                        |gnd                                        
Y                                          |Y                                          
vdd                                        |vdd                                        
---------------------------------------------------------------------------------------
Cell pin lists are equivalent.
Device classes INVX1 and INVX1 are equivalent.

Cell OAI22X1 disconnected node: A
Cell OAI22X1 disconnected node: B
Cell OAI22X1 disconnected node: C
Cell OAI22X1 disconnected node: D
Cell OAI22X1 disconnected node: gnd
Cell OAI22X1 disconnected node: Y
Cell OAI22X1 disconnected node: vdd

Subcircuit pins:
Circuit 1: OAI22X1                         |Circuit 2: OAI22X1                         
-------------------------------------------|-------------------------------------------
A                                          |A                                          
B                                          |B                                          
C                                          |C                                          
D                                          |D                                          
gnd                                        |gnd                                        
Y                                          |Y                                          
vdd                                        |vdd                                        
---------------------------------------------------------------------------------------
Cell pin lists are equivalent.
Device classes OAI22X1 and OAI22X1 are equivalent.

Cell AOI22X1 disconnected node: A
Cell AOI22X1 disconnected node: B
Cell AOI22X1 disconnected node: C
Cell AOI22X1 disconnected node: D
Cell AOI22X1 disconnected node: gnd
Cell AOI22X1 disconnected node: Y
Cell AOI22X1 disconnected node: vdd

Subcircuit pins:
Circuit 1: AOI22X1                         |Circuit 2: AOI22X1                         
-------------------------------------------|-------------------------------------------
A                                          |A                                          
B                                          |B                                          
C                                          |C                                          
D                                          |D                                          
gnd                                        |gnd                                        
Y                                          |Y                                          
vdd                                        |vdd                                        
---------------------------------------------------------------------------------------
Cell pin lists are equivalent.
Device classes AOI22X1 and AOI22X1 are equivalent.

Cell AND2X2 disconnected node: A
Cell AND2X2 disconnected node: B
Cell AND2X2 disconnected node: gnd
Cell AND2X2 disconnected node: Y
Cell AND2X2 disconnected node: vdd

Subcircuit pins:
Circuit 1: AND2X2                          |Circuit 2: AND2X2                          
-------------------------------------------|-------------------------------------------
A                                          |A                                          
B                                          |B                                          
gnd                                        |gnd                                        
Y                                          |Y                                          
vdd                                        |vdd                                        
---------------------------------------------------------------------------------------
Cell pin lists are equivalent.
Device classes AND2X2 and AND2X2 are equivalent.

Cell BUFX2 disconnected node: A
Cell BUFX2 disconnected node: gnd
Cell BUFX2 disconnected node: Y
Cell BUFX2 disconnected node: vdd

Subcircuit pins:
Circuit 1: BUFX2                           |Circuit 2: BUFX2                           
-------------------------------------------|-------------------------------------------
A                                          |A                                          
gnd                                        |gnd                                        
Y                                          |Y                                          
vdd                                        |vdd                                        
---------------------------------------------------------------------------------------
Cell pin lists are equivalent.
Device classes BUFX2 and BUFX2 are equivalent.

Cell INVX2 disconnected node: A
Cell INVX2 disconnected node: gnd
Cell INVX2 disconnected node: Y
Cell INVX2 disconnected node: vdd

Subcircuit pins:
Circuit 1: INVX2                           |Circuit 2: INVX2                           
-------------------------------------------|-------------------------------------------
A                                          |A                                          
gnd                                        |gnd                                        
Y                                          |Y                                          
vdd                                        |vdd                                        
---------------------------------------------------------------------------------------
Cell pin lists are equivalent.
Device classes INVX2 and INVX2 are equivalent.

Cell INVX4 disconnected node: A
Cell INVX4 disconnected node: gnd
Cell INVX4 disconnected node: Y
Cell INVX4 disconnected node: vdd

Subcircuit pins:
Circuit 1: INVX4                           |Circuit 2: INVX4                           
-------------------------------------------|-------------------------------------------
A                                          |A                                          
gnd                                        |gnd                                        
Y                                          |Y                                          
vdd                                        |vdd                                        
---------------------------------------------------------------------------------------
Cell pin lists are equivalent.
Device classes INVX4 and INVX4 are equivalent.

Cell XNOR2X1 disconnected node: A
Cell XNOR2X1 disconnected node: B
Cell XNOR2X1 disconnected node: gnd
Cell XNOR2X1 disconnected node: Y
Cell XNOR2X1 disconnected node: vdd

Subcircuit pins:
Circuit 1: XNOR2X1                         |Circuit 2: XNOR2X1                         
-------------------------------------------|-------------------------------------------
A                                          |A                                          
B                                          |B                                          
gnd                                        |gnd                                        
Y                                          |Y                                          
vdd                                        |vdd                                        
---------------------------------------------------------------------------------------
Cell pin lists are equivalent.
Device classes XNOR2X1 and XNOR2X1 are equivalent.

Cell XOR2X1 disconnected node: A
Cell XOR2X1 disconnected node: B
Cell XOR2X1 disconnected node: gnd
Cell XOR2X1 disconnected node: Y
Cell XOR2X1 disconnected node: vdd

Subcircuit pins:
Circuit 1: XOR2X1                          |Circuit 2: XOR2X1                          
-------------------------------------------|-------------------------------------------
A                                          |A                                          
B                                          |B                                          
gnd                                        |gnd                                        
Y                                          |Y                                          
vdd                                        |vdd                                        
---------------------------------------------------------------------------------------
Cell pin lists are equivalent.
Device classes XOR2X1 and XOR2X1 are equivalent.

Subcircuit summary:
Circuit 1: alu                             |Circuit 2: alu                             
-------------------------------------------|-------------------------------------------
NAND2X1 (78)                               |NAND2X1 (78)                               
NAND3X1 (44)                               |NAND3X1 (44)                               
OAI21X1 (83)                               |OAI21X1 (83)                               
NOR2X1 (86)                                |NOR2X1 (86)                                
OR2X2 (11)                                 |OR2X2 (11)                                 
AOI22X1 (8)                                |AOI22X1 (8)                                
INVX1 (68)                                 |INVX1 (68)                                 
BUFX2 (18)                                 |BUFX2 (18)                                 
AOI21X1 (62)                               |AOI21X1 (62)                               
AND2X2 (22)                                |AND2X2 (22)                                
OAI22X1 (21)                               |OAI22X1 (21)                               
NOR3X1 (7)                                 |NOR3X1 (7)                                 
INVX2 (8)                                  |INVX2 (8)                                  
XOR2X1 (1)                                 |XOR2X1 (1)                                 
INVX4 (1)                                  |INVX4 (1)                                  
XNOR2X1 (1)                                |XNOR2X1 (1)                                
Number of devices: 519                     |Number of devices: 519                     
Number of nets: 557                        |Number of nets: 557                        
---------------------------------------------------------------------------------------
Circuits match uniquely.
Netlists match uniquely.

Subcircuit pins:
Circuit 1: alu                             |Circuit 2: alu                             
-------------------------------------------|-------------------------------------------
b[1]                                       |b[1]                                       
alu_output[12]                             |alu_output[12]                             
alu_output[9]                              |alu_output[9]                              
alu_output[3]                              |alu_output[3]                              
alu_output[0]                              |alu_output[0]                              
alu_output[14]                             |alu_output[14]                             
alu_output[10]                             |alu_output[10]                             
alu_output[7]                              |alu_output[7]                              
alu_output[4]                              |alu_output[4]                              
carryout                                   |carryout                                   
zero_flag                                  |zero_flag                                  
alu_output[1]                              |alu_output[1]                              
alu_output[5]                              |alu_output[5]                              
alu_output[6]                              |alu_output[6]                              
alu_output[2]                              |alu_output[2]                              
alu_output[8]                              |alu_output[8]                              
alu_output[13]                             |alu_output[13]                             
alu_output[11]                             |alu_output[11]                             
alu_output[15]                             |alu_output[15]                             
a[7]                                       |a[7]                                       
a[1]                                       |a[1]                                       
a[3]                                       |a[3]                                       
a[5]                                       |a[5]                                       
b[13]                                      |b[13]                                      
b[7]                                       |b[7]                                       
b[3]                                       |b[3]                                       
a[9]                                       |a[9]                                       
a[4]                                       |a[4]                                       
b[0]                                       |b[0]                                       
op_code[2]                                 |op_code[2]                                 
b[10]                                      |b[10]                                      
b[11]                                      |b[11]                                      
vdd                                        |vdd                                        
gnd                                        |gnd                                        
a[8]                                       |a[8]                                       
b[8]                                       |b[8]                                       
a[12]                                      |a[12]                                      
a[14]                                      |a[14]                                      
a[11]                                      |a[11]                                      
op_code[3]                                 |op_code[3]                                 
a[10]                                      |a[10]                                      
a[0]                                       |a[0]                                       
op_code[0]                                 |op_code[0]                                 
b[9]                                       |b[9]                                       
b[5]                                       |b[5]                                       
a[13]                                      |a[13]                                      
b[6]                                       |b[6]                                       
a[6]                                       |a[6]                                       
b[4]                                       |b[4]                                       
b[14]                                      |b[14]                                      
a[2]                                       |a[2]                                       
b[2]                                       |b[2]                                       
op_code[1]                                 |op_code[1]                                 
a[15]                                      |a[15]                                      
b[15]                                      |b[15]                                      
b[12]                                      |b[12]                                      
---------------------------------------------------------------------------------------
Cell pin lists are equivalent.
Device classes alu and alu are equivalent.
Circuits match uniquely.
