Qflow placement logfile created on Sun Aug 9 18:42:27 CEST 2020
Running vlog2Cel to generate input files for graywolf
vlog2Cel  -l  /usr/local/share/qflow/tech/osu035/osu035_stdcells.lef -u 100 -o /home/rabby/digital_design_lab/lab_04/layout/uProcessor.cel /home/rabby/digital_design_lab/lab_04/synthesis/uProcessor.rtlnopwr.v
No uProcessor.cel1 file found for project. . . no partial blockages to apply to layout.
No uProcessor.cel2 file found for project. . . continuing without pin placement hints
Running GrayWolf placement
graywolf  uProcessor

twflow version:2.1 date:Mon May 25 21:15:08 EDT 1992
Authors: Bill Swartz, Carl Sechen
         Yale University

syntax version:v1.1 date:Mon May 25 21:11:10 EDT 1992
TimberWolf System Syntax Checker
Authors: Carl Sechen, Kai-Win Lee, Bill Swartz,
         Dahe Chen, and Jimmy Lam
         Yale University

Read   50 objects so far...
Read  100 objects so far...
Read  150 objects so far...
Read  200 objects so far...
Read  250 objects so far...
Read  300 objects so far...
Read  350 objects so far...
Read  400 objects so far...
Read  450 objects so far...
Read  500 objects so far...
Read  550 objects so far...
Read  600 objects so far...
Read  650 objects so far...
Read  700 objects so far...
Read  750 objects so far...
Read  800 objects so far...
Read  850 objects so far...
Read  900 objects so far...
Read  950 objects so far...
Read 1000 objects so far...
Read 1050 objects so far...
Read 1100 objects so far...
Read 1150 objects so far...
Read 1200 objects so far...
Read 1250 objects so far...
Read 1300 objects so far...
Read 1350 objects so far...
Read 1400 objects so far...
Read 1450 objects so far...
Read 1500 objects so far...
Read 1550 objects so far...
Read 1600 objects so far...
Read 1650 objects so far...
Read 1700 objects so far...
Read 1750 objects so far...
Read 1800 objects so far...
Read 1850 objects so far...
Read 1900 objects so far...
Read 1950 objects so far...
Read 2000 objects so far...
Read 2050 objects so far...
Read 2100 objects so far...
Read 2150 objects so far...
Read 2200 objects so far...
Read 2250 objects so far...
Read 2300 objects so far...
Read 2350 objects so far...
Read 2400 objects so far...
Read 2450 objects so far...
Read 2500 objects so far...
Read 2550 objects so far...
Read 2600 objects so far...
Read 2650 objects so far...
Read 2700 objects so far...
Read 2750 objects so far...
Read 2800 objects so far...
Read 2850 objects so far...
Read 2900 objects so far...
No syntax errors were found

syntax terminated normally with no errors and 0 warning[s]


----------------------------
Total stdcells     :2853
Total cell width   :1.92e+06
Total cell height  :5.71e+06
Total cell area    :3.84e+09
Total core area    :3.84e+09
Average cell height:2.00e+03


nocut - replacement for Mincut version:v1.0 date:Mon May 25 21:09:40 EDT 1992
TimberWolf System Floorplan Setup Program
Authors: Carl Sechen, Bill Swartz,
         Yale University

Read   50 objects so far...
Read  100 objects so far...
Read  150 objects so far...
Read  200 objects so far...
Read  250 objects so far...
Read  300 objects so far...
Read  350 objects so far...
Read  400 objects so far...
Read  450 objects so far...
Read  500 objects so far...
Read  550 objects so far...
Read  600 objects so far...
Read  650 objects so far...
Read  700 objects so far...
Read  750 objects so far...
Read  800 objects so far...
Read  850 objects so far...
Read  900 objects so far...
Read  950 objects so far...
Read 1000 objects so far...
Read 1050 objects so far...
Read 1100 objects so far...
Read 1150 objects so far...
Read 1200 objects so far...
Read 1250 objects so far...
Read 1300 objects so far...
Read 1350 objects so far...
Read 1400 objects so far...
Read 1450 objects so far...
Read 1500 objects so far...
Read 1550 objects so far...
Read 1600 objects so far...
Read 1650 objects so far...
Read 1700 objects so far...
Read 1750 objects so far...
Read 1800 objects so far...
Read 1850 objects so far...
Read 1900 objects so far...
Read 1950 objects so far...
Read 2000 objects so far...
Read 2050 objects so far...
Read 2100 objects so far...
Read 2150 objects so far...
Read 2200 objects so far...
Read 2250 objects so far...
Read 2300 objects so far...
Read 2350 objects so far...
Read 2400 objects so far...
Read 2450 objects so far...
Read 2500 objects so far...
Read 2550 objects so far...
Read 2600 objects so far...
Read 2650 objects so far...
Read 2700 objects so far...
Read 2750 objects so far...
Read 2800 objects so far...
Read 2850 objects so far...
Read 2900 objects so far...
Splitting uProcessor.cel into uProcessor.scel and uProcessor.mcel...
	done!


nocut - replacement for Mincut terminated normally with no errors and 0 warning[s]


TimberWolfMC version:v2.2 date:Mon May 25 21:18:34 EDT 1992
Authors: Carl Sechen, Bill Swartz, Kai-Win Lee
         Dahe Chen, and Jimmy Lam
         Yale University

config version:v1.0 date:Mon May 25 20:57:18 EDT 1992
Row configuration program
    Yale University


config switches:
	Graphics mode on
	config will inherit window



config terminated normally with no errors and 0 warning[s]


TimberWolfMC terminated normally with no errors and 0 warning[s]

WARNING[findcost]:Net <gnd> has 170 pins


TimberWolfSC switches:
	Graphics mode on
	TimberWolfSC will inherit window

TimberWolfSC version:v6.0 date:Mon May 25 21:19:07 EDT 1992
Row-Based Placement and Global Routing Program
Authors: Carl Sechen, Kai-Win Lee, and Bill Swartz,
         Yale University
  0 
  1   2   3   4   5   6   7   8   9  10  11  12  13  14  15 
 16  17  18  19  20  21  22  23  24  25  26  27  28  29  30 
 31  32  33  34  35  36  37  38  39  40  41  42  43  44  45 
 46  47  48  49  50  51  52  53  54  55  56  57  58  59  60 
 61  62  63  64  65  66  67  68  69  70  71  72  73  74  75 
 76  77  78  79  80  81  82  83  84  85  86  87  88  89  90 
 91  92  93  94  95  96  97  98  99 100 101 102 103 104 105 
106 107 108 109 110 111 112 113 114 115 116 117 118 119 120 
121 122 123 124 125 126 127 128 129 130 131 132 133 134 135 
136 137 138 139 140 141 142 143 144 145 146 147 148 149 150 
151 152 153 154 155 156 157 158 
 block left edge is at -399
 the longest block length is 72160
 building the steiner trees
 rebuilding the steiner tree

----start doing coarse global routing ------ 
 ITERATION  1

  longest Row is:18   Its length is:71360
 doing feed-through pins assignment
 building the net-tree now !
 set up the global routing grids
 the starting value of tracks =  372
 tracks = 359 at attempts =  1000
 tracks = 346 at attempts =  2000
 tracks = 344 at attempts =  3000
 tracks = 338 at attempts =  4000
 tracks = 333 at attempts =  5000
 tracks = 331 at attempts =  6000
 tracks = 329 at attempts =  7000
 tracks = 328 at attempts =  8000
 tracks = 326 at attempts =  9000
 tracks = 326 at attempts = 10000
 tracks = 325 at attempts = 11000
 tracks = 325 at attempts = 12000
 tracks = 325 at attempts = 13000
 tracks = 324 at attempts = 14000
 tracks = 324 at attempts = 15000
 tracks = 324 at attempts = 16000
 tracks = 324 at attempts = 17000
 tracks = 324 at attempts = 18000
 tracks = 324 at attempts = 19000
 tracks = 324 at attempts = 20000
 tracks = 324 at attempts = 21000
 tracks = 324 at attempts = 22000
 tracks = 324 at attempts = 23000
 tracks = 324 at attempts = 24000
 tracks = 324 at attempts = 25000
 tracks = 324 at attempts = 26000
 tracks = 324 at attempts = 27000
 tracks = 324 at attempts = 28000
 tracks = 324 at attempts = 29000
 tracks = 324 at attempts = 30000
 tracks = 324 at attempts = 31000
 tracks = 324 at attempts = 32000
 tracks = 324 at attempts = 33000
 tracks = 324 at attempts = 34000
 tracks = 324 at attempts = 35000
 tracks = 324 at attempts = 36000
 tracks = 324 at attempts = 37000
 tracks = 324 at attempts = 38000
 tracks = 324 at attempts = 39000
 tracks = 324 at attempts = 40000
 tracks = 324 at attempts = 41000
 tracks = 324 at attempts = 42000
 tracks = 324 at attempts = 43000
 tracks = 324 at attempts = 44000
 tracks = 324 at attempts = 45000
 tracks = 324 at attempts = 46000
 tracks = 324 at attempts = 47000
 tracks = 324 at attempts = 48000
 tracks = 324 at attempts = 49000
 tracks = 324 at attempts = 50000
 tracks = 324 at attempts = 51000
 tracks = 324 at attempts = 52000
 tracks = 324 at attempts = 53000
 tracks = 324 at attempts = 54000
 tracks = 324 at attempts = 55000
 tracks = 324 at attempts = 56000
 tracks = 324 at attempts = 57000
 tracks = 324 at attempts = 58000
 tracks = 324 at attempts = 59000
 tracks = 324 at attempts = 60000
 tracks = 324 at attempts = 61000
 tracks = 324 at attempts = 62000
 tracks = 324 at attempts = 63000
 tracks = 324 at attempts = 64000
 tracks = 324 at attempts = 65000
 tracks = 324 at attempts = 66000
 tracks = 324 at attempts = 67000
 tracks = 324 at attempts = 68000
 tracks = 324 at attempts = 69000
 tracks = 324 at attempts = 70000
 tracks = 324 at attempts = 71000
 removing redundant feed-through pins
 the connectivity of all the nets is verified

 block left edge is at -399
 the longest block length is 72160
 building the steiner trees
 rebuilding the steiner tree

----start doing coarse global routing ------ 
 ITERATION  1

  longest Row is:18   Its length is:71360
 doing feed-through pins assignment
 building the net-tree now !
 set up the global routing grids
 the starting value of tracks =  357
 tracks = 342 at attempts =  1000
 tracks = 333 at attempts =  2000
 tracks = 328 at attempts =  3000
 tracks = 325 at attempts =  4000
 tracks = 323 at attempts =  5000
 tracks = 321 at attempts =  6000
 tracks = 316 at attempts =  7000
 tracks = 316 at attempts =  8000
 tracks = 314 at attempts =  9000
 tracks = 313 at attempts = 10000
 tracks = 313 at attempts = 11000
 tracks = 313 at attempts = 12000
 tracks = 313 at attempts = 13000
 tracks = 313 at attempts = 14000
 tracks = 313 at attempts = 15000
 tracks = 313 at attempts = 16000
 tracks = 313 at attempts = 17000
 tracks = 313 at attempts = 18000
 tracks = 312 at attempts = 19000
 tracks = 312 at attempts = 20000
 tracks = 312 at attempts = 21000
 tracks = 312 at attempts = 22000
 tracks = 311 at attempts = 23000
 tracks = 311 at attempts = 24000
 tracks = 311 at attempts = 25000
 tracks = 311 at attempts = 26000
 tracks = 311 at attempts = 27000
 tracks = 311 at attempts = 28000
 tracks = 311 at attempts = 29000
 tracks = 311 at attempts = 30000
 tracks = 311 at attempts = 31000
 tracks = 311 at attempts = 32000
 tracks = 311 at attempts = 33000
 tracks = 311 at attempts = 34000
 tracks = 311 at attempts = 35000
 tracks = 311 at attempts = 36000
 tracks = 311 at attempts = 37000
 tracks = 311 at attempts = 38000
 tracks = 311 at attempts = 39000
 tracks = 311 at attempts = 40000
 tracks = 311 at attempts = 41000
 tracks = 311 at attempts = 42000
 tracks = 311 at attempts = 43000
 tracks = 311 at attempts = 44000
 tracks = 311 at attempts = 45000
 tracks = 311 at attempts = 46000
 tracks = 311 at attempts = 47000
 tracks = 311 at attempts = 48000
 tracks = 311 at attempts = 49000
 tracks = 311 at attempts = 50000
 tracks = 311 at attempts = 51000
 tracks = 310 at attempts = 52000
 tracks = 310 at attempts = 53000
 tracks = 310 at attempts = 54000
 tracks = 310 at attempts = 55000
 tracks = 310 at attempts = 56000
 tracks = 310 at attempts = 57000
 tracks = 310 at attempts = 58000
 tracks = 310 at attempts = 59000
 tracks = 310 at attempts = 60000
 tracks = 310 at attempts = 61000
 tracks = 310 at attempts = 62000
 tracks = 310 at attempts = 63000
 tracks = 310 at attempts = 64000
 tracks = 310 at attempts = 65000
 tracks = 310 at attempts = 66000
 tracks = 310 at attempts = 67000
 tracks = 310 at attempts = 68000
 tracks = 310 at attempts = 69000
 tracks = 310 at attempts = 70000
 tracks = 310 at attempts = 71000
 removing redundant feed-through pins
 the connectivity of all the nets is verified

 block left edge is at -399
 the longest block length is 72160
 building the steiner trees
 rebuilding the steiner tree

----start doing coarse global routing ------ 
 ITERATION  1

  longest Row is:18   Its length is:71360
 doing feed-through pins assignment
 building the net-tree now !
 set up the global routing grids
 the starting value of tracks =  364
 tracks = 349 at attempts =  1000
 tracks = 343 at attempts =  2000
 tracks = 339 at attempts =  3000
 tracks = 336 at attempts =  4000
 tracks = 333 at attempts =  5000
 tracks = 332 at attempts =  6000
 tracks = 332 at attempts =  7000
 tracks = 331 at attempts =  8000
 tracks = 331 at attempts =  9000
 tracks = 330 at attempts = 10000
 tracks = 330 at attempts = 11000
 tracks = 330 at attempts = 12000
 tracks = 330 at attempts = 13000
 tracks = 330 at attempts = 14000
 tracks = 330 at attempts = 15000
 tracks = 330 at attempts = 16000
 tracks = 329 at attempts = 17000
 tracks = 329 at attempts = 18000
 tracks = 329 at attempts = 19000
 tracks = 329 at attempts = 20000
 tracks = 329 at attempts = 21000
 tracks = 329 at attempts = 22000
 tracks = 329 at attempts = 23000
 tracks = 329 at attempts = 24000
 tracks = 329 at attempts = 25000
 tracks = 329 at attempts = 26000
 tracks = 328 at attempts = 27000
 tracks = 328 at attempts = 28000
 tracks = 328 at attempts = 29000
 tracks = 328 at attempts = 30000
 tracks = 328 at attempts = 31000
 tracks = 328 at attempts = 32000
 tracks = 328 at attempts = 33000
 tracks = 328 at attempts = 34000
 tracks = 328 at attempts = 35000
 tracks = 328 at attempts = 36000
 tracks = 328 at attempts = 37000
 tracks = 328 at attempts = 38000
 tracks = 328 at attempts = 39000
 tracks = 328 at attempts = 40000
 tracks = 328 at attempts = 41000
 tracks = 328 at attempts = 42000
 tracks = 328 at attempts = 43000
 tracks = 328 at attempts = 44000
 tracks = 328 at attempts = 45000
 tracks = 328 at attempts = 46000
 tracks = 328 at attempts = 47000
 tracks = 328 at attempts = 48000
 tracks = 328 at attempts = 49000
 tracks = 328 at attempts = 50000
 tracks = 328 at attempts = 51000
 tracks = 328 at attempts = 52000
 tracks = 328 at attempts = 53000
 tracks = 328 at attempts = 54000
 tracks = 328 at attempts = 55000
 tracks = 328 at attempts = 56000
 tracks = 328 at attempts = 57000
 tracks = 328 at attempts = 58000
 tracks = 328 at attempts = 59000
 tracks = 328 at attempts = 60000
 tracks = 328 at attempts = 61000
 tracks = 328 at attempts = 62000
 tracks = 328 at attempts = 63000
 tracks = 328 at attempts = 64000
 tracks = 328 at attempts = 65000
 tracks = 328 at attempts = 66000
 tracks = 328 at attempts = 67000
 tracks = 328 at attempts = 68000
 tracks = 328 at attempts = 69000
 tracks = 328 at attempts = 70000
 tracks = 328 at attempts = 71000
 removing redundant feed-through pins
 the connectivity of all the nets is verified

 block left edge is at -399
 the longest block length is 72160
 building the steiner trees
 rebuilding the steiner tree

----start doing coarse global routing ------ 
 ITERATION  1

  longest Row is:18   Its length is:71360
 doing feed-through pins assignment
 building the net-tree now !
 set up the global routing grids
 the starting value of tracks =  392
 tracks = 391 at attempts =  1000
 tracks = 390 at attempts =  2000
 tracks = 390 at attempts =  3000
 tracks = 390 at attempts =  4000
 tracks = 390 at attempts =  5000
 tracks = 390 at attempts =  6000
 tracks = 390 at attempts =  7000
 tracks = 389 at attempts =  8000
 tracks = 388 at attempts =  9000
 tracks = 388 at attempts = 10000
 tracks = 388 at attempts = 11000
 tracks = 388 at attempts = 12000
 tracks = 388 at attempts = 13000
 tracks = 388 at attempts = 14000
 tracks = 388 at attempts = 15000
 tracks = 388 at attempts = 16000
 tracks = 388 at attempts = 17000
 tracks = 388 at attempts = 18000
 tracks = 388 at attempts = 19000
 tracks = 388 at attempts = 20000
 tracks = 388 at attempts = 21000
 tracks = 388 at attempts = 22000
 tracks = 388 at attempts = 23000
 tracks = 388 at attempts = 24000
 tracks = 388 at attempts = 25000
 tracks = 388 at attempts = 26000
 tracks = 388 at attempts = 27000
 tracks = 388 at attempts = 28000
 tracks = 388 at attempts = 29000
 tracks = 388 at attempts = 30000
 tracks = 388 at attempts = 31000
 tracks = 388 at attempts = 32000
 tracks = 388 at attempts = 33000
 tracks = 388 at attempts = 34000
 tracks = 388 at attempts = 35000
 tracks = 388 at attempts = 36000
 tracks = 388 at attempts = 37000
 tracks = 388 at attempts = 38000
 tracks = 388 at attempts = 39000
 tracks = 388 at attempts = 40000
 tracks = 388 at attempts = 41000
 tracks = 388 at attempts = 42000
 tracks = 388 at attempts = 43000
 tracks = 388 at attempts = 44000
 tracks = 388 at attempts = 45000
 tracks = 388 at attempts = 46000
 tracks = 388 at attempts = 47000
 tracks = 388 at attempts = 48000
 tracks = 388 at attempts = 49000
 tracks = 388 at attempts = 50000
 tracks = 388 at attempts = 51000
 tracks = 388 at attempts = 52000
 tracks = 388 at attempts = 53000
 tracks = 388 at attempts = 54000
 tracks = 388 at attempts = 55000
 tracks = 388 at attempts = 56000
 tracks = 388 at attempts = 57000
 tracks = 388 at attempts = 58000
 tracks = 388 at attempts = 59000
 tracks = 388 at attempts = 60000
 tracks = 388 at attempts = 61000
 tracks = 388 at attempts = 62000
 tracks = 388 at attempts = 63000
 tracks = 388 at attempts = 64000
 tracks = 388 at attempts = 65000
 tracks = 388 at attempts = 66000
 tracks = 388 at attempts = 67000
 tracks = 388 at attempts = 68000
 tracks = 388 at attempts = 69000
 tracks = 388 at attempts = 70000
 tracks = 388 at attempts = 71000
 removing redundant feed-through pins
 the connectivity of all the nets is verified

 block left edge is at -399
 the longest block length is 72160
 building the steiner trees
 rebuilding the steiner tree

----start doing coarse global routing ------ 
 ITERATION  1

  longest Row is:18   Its length is:71360
 doing feed-through pins assignment
 building the net-tree now !
 set up the global routing grids
 the starting value of tracks =  365
 tracks = 355 at attempts =  1000
 tracks = 346 at attempts =  2000
 tracks = 335 at attempts =  3000
 tracks = 331 at attempts =  4000
 tracks = 328 at attempts =  5000
 tracks = 324 at attempts =  6000
 tracks = 321 at attempts =  7000
 tracks = 320 at attempts =  8000
 tracks = 318 at attempts =  9000
 tracks = 317 at attempts = 10000
 tracks = 317 at attempts = 11000
 tracks = 317 at attempts = 12000
 tracks = 316 at attempts = 13000
 tracks = 315 at attempts = 14000
 tracks = 315 at attempts = 15000
 tracks = 315 at attempts = 16000
 tracks = 315 at attempts = 17000
 tracks = 315 at attempts = 18000
 tracks = 315 at attempts = 19000
 tracks = 315 at attempts = 20000
 tracks = 315 at attempts = 21000
 tracks = 315 at attempts = 22000
 tracks = 315 at attempts = 23000
 tracks = 315 at attempts = 24000
 tracks = 315 at attempts = 25000
 tracks = 315 at attempts = 26000
 tracks = 315 at attempts = 27000
 tracks = 314 at attempts = 28000
 tracks = 314 at attempts = 29000
 tracks = 314 at attempts = 30000
 tracks = 314 at attempts = 31000
 tracks = 314 at attempts = 32000
 tracks = 313 at attempts = 33000
 tracks = 313 at attempts = 34000
 tracks = 313 at attempts = 35000
 tracks = 312 at attempts = 36000
 tracks = 312 at attempts = 37000
 tracks = 312 at attempts = 38000
 tracks = 312 at attempts = 39000
 tracks = 312 at attempts = 40000
 tracks = 312 at attempts = 41000
 tracks = 312 at attempts = 42000
 tracks = 312 at attempts = 43000
 tracks = 312 at attempts = 44000
 tracks = 312 at attempts = 45000
 tracks = 312 at attempts = 46000
 tracks = 312 at attempts = 47000
 tracks = 312 at attempts = 48000
 tracks = 312 at attempts = 49000
 tracks = 312 at attempts = 50000
 tracks = 312 at attempts = 51000
 tracks = 312 at attempts = 52000
 tracks = 312 at attempts = 53000
 tracks = 312 at attempts = 54000
 tracks = 312 at attempts = 55000
 tracks = 312 at attempts = 56000
 tracks = 312 at attempts = 57000
 tracks = 312 at attempts = 58000
 tracks = 312 at attempts = 59000
 tracks = 312 at attempts = 60000
 tracks = 312 at attempts = 61000
 tracks = 312 at attempts = 62000
 tracks = 312 at attempts = 63000
 tracks = 312 at attempts = 64000
 tracks = 312 at attempts = 65000
 tracks = 312 at attempts = 66000
 tracks = 312 at attempts = 67000
 tracks = 312 at attempts = 68000
 tracks = 312 at attempts = 69000
 tracks = 312 at attempts = 70000
 tracks = 312 at attempts = 71000
 removing redundant feed-through pins
 the connectivity of all the nets is verified

 block left edge is at -399
 the longest block length is 72160
 building the steiner trees
 rebuilding the steiner tree

----start doing coarse global routing ------ 
 ITERATION  1

  longest Row is:18   Its length is:71360
 doing feed-through pins assignment
 building the net-tree now !
 set up the global routing grids
 the starting value of tracks =  353
 tracks = 344 at attempts =  1000
 tracks = 332 at attempts =  2000
 tracks = 328 at attempts =  3000
 tracks = 322 at attempts =  4000
 tracks = 319 at attempts =  5000
 tracks = 316 at attempts =  6000
 tracks = 315 at attempts =  7000
 tracks = 315 at attempts =  8000
 tracks = 312 at attempts =  9000
 tracks = 312 at attempts = 10000
 tracks = 310 at attempts = 11000
 tracks = 310 at attempts = 12000
 tracks = 310 at attempts = 13000
 tracks = 310 at attempts = 14000
 tracks = 310 at attempts = 15000
 tracks = 309 at attempts = 16000
 tracks = 309 at attempts = 17000
 tracks = 309 at attempts = 18000
 tracks = 308 at attempts = 19000
 tracks = 308 at attempts = 20000
 tracks = 308 at attempts = 21000
 tracks = 308 at attempts = 22000
 tracks = 308 at attempts = 23000
 tracks = 308 at attempts = 24000
 tracks = 308 at attempts = 25000
 tracks = 308 at attempts = 26000
 tracks = 308 at attempts = 27000
 tracks = 308 at attempts = 28000
 tracks = 308 at attempts = 29000
 tracks = 308 at attempts = 30000
 tracks = 308 at attempts = 31000
 tracks = 308 at attempts = 32000
 tracks = 308 at attempts = 33000
 tracks = 308 at attempts = 34000
 tracks = 308 at attempts = 35000
 tracks = 308 at attempts = 36000
 tracks = 308 at attempts = 37000
 tracks = 308 at attempts = 38000
 tracks = 308 at attempts = 39000
 tracks = 308 at attempts = 40000
 tracks = 308 at attempts = 41000
 tracks = 308 at attempts = 42000
 tracks = 308 at attempts = 43000
 tracks = 308 at attempts = 44000
 tracks = 308 at attempts = 45000
 tracks = 308 at attempts = 46000
 tracks = 308 at attempts = 47000
 tracks = 308 at attempts = 48000
 tracks = 308 at attempts = 49000
 tracks = 308 at attempts = 50000
 tracks = 308 at attempts = 51000
 tracks = 308 at attempts = 52000
 tracks = 308 at attempts = 53000
 tracks = 308 at attempts = 54000
 tracks = 308 at attempts = 55000
 tracks = 308 at attempts = 56000
 tracks = 308 at attempts = 57000
 tracks = 308 at attempts = 58000
 tracks = 308 at attempts = 59000
 tracks = 308 at attempts = 60000
 tracks = 308 at attempts = 61000
 tracks = 308 at attempts = 62000
 tracks = 308 at attempts = 63000
 tracks = 308 at attempts = 64000
 tracks = 308 at attempts = 65000
 tracks = 308 at attempts = 66000
 tracks = 308 at attempts = 67000
 tracks = 308 at attempts = 68000
 tracks = 308 at attempts = 69000
 tracks = 308 at attempts = 70000
 tracks = 308 at attempts = 71000
 removing redundant feed-through pins
 the connectivity of all the nets is verified

 block left edge is at -399
 the longest block length is 72160
 building the steiner trees
 rebuilding the steiner tree

----start doing coarse global routing ------ 
 ITERATION  1

  longest Row is:18   Its length is:71360
 doing feed-through pins assignment
 building the net-tree now !
 set up the global routing grids
 the starting value of tracks =  357
 tracks = 342 at attempts =  1000
 tracks = 337 at attempts =  2000
 tracks = 333 at attempts =  3000
 tracks = 329 at attempts =  4000
 tracks = 328 at attempts =  5000
 tracks = 326 at attempts =  6000
 tracks = 325 at attempts =  7000
 tracks = 324 at attempts =  8000
 tracks = 324 at attempts =  9000
 tracks = 324 at attempts = 10000
 tracks = 324 at attempts = 11000
 tracks = 324 at attempts = 12000
 tracks = 324 at attempts = 13000
 tracks = 323 at attempts = 14000
 tracks = 323 at attempts = 15000
 tracks = 322 at attempts = 16000
 tracks = 322 at attempts = 17000
 tracks = 322 at attempts = 18000
 tracks = 322 at attempts = 19000
 tracks = 322 at attempts = 20000
 tracks = 322 at attempts = 21000
 tracks = 322 at attempts = 22000
 tracks = 322 at attempts = 23000
 tracks = 322 at attempts = 24000
 tracks = 322 at attempts = 25000
 tracks = 322 at attempts = 26000
 tracks = 322 at attempts = 27000
 tracks = 322 at attempts = 28000
 tracks = 322 at attempts = 29000
 tracks = 321 at attempts = 30000
 tracks = 321 at attempts = 31000
 tracks = 321 at attempts = 32000
 tracks = 321 at attempts = 33000
 tracks = 321 at attempts = 34000
 tracks = 321 at attempts = 35000
 tracks = 321 at attempts = 36000
 tracks = 321 at attempts = 37000
 tracks = 321 at attempts = 38000
 tracks = 321 at attempts = 39000
 tracks = 321 at attempts = 40000
 tracks = 321 at attempts = 41000
 tracks = 321 at attempts = 42000
 tracks = 321 at attempts = 43000
 tracks = 321 at attempts = 44000
 tracks = 321 at attempts = 45000
 tracks = 321 at attempts = 46000
 tracks = 321 at attempts = 47000
 tracks = 321 at attempts = 48000
 tracks = 321 at attempts = 49000
 tracks = 321 at attempts = 50000
 tracks = 321 at attempts = 51000
 tracks = 321 at attempts = 52000
 tracks = 321 at attempts = 53000
 tracks = 321 at attempts = 54000
 tracks = 321 at attempts = 55000
 tracks = 321 at attempts = 56000
 tracks = 321 at attempts = 57000
 tracks = 321 at attempts = 58000
 tracks = 321 at attempts = 59000
 tracks = 321 at attempts = 60000
 tracks = 321 at attempts = 61000
 tracks = 321 at attempts = 62000
 tracks = 321 at attempts = 63000
 tracks = 321 at attempts = 64000
 tracks = 321 at attempts = 65000
 tracks = 321 at attempts = 66000
 tracks = 321 at attempts = 67000
 tracks = 321 at attempts = 68000
 tracks = 321 at attempts = 69000
 tracks = 321 at attempts = 70000
 tracks = 321 at attempts = 71000
 removing redundant feed-through pins
 the connectivity of all the nets is verified

 block left edge is at -399
 the longest block length is 72160
 building the steiner trees
 rebuilding the steiner tree

----start doing coarse global routing ------ 
 ITERATION  1

  longest Row is:18   Its length is:71360
 doing feed-through pins assignment
 building the net-tree now !
 set up the global routing grids
 the starting value of tracks =  396
 tracks = 394 at attempts =  1000
 tracks = 394 at attempts =  2000
 tracks = 393 at attempts =  3000
 tracks = 393 at attempts =  4000
 tracks = 393 at attempts =  5000
 tracks = 393 at attempts =  6000
 tracks = 393 at attempts =  7000
 tracks = 393 at attempts =  8000
 tracks = 393 at attempts =  9000
 tracks = 393 at attempts = 10000
 tracks = 393 at attempts = 11000
 tracks = 393 at attempts = 12000
 tracks = 393 at attempts = 13000
 tracks = 393 at attempts = 14000
 tracks = 393 at attempts = 15000
 tracks = 393 at attempts = 16000
 tracks = 393 at attempts = 17000
 tracks = 393 at attempts = 18000
 tracks = 393 at attempts = 19000
 tracks = 393 at attempts = 20000
 tracks = 393 at attempts = 21000
 tracks = 393 at attempts = 22000
 tracks = 393 at attempts = 23000
 tracks = 393 at attempts = 24000
 tracks = 393 at attempts = 25000
 tracks = 393 at attempts = 26000
 tracks = 393 at attempts = 27000
 tracks = 393 at attempts = 28000
 tracks = 393 at attempts = 29000
 tracks = 393 at attempts = 30000
 tracks = 393 at attempts = 31000
 tracks = 393 at attempts = 32000
 tracks = 393 at attempts = 33000
 tracks = 393 at attempts = 34000
 tracks = 393 at attempts = 35000
 tracks = 393 at attempts = 36000
 tracks = 393 at attempts = 37000
 tracks = 393 at attempts = 38000
 tracks = 393 at attempts = 39000
 tracks = 393 at attempts = 40000
 tracks = 393 at attempts = 41000
 tracks = 393 at attempts = 42000
 tracks = 393 at attempts = 43000
 tracks = 393 at attempts = 44000
 tracks = 393 at attempts = 45000
 tracks = 393 at attempts = 46000
 tracks = 393 at attempts = 47000
 tracks = 393 at attempts = 48000
 tracks = 393 at attempts = 49000
 tracks = 393 at attempts = 50000
 tracks = 393 at attempts = 51000
 tracks = 393 at attempts = 52000
 tracks = 393 at attempts = 53000
 tracks = 393 at attempts = 54000
 tracks = 393 at attempts = 55000
 tracks = 393 at attempts = 56000
 tracks = 393 at attempts = 57000
 tracks = 393 at attempts = 58000
 tracks = 393 at attempts = 59000
 tracks = 393 at attempts = 60000
 tracks = 393 at attempts = 61000
 tracks = 393 at attempts = 62000
 tracks = 393 at attempts = 63000
 tracks = 393 at attempts = 64000
 tracks = 393 at attempts = 65000
 tracks = 393 at attempts = 66000
 tracks = 393 at attempts = 67000
 tracks = 393 at attempts = 68000
 tracks = 393 at attempts = 69000
 tracks = 393 at attempts = 70000
 tracks = 393 at attempts = 71000
 removing redundant feed-through pins
 the connectivity of all the nets is verified


***********************************************
*ACTUAL* FINAL NUMBER OF ROUTING TRACKS: 308
***********************************************


TimberWolfSC terminated normally with no errors and 1 warning[s]


twflow terminated normally with no errors and 0 warning[s]

Running getantennacell to determine cell to use for antenna anchors.
getantennacell.tcl uProcessor  /usr/local/share/qflow/tech/osu035/osu035_stdcells.lef 
Running getfillcell to determine cell to use for fill.
getfillcell.tcl uProcessor  /usr/local/share/qflow/tech/osu035/osu035_stdcells.lef FILL
Using cell FILL for fill
Running place2def to translate graywolf output to DEF format.
place2def.tcl uProcessor FILL 
Running place2def.tcl
DEF database: 100 units per micron
Limits: xbot = -750.0 ybot = -530.0 xtop = 71470.0 ytop = 54330.0
Core values: 80 100 71440 54100
Offsets: 80 100
4 routing layers
275 horizontal tracks from -400.0 to 54600.0 step 200 (M1, M3, ...)
453 vertical tracks from -480.0 to 72000.0 step 160 (M2, M4, ...)
Summary: Total components = 2853
  Fill cells  = 0
  Other cells = 2853
Done with place2def.tcl
Running addspacers to generate power stripes and align cell right edge
addspacers -stripe 5.0 150.0 PG -p vdd -g gnd -f FILL -O  -l  /usr/local/share/qflow/tech/osu035/osu035_stdcells.lef -o uProcessor_filled.def uProcessor
Stripe pitch requested = 150, stripe pitch used = 150.4
Stripe width requested = 5, stripe width used = 6.4
Initial core layout: (80 100) to (71440 54100) (scale um * 100)
Running arrangepins to adjust pin positions for optimal routing.
arrangepins.tcl  uProcessor
Reading info file uProcessor.info. . .
Reading DEF file uProcessor.def. . .
Recalculating pin positions
Writing DEF file uProcessor_mod.def. . .
Done with arrangepins.tcl
DEF2Verilog -v /home/rabby/digital_design_lab/lab_04/synthesis/uProcessor.rtlnopwr.v -o /home/rabby/digital_design_lab/lab_04/synthesis/uProcessor_anno.v
-p vdd -g gnd  -l  /usr/local/share/qflow/tech/osu035/osu035_stdcells.lef uProcessor.def

Generating RTL verilog and SPICE netlist file in directory
   /home/rabby/digital_design_lab/lab_04/synthesis
Files:
   Verilog: /home/rabby/digital_design_lab/lab_04/synthesis/uProcessor.rtl.v
   Verilog: /home/rabby/digital_design_lab/lab_04/synthesis/uProcessor.rtlnopwr.v
   Verilog: /home/rabby/digital_design_lab/lab_04/synthesis/uProcessor.rtlbb.v
   Spice:   /home/rabby/digital_design_lab/lab_04/synthesis/uProcessor.spc

Running vlog2Verilog.
vlog2Verilog -c -v vdd -g gnd -o uProcessor.rtl.v uProcessor_anno.v
vlog2Verilog -c -p -v vdd -g gnd -o uProcessor.rtlnopwr.v uProcessor_anno.v
vlog2Verilog -c -b -p -n -v vdd -g gnd -o uProcessor.rtlbb.v uProcessor_anno.v
Running vlog2Spice.
vlog2Spice -i -l  /usr/local/share/qflow/tech/osu035/osu035_stdcells.sp -o uProcessor.spc uProcessor.rtl.v
Placement script ended on Sun Aug 9 18:45:12 CEST 2020
