Qflow route logfile created on Mo 8. Jun 17:05:56 CEST 2020
qrouter -noc  -s program_counter.cfg
Qrouter detail maze router version 1.4.81.T
Reading LEF data from file /usr/local/share/qflow/tech/osu035/osu035_stdcells.lef.
LEF Read, Line 135: NOTE:  Old format VIARULE ignored.
LEF Read, Line 136: NOTE:  Old format VIARULE ignored.
LEF Read, Line 140: NOTE:  Old format VIARULE ignored.
LEF Read, Line 141: NOTE:  Old format VIARULE ignored.
LEF Read, Line 151: NOTE:  Old format VIARULE ignored.
LEF Read, Line 152: NOTE:  Old format VIARULE ignored.
LEF Read, Line 156: NOTE:  Old format VIARULE ignored.
LEF Read, Line 157: NOTE:  Old format VIARULE ignored.
LEF Read, Line 167: NOTE:  Old format VIARULE ignored.
LEF Read, Line 168: NOTE:  Old format VIARULE ignored.
LEF Read, Line 172: NOTE:  Old format VIARULE ignored.
LEF Read, Line 173: NOTE:  Old format VIARULE ignored.
LEF file:  Defines site corner (ignored)
LEF file:  Defines site IO (ignored)
LEF file:  Defines site core (ignored)
LEF read: Processed 3179 lines.
LEF Read: encountered 0 errors and 12 warnings total.
Vertical route layer at non-minimum pitch 3.2.  Using smaller pitch 1.6, will route on 1-of-2 tracks for layer metal4.
Reading DEF data from file program_counter.def.
Diagnostic: Design name: "program_counter"
  Processed 3 vias total.
  Processed 258 subcell instances total.
  Processed 37 pins total.
  Processed 217 nets total (0 fixed).
  Processed 2 special nets total (4 fixed).
DEF read: Processed 1324 lines.
Output scale = microns / 100, precision 1
There are 219 nets in this design.
*** Running stage1 routing with defaults
Finished routing net _16_
Nets remaining: 218
Finished routing net _86_
Nets remaining: 217
Finished routing net _87__bF$buf3
Nets remaining: 216
Finished routing net _87__bF$buf4
Nets remaining: 215
Finished routing net clock_bF$buf3
Nets remaining: 214
Finished routing net clock_bF$buf4
Nets remaining: 213
Finished routing net _87__bF$buf0
Nets remaining: 212
Finished routing net _87__bF$buf1
Nets remaining: 211
Finished routing net _87__bF$buf2
Nets remaining: 210
Finished routing net clock_bF$buf0
Nets remaining: 209
Finished routing net clock_bF$buf1
Nets remaining: 208
Finished routing net clock_bF$buf2
Nets remaining: 207
Finished routing net pc_in[1]
Nets remaining: 206
Finished routing net pc_in[5]
Nets remaining: 205
Finished routing net pc_in[9]
Nets remaining: 204
Finished routing net _84__bF$buf3
Nets remaining: 203
Finished routing net _87_
Nets remaining: 202
Finished routing net clock
Nets remaining: 201
Finished routing net pc_in[0]
Nets remaining: 200
Finished routing net _5_
Nets remaining: 199
Finished routing net pc_in[13]
Nets remaining: 198
Finished routing net _84_
Nets remaining: 197
Finished routing net _84__bF$buf0
Nets remaining: 196
Finished routing net _84__bF$buf1
Nets remaining: 195
Failed to route net _84__bF$buf2
Finished routing net pc_in[2]
Nets remaining: 194
Finished routing net _93_
Nets remaining: 193
Finished routing net _95_
Nets remaining: 192
Finished routing net pc_in[6]
Nets remaining: 191
Finished routing net _101_
Nets remaining: 190
Finished routing net _103_
Nets remaining: 189
Finished routing net pc_in[10]
Nets remaining: 188
Finished routing net pc_in[14]
Nets remaining: 187
Finished routing net _24_
Nets remaining: 186
Finished routing net _36_
Nets remaining: 185
Finished routing net _42_
Nets remaining: 184
Finished routing net _53_
Nets remaining: 183
Finished routing net _61_
Nets remaining: 182
Finished routing net _67_
Nets remaining: 181
Finished routing net _82_
Nets remaining: 180
Finished routing net _7_
Nets remaining: 179
Finished routing net _13_
Nets remaining: 178
Finished routing net _15_
Nets remaining: 177
Finished routing net _75_
Nets remaining: 176
Finished routing net opcode[1]
Nets remaining: 175
Finished routing net _83_
Nets remaining: 174
Finished routing net opcode[0]
Nets remaining: 173
Finished routing net _85_
Nets remaining: 172
Finished routing net pre_pc[0]
Nets remaining: 171
Finished routing net pre_pc[1]
Nets remaining: 170
Finished routing net pre_pc[2]
Nets remaining: 169
Finished routing net pc_in[3]
Nets remaining: 168
Finished routing net pre_pc[3]
Nets remaining: 167
Finished routing net pc_in[4]
Nets remaining: 166
Finished routing net pre_pc[4]
Nets remaining: 165
Finished routing net pre_pc[5]
Nets remaining: 164
Finished routing net pre_pc[6]
Nets remaining: 163
Finished routing net pc_in[7]
Nets remaining: 162
Finished routing net pre_pc[7]
Nets remaining: 161
Finished routing net pc_in[8]
Nets remaining: 160
Finished routing net pre_pc[8]
Nets remaining: 159
Finished routing net pre_pc[9]
Nets remaining: 158
Finished routing net _3_
Nets remaining: 157
Finished routing net pre_pc[10]
Nets remaining: 156
Finished routing net pc_in[11]
Nets remaining: 155
Finished routing net pre_pc[11]
Nets remaining: 154
Finished routing net pc_in[12]
Nets remaining: 153
Finished routing net pre_pc[12]
Nets remaining: 152
Finished routing net _9_
Nets remaining: 151
Finished routing net pre_pc[13]
Nets remaining: 150
Finished routing net pre_pc[14]
Nets remaining: 149
Finished routing net pc_in[15]
Nets remaining: 148
Finished routing net pre_pc[15]
Nets remaining: 147
Finished routing net _28_
Nets remaining: 146
Finished routing net _29_
Nets remaining: 145
Finished routing net _46_
Nets remaining: 144
Finished routing net _47_
Nets remaining: 143
Finished routing net _55_
Nets remaining: 142
Finished routing net _68_
Nets remaining: 141
Finished routing net _88_
Nets remaining: 140
Finished routing net _1_[0]
Nets remaining: 139
Finished routing net _89_
Nets remaining: 138
Finished routing net _90_
Nets remaining: 137
Finished routing net _1_[1]
Nets remaining: 136
Finished routing net _91_
Nets remaining: 135
Finished routing net _92_
Nets remaining: 134
Finished routing net _1_[2]
Nets remaining: 133
Finished routing net _94_
Nets remaining: 132
Finished routing net _1_[3]
Nets remaining: 131
Finished routing net _96_
Nets remaining: 130
Finished routing net _1_[4]
Nets remaining: 129
Finished routing net _97_
Nets remaining: 128
Finished routing net _98_
Nets remaining: 127
Finished routing net _1_[5]
Nets remaining: 126
Finished routing net _99_
Nets remaining: 125
Finished routing net _100_
Nets remaining: 124
Finished routing net _1_[6]
Nets remaining: 123
Finished routing net _102_
Nets remaining: 122
Finished routing net _1_[7]
Nets remaining: 121
Finished routing net _104_
Nets remaining: 120
Finished routing net _1_[8]
Nets remaining: 119
Finished routing net _105_
Nets remaining: 118
Finished routing net _2_
Nets remaining: 117
Finished routing net _1_[9]
Nets remaining: 116
Finished routing net _4_
Nets remaining: 115
Finished routing net _1_[10]
Nets remaining: 114
Finished routing net _6_
Nets remaining: 113
Finished routing net _1_[11]
Nets remaining: 112
Finished routing net _8_
Nets remaining: 111
Finished routing net _1_[12]
Nets remaining: 110
Finished routing net _10_
Nets remaining: 109
Finished routing net _1_[13]
Nets remaining: 108
Finished routing net _11_
Nets remaining: 107
Finished routing net _12_
Nets remaining: 106
Finished routing net _1_[14]
Nets remaining: 105
Finished routing net _14_
Nets remaining: 104
Finished routing net _1_[15]
Nets remaining: 103
Finished routing net _17_
Nets remaining: 102
Finished routing net _0_[0]
Nets remaining: 101
Finished routing net _18_
Nets remaining: 100
Finished routing net _19_
Nets remaining: 99
Failed to route net _20_
Finished routing net _21_
Nets remaining: 98
Finished routing net _0_[1]
Nets remaining: 97
Failed to route net _22_
Finished routing net _23_
Nets remaining: 96
Finished routing net _25_
Nets remaining: 95
Finished routing net _0_[2]
Nets remaining: 94
Finished routing net _26_
Nets remaining: 93
Finished routing net _27_
Nets remaining: 92
Finished routing net _30_
Nets remaining: 91
Finished routing net _0_[3]
Nets remaining: 90
Finished routing net _31_
Nets remaining: 89
Finished routing net _32_
Nets remaining: 88
Finished routing net _33_
Nets remaining: 87
Finished routing net _34_
Nets remaining: 86
Finished routing net _0_[4]
Nets remaining: 85
Finished routing net _35_
Nets remaining: 84
Finished routing net _37_
Nets remaining: 83
Finished routing net _38_
Nets remaining: 82
Finished routing net _39_
Nets remaining: 81
Finished routing net _0_[5]
Nets remaining: 80
Finished routing net _40_
Nets remaining: 79
Finished routing net _41_
Nets remaining: 78
Finished routing net _43_
Nets remaining: 77
Finished routing net _0_[6]
Nets remaining: 76
Finished routing net _44_
Nets remaining: 75
Finished routing net _45_
Nets remaining: 74
Finished routing net _48_
Nets remaining: 73
Finished routing net _0_[7]
Nets remaining: 72
Finished routing net _49_
Nets remaining: 71
Finished routing net _50_
Nets remaining: 70
Finished routing net _51_
Nets remaining: 69
Finished routing net _52_
Nets remaining: 68
Finished routing net _0_[8]
Nets remaining: 67
Finished routing net _54_
Nets remaining: 66
Finished routing net _56_
Nets remaining: 65
Finished routing net _57_
Nets remaining: 64
Finished routing net _0_[9]
Nets remaining: 63
Finished routing net _58_
Nets remaining: 62
Finished routing net _59_
Nets remaining: 61
Finished routing net _60_
Nets remaining: 60
Finished routing net _0_[10]
Nets remaining: 59
Finished routing net _62_
Nets remaining: 58
Finished routing net _63_
Nets remaining: 57
Finished routing net _64_
Nets remaining: 56
Finished routing net _0_[11]
Nets remaining: 55
Finished routing net _65_
Nets remaining: 54
Finished routing net _66_
Nets remaining: 53
Finished routing net _69_
Nets remaining: 52
Finished routing net _70_
Nets remaining: 51
Finished routing net _0_[12]
Nets remaining: 50
Finished routing net _71_
Nets remaining: 49
Finished routing net _72_
Nets remaining: 48
Finished routing net _73_
Nets remaining: 47
Finished routing net _0_[13]
Nets remaining: 46
Finished routing net _74_
Nets remaining: 45
Finished routing net _76_
Nets remaining: 44
Finished routing net _77_
Nets remaining: 43
Finished routing net _0_[14]
Nets remaining: 42
Finished routing net _78_
Nets remaining: 41
Finished routing net _79_
Nets remaining: 40
Finished routing net _80_
Nets remaining: 39
Finished routing net _81_
Nets remaining: 38
Finished routing net _0_[15]
Nets remaining: 37
Finished routing net _106_[0]
Nets remaining: 36
Finished routing net pc_out[0]
Nets remaining: 35
Finished routing net _106_[1]
Nets remaining: 34
Finished routing net pc_out[1]
Nets remaining: 33
Finished routing net _106_[2]
Nets remaining: 32
Finished routing net pc_out[2]
Nets remaining: 31
Finished routing net _106_[3]
Nets remaining: 30
Finished routing net pc_out[3]
Nets remaining: 29
Finished routing net _106_[4]
Nets remaining: 28
Finished routing net pc_out[4]
Nets remaining: 27
Finished routing net _106_[5]
Nets remaining: 26
Finished routing net pc_out[5]
Nets remaining: 25
Finished routing net _106_[6]
Nets remaining: 24
Finished routing net pc_out[6]
Nets remaining: 23
Finished routing net _106_[7]
Nets remaining: 22
Finished routing net pc_out[7]
Nets remaining: 21
Finished routing net _106_[8]
Nets remaining: 20
Finished routing net pc_out[8]
Nets remaining: 19
Finished routing net _106_[9]
Nets remaining: 18
Finished routing net pc_out[9]
Nets remaining: 17
Finished routing net _106_[10]
Nets remaining: 16
Finished routing net pc_out[10]
Nets remaining: 15
Finished routing net _106_[11]
Nets remaining: 14
Finished routing net pc_out[11]
Nets remaining: 13
Finished routing net _106_[12]
Nets remaining: 12
Finished routing net pc_out[12]
Nets remaining: 11
Finished routing net _106_[13]
Nets remaining: 10
Finished routing net pc_out[13]
Nets remaining: 9
Finished routing net _106_[14]
Nets remaining: 8
Finished routing net pc_out[14]
Nets remaining: 7
Finished routing net _106_[15]
Nets remaining: 6
Finished routing net pc_out[15]
Nets remaining: 5

----------------------------------------------
Progress: Stage 1 total routes completed: 435
Failed net routes: 3
----------------------------------------------
*** Running stage2 routing with options mask 10, effort 10
Nets remaining: 3
Best route of _22_ collides with net: _0_[1] 
Ripping up blocking net _0_[1]
Nets remaining: 3
Best route of _20_ collides with net: _96_ 
Ripping up blocking net _96_
Nets remaining: 3
Best route of _84__bF$buf2 collides with net: pc_in[0] 
Ripping up blocking net pc_in[0]
Nets remaining: 3
Nets remaining: 2
Nets remaining: 1

----------------------------------------------
Progress: Stage 2 total routes completed: 447
No failed routes!
----------------------------------------------
*** Running stage3 routing with defaults, 1st round
Finished routing net _16_
Nets remaining: 218
Finished routing net _86_
Nets remaining: 217
Finished routing net _87__bF$buf3
Nets remaining: 216
Finished routing net _87__bF$buf4
Nets remaining: 215
Finished routing net clock_bF$buf3
Nets remaining: 214
Finished routing net clock_bF$buf4
Nets remaining: 213
Finished routing net _87__bF$buf0
Nets remaining: 212
Finished routing net _87__bF$buf1
Nets remaining: 211
Finished routing net _87__bF$buf2
Nets remaining: 210
Finished routing net clock_bF$buf0
Nets remaining: 209
Finished routing net clock_bF$buf1
Nets remaining: 208
Finished routing net clock_bF$buf2
Nets remaining: 207
Finished routing net pc_in[1]
Nets remaining: 206
Finished routing net pc_in[5]
Nets remaining: 205
Finished routing net pc_in[9]
Nets remaining: 204
Finished routing net _84__bF$buf3
Nets remaining: 203
Finished routing net _87_
Nets remaining: 202
Finished routing net clock
Nets remaining: 201
Finished routing net pc_in[0]
Nets remaining: 200
Finished routing net _5_
Nets remaining: 199
Finished routing net pc_in[13]
Nets remaining: 198
Finished routing net _84_
Nets remaining: 197
Finished routing net _84__bF$buf0
Nets remaining: 196
Finished routing net _84__bF$buf1
Nets remaining: 195
Finished routing net _84__bF$buf2
Nets remaining: 194
Finished routing net pc_in[2]
Nets remaining: 193
Finished routing net _93_
Nets remaining: 192
Finished routing net _95_
Nets remaining: 191
Finished routing net pc_in[6]
Nets remaining: 190
Finished routing net _101_
Nets remaining: 189
Finished routing net _103_
Nets remaining: 188
Finished routing net pc_in[10]
Nets remaining: 187
Finished routing net pc_in[14]
Nets remaining: 186
Finished routing net _24_
Nets remaining: 185
Finished routing net _36_
Nets remaining: 184
Finished routing net _42_
Nets remaining: 183
Finished routing net _53_
Nets remaining: 182
Finished routing net _61_
Nets remaining: 181
Finished routing net _67_
Nets remaining: 180
Finished routing net _82_
Nets remaining: 179
Finished routing net _7_
Nets remaining: 178
Finished routing net _13_
Nets remaining: 177
Finished routing net _15_
Nets remaining: 176
Finished routing net _75_
Nets remaining: 175
Keeping route for net opcode[1]
Finished routing net _83_
Nets remaining: 173
Finished routing net opcode[0]
Nets remaining: 172
Finished routing net _85_
Nets remaining: 171
Keeping route for net pre_pc[0]
Finished routing net pre_pc[1]
Nets remaining: 169
Finished routing net pre_pc[2]
Nets remaining: 168
Keeping route for net pc_in[3]
Finished routing net pre_pc[3]
Nets remaining: 166
Keeping route for net pc_in[4]
Finished routing net pre_pc[4]
Nets remaining: 164
Finished routing net pre_pc[5]
Nets remaining: 163
Finished routing net pre_pc[6]
Nets remaining: 162
Finished routing net pc_in[7]
Nets remaining: 161
Finished routing net pre_pc[7]
Nets remaining: 160
Keeping route for net pc_in[8]
Finished routing net pre_pc[8]
Nets remaining: 158
Finished routing net pre_pc[9]
Nets remaining: 157
Keeping route for net _3_
Finished routing net pre_pc[10]
Nets remaining: 155
Finished routing net pc_in[11]
Nets remaining: 154
Finished routing net pre_pc[11]
Nets remaining: 153
Finished routing net pc_in[12]
Nets remaining: 152
Finished routing net pre_pc[12]
Nets remaining: 151
Finished routing net _9_
Nets remaining: 150
Finished routing net pre_pc[13]
Nets remaining: 149
Finished routing net pre_pc[14]
Nets remaining: 148
Keeping route for net pc_in[15]
Finished routing net pre_pc[15]
Nets remaining: 146
Finished routing net _28_
Nets remaining: 145
Finished routing net _29_
Nets remaining: 144
Finished routing net _46_
Nets remaining: 143
Finished routing net _47_
Nets remaining: 142
Finished routing net _55_
Nets remaining: 141
Finished routing net _68_
Nets remaining: 140
Keeping route for net _88_
Finished routing net _1_[0]
Nets remaining: 138
Finished routing net _89_
Nets remaining: 137
Keeping route for net _90_
Finished routing net _1_[1]
Nets remaining: 135
Finished routing net _91_
Nets remaining: 134
Keeping route for net _92_
Finished routing net _1_[2]
Nets remaining: 132
Finished routing net _94_
Nets remaining: 131
Finished routing net _1_[3]
Nets remaining: 130
Finished routing net _96_
Nets remaining: 129
Finished routing net _1_[4]
Nets remaining: 128
Keeping route for net _97_
Keeping route for net _98_
Finished routing net _1_[5]
Nets remaining: 125
Finished routing net _99_
Nets remaining: 124
Finished routing net _100_
Nets remaining: 123
Finished routing net _1_[6]
Nets remaining: 122
Keeping route for net _102_
Finished routing net _1_[7]
Nets remaining: 120
Keeping route for net _104_
Finished routing net _1_[8]
Nets remaining: 118
Finished routing net _105_
Nets remaining: 117
Finished routing net _2_
Nets remaining: 116
Finished routing net _1_[9]
Nets remaining: 115
Keeping route for net _4_
Finished routing net _1_[10]
Nets remaining: 113
Keeping route for net _6_
Finished routing net _1_[11]
Nets remaining: 111
Keeping route for net _8_
Finished routing net _1_[12]
Nets remaining: 109
Keeping route for net _10_
Finished routing net _1_[13]
Nets remaining: 107
Keeping route for net _11_
Finished routing net _12_
Nets remaining: 105
Finished routing net _1_[14]
Nets remaining: 104
Keeping route for net _14_
Finished routing net _1_[15]
Nets remaining: 102
Finished routing net _17_
Nets remaining: 101
Finished routing net _0_[0]
Nets remaining: 100
Finished routing net _18_
Nets remaining: 99
Finished routing net _19_
Nets remaining: 98
Finished routing net _20_
Nets remaining: 97
Finished routing net _21_
Nets remaining: 96
Finished routing net _0_[1]
Nets remaining: 95
Finished routing net _22_
Nets remaining: 94
Finished routing net _23_
Nets remaining: 93
Finished routing net _25_
Nets remaining: 92
Finished routing net _0_[2]
Nets remaining: 91
Finished routing net _26_
Nets remaining: 90
Finished routing net _27_
Nets remaining: 89
Finished routing net _30_
Nets remaining: 88
Finished routing net _0_[3]
Nets remaining: 87
Keeping route for net _31_
Finished routing net _32_
Nets remaining: 85
Finished routing net _33_
Nets remaining: 84
Finished routing net _34_
Nets remaining: 83
Finished routing net _0_[4]
Nets remaining: 82
Keeping route for net _35_
Keeping route for net _37_
Keeping route for net _38_
Finished routing net _39_
Nets remaining: 78
Finished routing net _0_[5]
Nets remaining: 77
Finished routing net _40_
Nets remaining: 76
Finished routing net _41_
Nets remaining: 75
Finished routing net _43_
Nets remaining: 74
Finished routing net _0_[6]
Nets remaining: 73
Finished routing net _44_
Nets remaining: 72
Finished routing net _45_
Nets remaining: 71
Finished routing net _48_
Nets remaining: 70
Keeping route for net _0_[7]
Finished routing net _49_
Nets remaining: 68
Finished routing net _50_
Nets remaining: 67
Finished routing net _51_
Nets remaining: 66
Finished routing net _52_
Nets remaining: 65
Finished routing net _0_[8]
Nets remaining: 64
Keeping route for net _54_
Finished routing net _56_
Nets remaining: 62
Keeping route for net _57_
Finished routing net _0_[9]
Nets remaining: 60
Keeping route for net _58_
Finished routing net _59_
Nets remaining: 58
Finished routing net _60_
Nets remaining: 57
Finished routing net _0_[10]
Nets remaining: 56
Keeping route for net _62_
Finished routing net _63_
Nets remaining: 54
Finished routing net _64_
Nets remaining: 53
Finished routing net _0_[11]
Nets remaining: 52
Keeping route for net _65_
Keeping route for net _66_
Finished routing net _69_
Nets remaining: 49
Finished routing net _70_
Nets remaining: 48
Finished routing net _0_[12]
Nets remaining: 47
Finished routing net _71_
Nets remaining: 46
Finished routing net _72_
Nets remaining: 45
Finished routing net _73_
Nets remaining: 44
Finished routing net _0_[13]
Nets remaining: 43
Finished routing net _74_
Nets remaining: 42
Finished routing net _76_
Nets remaining: 41
Finished routing net _77_
Nets remaining: 40
Finished routing net _0_[14]
Nets remaining: 39
Finished routing net _78_
Nets remaining: 38
Finished routing net _79_
Nets remaining: 37
Keeping route for net _80_
Finished routing net _81_
Nets remaining: 35
Finished routing net _0_[15]
Nets remaining: 34
Finished routing net _106_[0]
Nets remaining: 33
Finished routing net pc_out[0]
Nets remaining: 32
Finished routing net _106_[1]
Nets remaining: 31
Finished routing net pc_out[1]
Nets remaining: 30
Finished routing net _106_[2]
Nets remaining: 29
Finished routing net pc_out[2]
Nets remaining: 28
Finished routing net _106_[3]
Nets remaining: 27
Finished routing net pc_out[3]
Nets remaining: 26
Finished routing net _106_[4]
Nets remaining: 25
Keeping route for net pc_out[4]
Finished routing net _106_[5]
Nets remaining: 23
Keeping route for net pc_out[5]
Finished routing net _106_[6]
Nets remaining: 21
Keeping route for net pc_out[6]
Finished routing net _106_[7]
Nets remaining: 19
Keeping route for net pc_out[7]
Finished routing net _106_[8]
Nets remaining: 17
Keeping route for net pc_out[8]
Finished routing net _106_[9]
Nets remaining: 15
Keeping route for net pc_out[9]
Finished routing net _106_[10]
Nets remaining: 13
Keeping route for net pc_out[10]
Finished routing net _106_[11]
Nets remaining: 11
Keeping route for net pc_out[11]
Finished routing net _106_[12]
Nets remaining: 9
Keeping route for net pc_out[12]
Finished routing net _106_[13]
Nets remaining: 7
Finished routing net pc_out[13]
Nets remaining: 6
Finished routing net _106_[14]
Nets remaining: 5
Finished routing net pc_out[14]
Nets remaining: 4
Finished routing net _106_[15]
Nets remaining: 3
Finished routing net pc_out[15]
Nets remaining: 2

----------------------------------------------
Progress: Stage 3 total routes completed: 837
No failed routes!
----------------------------------------------
*** Running stage3 routing with defaults, 2nd round
Finished routing net _16_
Nets remaining: 218
Finished routing net _86_
Nets remaining: 217
Finished routing net _87__bF$buf3
Nets remaining: 216
Finished routing net _87__bF$buf4
Nets remaining: 215
Finished routing net clock_bF$buf3
Nets remaining: 214
Finished routing net clock_bF$buf4
Nets remaining: 213
Finished routing net _87__bF$buf0
Nets remaining: 212
Finished routing net _87__bF$buf1
Nets remaining: 211
Finished routing net _87__bF$buf2
Nets remaining: 210
Finished routing net clock_bF$buf0
Nets remaining: 209
Finished routing net clock_bF$buf1
Nets remaining: 208
Finished routing net clock_bF$buf2
Nets remaining: 207
Finished routing net pc_in[1]
Nets remaining: 206
Finished routing net pc_in[5]
Nets remaining: 205
Finished routing net pc_in[9]
Nets remaining: 204
Finished routing net _84__bF$buf3
Nets remaining: 203
Finished routing net _87_
Nets remaining: 202
Finished routing net clock
Nets remaining: 201
Finished routing net pc_in[0]
Nets remaining: 200
Finished routing net _5_
Nets remaining: 199
Finished routing net pc_in[13]
Nets remaining: 198
Finished routing net _84_
Nets remaining: 197
Finished routing net _84__bF$buf0
Nets remaining: 196
Finished routing net _84__bF$buf1
Nets remaining: 195
Finished routing net _84__bF$buf2
Nets remaining: 194
Finished routing net pc_in[2]
Nets remaining: 193
Finished routing net _93_
Nets remaining: 192
Finished routing net _95_
Nets remaining: 191
Finished routing net pc_in[6]
Nets remaining: 190
Finished routing net _101_
Nets remaining: 189
Finished routing net _103_
Nets remaining: 188
Finished routing net pc_in[10]
Nets remaining: 187
Finished routing net pc_in[14]
Nets remaining: 186
Finished routing net _24_
Nets remaining: 185
Finished routing net _36_
Nets remaining: 184
Finished routing net _42_
Nets remaining: 183
Finished routing net _53_
Nets remaining: 182
Finished routing net _61_
Nets remaining: 181
Finished routing net _67_
Nets remaining: 180
Finished routing net _82_
Nets remaining: 179
Finished routing net _7_
Nets remaining: 178
Finished routing net _13_
Nets remaining: 177
Finished routing net _15_
Nets remaining: 176
Finished routing net _75_
Nets remaining: 175
Keeping route for net opcode[1]
Finished routing net _83_
Nets remaining: 173
Finished routing net opcode[0]
Nets remaining: 172
Finished routing net _85_
Nets remaining: 171
Keeping route for net pre_pc[0]
Finished routing net pre_pc[1]
Nets remaining: 169
Finished routing net pre_pc[2]
Nets remaining: 168
Keeping route for net pc_in[3]
Finished routing net pre_pc[3]
Nets remaining: 166
Keeping route for net pc_in[4]
Finished routing net pre_pc[4]
Nets remaining: 164
Finished routing net pre_pc[5]
Nets remaining: 163
Finished routing net pre_pc[6]
Nets remaining: 162
Finished routing net pc_in[7]
Nets remaining: 161
Finished routing net pre_pc[7]
Nets remaining: 160
Keeping route for net pc_in[8]
Finished routing net pre_pc[8]
Nets remaining: 158
Finished routing net pre_pc[9]
Nets remaining: 157
Keeping route for net _3_
Finished routing net pre_pc[10]
Nets remaining: 155
Finished routing net pc_in[11]
Nets remaining: 154
Finished routing net pre_pc[11]
Nets remaining: 153
Finished routing net pc_in[12]
Nets remaining: 152
Finished routing net pre_pc[12]
Nets remaining: 151
Finished routing net _9_
Nets remaining: 150
Finished routing net pre_pc[13]
Nets remaining: 149
Finished routing net pre_pc[14]
Nets remaining: 148
Keeping route for net pc_in[15]
Finished routing net pre_pc[15]
Nets remaining: 146
Finished routing net _28_
Nets remaining: 145
Finished routing net _29_
Nets remaining: 144
Finished routing net _46_
Nets remaining: 143
Finished routing net _47_
Nets remaining: 142
Finished routing net _55_
Nets remaining: 141
Finished routing net _68_
Nets remaining: 140
Keeping route for net _88_
Finished routing net _1_[0]
Nets remaining: 138
Finished routing net _89_
Nets remaining: 137
Keeping route for net _90_
Finished routing net _1_[1]
Nets remaining: 135
Finished routing net _91_
Nets remaining: 134
Keeping route for net _92_
Finished routing net _1_[2]
Nets remaining: 132
Finished routing net _94_
Nets remaining: 131
Finished routing net _1_[3]
Nets remaining: 130
Finished routing net _96_
Nets remaining: 129
Finished routing net _1_[4]
Nets remaining: 128
Keeping route for net _97_
Keeping route for net _98_
Finished routing net _1_[5]
Nets remaining: 125
Finished routing net _99_
Nets remaining: 124
Finished routing net _100_
Nets remaining: 123
Finished routing net _1_[6]
Nets remaining: 122
Keeping route for net _102_
Finished routing net _1_[7]
Nets remaining: 120
Keeping route for net _104_
Finished routing net _1_[8]
Nets remaining: 118
Finished routing net _105_
Nets remaining: 117
Finished routing net _2_
Nets remaining: 116
Finished routing net _1_[9]
Nets remaining: 115
Keeping route for net _4_
Finished routing net _1_[10]
Nets remaining: 113
Keeping route for net _6_
Finished routing net _1_[11]
Nets remaining: 111
Keeping route for net _8_
Finished routing net _1_[12]
Nets remaining: 109
Keeping route for net _10_
Finished routing net _1_[13]
Nets remaining: 107
Keeping route for net _11_
Finished routing net _12_
Nets remaining: 105
Finished routing net _1_[14]
Nets remaining: 104
Keeping route for net _14_
Finished routing net _1_[15]
Nets remaining: 102
Finished routing net _17_
Nets remaining: 101
Finished routing net _0_[0]
Nets remaining: 100
Finished routing net _18_
Nets remaining: 99
Finished routing net _19_
Nets remaining: 98
Finished routing net _20_
Nets remaining: 97
Finished routing net _21_
Nets remaining: 96
Finished routing net _0_[1]
Nets remaining: 95
Finished routing net _22_
Nets remaining: 94
Finished routing net _23_
Nets remaining: 93
Finished routing net _25_
Nets remaining: 92
Finished routing net _0_[2]
Nets remaining: 91
Finished routing net _26_
Nets remaining: 90
Finished routing net _27_
Nets remaining: 89
Finished routing net _30_
Nets remaining: 88
Finished routing net _0_[3]
Nets remaining: 87
Keeping route for net _31_
Finished routing net _32_
Nets remaining: 85
Finished routing net _33_
Nets remaining: 84
Finished routing net _34_
Nets remaining: 83
Finished routing net _0_[4]
Nets remaining: 82
Keeping route for net _35_
Keeping route for net _37_
Keeping route for net _38_
Finished routing net _39_
Nets remaining: 78
Finished routing net _0_[5]
Nets remaining: 77
Finished routing net _40_
Nets remaining: 76
Finished routing net _41_
Nets remaining: 75
Finished routing net _43_
Nets remaining: 74
Finished routing net _0_[6]
Nets remaining: 73
Finished routing net _44_
Nets remaining: 72
Finished routing net _45_
Nets remaining: 71
Finished routing net _48_
Nets remaining: 70
Keeping route for net _0_[7]
Finished routing net _49_
Nets remaining: 68
Finished routing net _50_
Nets remaining: 67
Finished routing net _51_
Nets remaining: 66
Finished routing net _52_
Nets remaining: 65
Finished routing net _0_[8]
Nets remaining: 64
Keeping route for net _54_
Finished routing net _56_
Nets remaining: 62
Keeping route for net _57_
Finished routing net _0_[9]
Nets remaining: 60
Keeping route for net _58_
Finished routing net _59_
Nets remaining: 58
Finished routing net _60_
Nets remaining: 57
Finished routing net _0_[10]
Nets remaining: 56
Keeping route for net _62_
Finished routing net _63_
Nets remaining: 54
Finished routing net _64_
Nets remaining: 53
Finished routing net _0_[11]
Nets remaining: 52
Keeping route for net _65_
Keeping route for net _66_
Finished routing net _69_
Nets remaining: 49
Finished routing net _70_
Nets remaining: 48
Finished routing net _0_[12]
Nets remaining: 47
Finished routing net _71_
Nets remaining: 46
Finished routing net _72_
Nets remaining: 45
Finished routing net _73_
Nets remaining: 44
Finished routing net _0_[13]
Nets remaining: 43
Finished routing net _74_
Nets remaining: 42
Finished routing net _76_
Nets remaining: 41
Finished routing net _77_
Nets remaining: 40
Finished routing net _0_[14]
Nets remaining: 39
Finished routing net _78_
Nets remaining: 38
Finished routing net _79_
Nets remaining: 37
Keeping route for net _80_
Finished routing net _81_
Nets remaining: 35
Finished routing net _0_[15]
Nets remaining: 34
Finished routing net _106_[0]
Nets remaining: 33
Finished routing net pc_out[0]
Nets remaining: 32
Finished routing net _106_[1]
Nets remaining: 31
Finished routing net pc_out[1]
Nets remaining: 30
Finished routing net _106_[2]
Nets remaining: 29
Finished routing net pc_out[2]
Nets remaining: 28
Finished routing net _106_[3]
Nets remaining: 27
Finished routing net pc_out[3]
Nets remaining: 26
Finished routing net _106_[4]
Nets remaining: 25
Keeping route for net pc_out[4]
Finished routing net _106_[5]
Nets remaining: 23
Keeping route for net pc_out[5]
Finished routing net _106_[6]
Nets remaining: 21
Keeping route for net pc_out[6]
Finished routing net _106_[7]
Nets remaining: 19
Keeping route for net pc_out[7]
Finished routing net _106_[8]
Nets remaining: 17
Keeping route for net pc_out[8]
Finished routing net _106_[9]
Nets remaining: 15
Keeping route for net pc_out[9]
Finished routing net _106_[10]
Nets remaining: 13
Keeping route for net pc_out[10]
Finished routing net _106_[11]
Nets remaining: 11
Keeping route for net pc_out[11]
Finished routing net _106_[12]
Nets remaining: 9
Keeping route for net pc_out[12]
Finished routing net _106_[13]
Nets remaining: 7
Finished routing net pc_out[13]
Nets remaining: 6
Finished routing net _106_[14]
Nets remaining: 5
Finished routing net pc_out[14]
Nets remaining: 4
Finished routing net _106_[15]
Nets remaining: 3
Finished routing net pc_out[15]
Nets remaining: 2

----------------------------------------------
Progress: Stage 3 total routes completed: 1227
No failed routes!
----------------------------------------------
*** Writing DEF file program_counter_route.def
emit_routes():  DEF file has 217 nets and 4 specialnets.
but qrouter wants to write 219 nets and specialnets.
----------------------------------------------
Final: No failed routes!
----------------------------------------------
*** Writing RC file program_counter_route.rc
DEF2Verilog -v /home/akash/Documents/DigitalLab/verilog_tasks/task_2/program_counter/synthesis/program_counter.rtlnopwr.v -o /home/akash/Documents/DigitalLab/verilog_tasks/task_2/program_counter/synthesis/program_counter_postroute.v
-p vdd -g gnd  -l  /usr/local/share/qflow/tech/osu035/osu035_stdcells.lef program_counter_route.def

Generating RTL verilog and SPICE netlist file in directory
   /home/akash/Documents/DigitalLab/verilog_tasks/task_2/program_counter/synthesis
Running vlog2Verilog.
vlog2Verilog -c -v vdd -g gnd -o program_counter.rtl.anno.v program_counter_postroute.v
vlog2Verilog -c -p -v vdd -g gnd -o program_counter.rtlnopwr.anno.v program_counter_postroute.v
/usr/local/share/qflow/bin/vlog2Verilog -c -b -p -n -v vdd -g gnd -o program_counter.rtlbb.anno.v program_counter_postroute.v
Running vlog2Spice.
vlog2Spice -i -l  /usr/local/share/qflow/tech/osu035/osu035_stdcells.sp -o program_counter.anno.spc program_counter.rtl.anno.v
Router script ended on Mo 8. Jun 17:05:58 CEST 2020
