Qflow placement logfile created on Mo 8. Jun 18:05:02 CEST 2020
Running vlog2Cel to generate input files for graywolf
vlog2Cel  -l  /usr/local/share/qflow/tech/osu035/osu035_stdcells.lef -u 100 -o /home/akash/Documents/DigitalLab/verilog_tasks/task_2/internal_register/layout/internal_register.cel /home/akash/Documents/DigitalLab/verilog_tasks/task_2/internal_register/synthesis/internal_register.rtlnopwr.v
No internal_register.cel1 file found for project. . . no partial blockages to apply to layout.
No internal_register.cel2 file found for project. . . continuing without pin placement hints
Running GrayWolf placement
graywolf  internal_register

twflow version:2.1 date:Mon May 25 21:15:08 EDT 1992
Authors: Bill Swartz, Carl Sechen
         Yale University

syntax version:v1.1 date:Mon May 25 21:11:10 EDT 1992
TimberWolf System Syntax Checker
Authors: Carl Sechen, Kai-Win Lee, Bill Swartz,
         Dahe Chen, and Jimmy Lam
         Yale University

Read   50 objects so far...
Read  100 objects so far...
Read  150 objects so far...
Read  200 objects so far...
Read  250 objects so far...
Read  300 objects so far...
Read  350 objects so far...
Read  400 objects so far...
Read  450 objects so far...
Read  500 objects so far...
Read  550 objects so far...
Read  600 objects so far...
Read  650 objects so far...
Read  700 objects so far...
Read  750 objects so far...
Read  800 objects so far...
Read  850 objects so far...
Read  900 objects so far...
Read  950 objects so far...
Read 1000 objects so far...
Read 1050 objects so far...
No syntax errors were found

syntax terminated normally with no errors and 0 warning[s]


----------------------------
Total stdcells     :1028
Total cell width   :8.37e+05
Total cell height  :2.06e+06
Total cell area    :1.67e+09
Total core area    :1.67e+09
Average cell height:2.00e+03


nocut - replacement for Mincut version:v1.0 date:Mon May 25 21:09:40 EDT 1992
TimberWolf System Floorplan Setup Program
Authors: Carl Sechen, Bill Swartz,
         Yale University

Read   50 objects so far...
Read  100 objects so far...
Read  150 objects so far...
Read  200 objects so far...
Read  250 objects so far...
Read  300 objects so far...
Read  350 objects so far...
Read  400 objects so far...
Read  450 objects so far...
Read  500 objects so far...
Read  550 objects so far...
Read  600 objects so far...
Read  650 objects so far...
Read  700 objects so far...
Read  750 objects so far...
Read  800 objects so far...
Read  850 objects so far...
Read  900 objects so far...
Read  950 objects so far...
Read 1000 objects so far...
Read 1050 objects so far...
Splitting internal_register.cel into internal_register.scel and internal_register.mcel...
	done!


nocut - replacement for Mincut terminated normally with no errors and 0 warning[s]


TimberWolfMC version:v2.2 date:Mon May 25 21:18:34 EDT 1992
Authors: Carl Sechen, Bill Swartz, Kai-Win Lee
         Dahe Chen, and Jimmy Lam
         Yale University

config version:v1.0 date:Mon May 25 20:57:18 EDT 1992
Row configuration program
    Yale University


config switches:
	Graphics mode on
	config will inherit window



config terminated normally with no errors and 0 warning[s]


TimberWolfMC terminated normally with no errors and 0 warning[s]



TimberWolfSC switches:
	Graphics mode on
	TimberWolfSC will inherit window

TimberWolfSC version:v6.0 date:Mon May 25 21:19:07 EDT 1992
Row-Based Placement and Global Routing Program
Authors: Carl Sechen, Kai-Win Lee, and Bill Swartz,
         Yale University
  0 
  1   2   3   4   5   6   7   8   9  10  11  12  13  14  15 
 16  17  18  19  20  21  22  23  24  25  26  27  28  29  30 
 31  32  33  34  35  36  37  38  39  40  41  42  43  44  45 
 46  47  48  49  50  51  52  53  54  55  56  57  58  59  60 
 61  62  63  64  65  66  67  68  69  70  71  72  73  74  75 
 76  77  78  79  80  81  82  83  84  85  86  87  88  89  90 
 91  92  93  94  95  96  97  98  99 100 101 102 103 104 105 
106 107 108 109 110 111 112 113 114 115 116 117 118 119 120 
121 122 123 124 125 126 127 128 129 130 131 132 133 134 135 
136 137 138 139 140 141 142 143 144 145 146 147 148 149 150 
151 152 153 154 155 156 157 158 
 block left edge is at -399
 the longest block length is 51360
 building the steiner trees
 rebuilding the steiner tree

----start doing coarse global routing ------ 
 ITERATION  1

  longest Row is:1   Its length is:49440
 doing feed-through pins assignment
 building the net-tree now !
 set up the global routing grids
 the starting value of tracks =  229
 tracks = 205 at attempts =  1000
 tracks = 200 at attempts =  2000
 tracks = 199 at attempts =  3000
 tracks = 196 at attempts =  4000
 tracks = 196 at attempts =  5000
 tracks = 196 at attempts =  6000
 tracks = 196 at attempts =  7000
 tracks = 196 at attempts =  8000
 tracks = 195 at attempts =  9000
 tracks = 194 at attempts = 10000
 tracks = 194 at attempts = 11000
 tracks = 194 at attempts = 12000
 tracks = 194 at attempts = 13000
 tracks = 194 at attempts = 14000
 tracks = 194 at attempts = 15000
 tracks = 194 at attempts = 16000
 tracks = 194 at attempts = 17000
 tracks = 194 at attempts = 18000
 tracks = 194 at attempts = 19000
 tracks = 194 at attempts = 20000
 tracks = 194 at attempts = 21000
 tracks = 194 at attempts = 22000
 tracks = 194 at attempts = 23000
 tracks = 194 at attempts = 24000
 tracks = 193 at attempts = 25000
 tracks = 193 at attempts = 26000
 removing redundant feed-through pins
 the connectivity of all the nets is verified

 block left edge is at -399
 the longest block length is 51360
 building the steiner trees
 rebuilding the steiner tree

----start doing coarse global routing ------ 
 ITERATION  1

  longest Row is:1   Its length is:49440
 doing feed-through pins assignment
 building the net-tree now !
 set up the global routing grids
 the starting value of tracks =  225
 tracks = 208 at attempts =  1000
 tracks = 206 at attempts =  2000
 tracks = 200 at attempts =  3000
 tracks = 197 at attempts =  4000
 tracks = 197 at attempts =  5000
 tracks = 197 at attempts =  6000
 tracks = 197 at attempts =  7000
 tracks = 197 at attempts =  8000
 tracks = 197 at attempts =  9000
 tracks = 197 at attempts = 10000
 tracks = 197 at attempts = 11000
 tracks = 197 at attempts = 12000
 tracks = 197 at attempts = 13000
 tracks = 197 at attempts = 14000
 tracks = 197 at attempts = 15000
 tracks = 197 at attempts = 16000
 tracks = 197 at attempts = 17000
 tracks = 197 at attempts = 18000
 tracks = 197 at attempts = 19000
 tracks = 197 at attempts = 20000
 tracks = 197 at attempts = 21000
 tracks = 197 at attempts = 22000
 tracks = 197 at attempts = 23000
 tracks = 197 at attempts = 24000
 tracks = 197 at attempts = 25000
 tracks = 197 at attempts = 26000
 removing redundant feed-through pins
 the connectivity of all the nets is verified

 block left edge is at -399
 the longest block length is 51360
 building the steiner trees
 rebuilding the steiner tree

----start doing coarse global routing ------ 
 ITERATION  1

  longest Row is:1   Its length is:49440
 doing feed-through pins assignment
 building the net-tree now !
 set up the global routing grids
 the starting value of tracks =  224
 tracks = 205 at attempts =  1000
 tracks = 202 at attempts =  2000
 tracks = 198 at attempts =  3000
 tracks = 197 at attempts =  4000
 tracks = 196 at attempts =  5000
 tracks = 196 at attempts =  6000
 tracks = 196 at attempts =  7000
 tracks = 196 at attempts =  8000
 tracks = 196 at attempts =  9000
 tracks = 196 at attempts = 10000
 tracks = 196 at attempts = 11000
 tracks = 196 at attempts = 12000
 tracks = 196 at attempts = 13000
 tracks = 196 at attempts = 14000
 tracks = 196 at attempts = 15000
 tracks = 196 at attempts = 16000
 tracks = 196 at attempts = 17000
 tracks = 196 at attempts = 18000
 tracks = 196 at attempts = 19000
 tracks = 196 at attempts = 20000
 tracks = 196 at attempts = 21000
 tracks = 196 at attempts = 22000
 tracks = 196 at attempts = 23000
 tracks = 196 at attempts = 24000
 tracks = 196 at attempts = 25000
 tracks = 196 at attempts = 26000
 removing redundant feed-through pins
 the connectivity of all the nets is verified

 block left edge is at -399
 the longest block length is 51360
 building the steiner trees
 rebuilding the steiner tree

----start doing coarse global routing ------ 
 ITERATION  1

  longest Row is:1   Its length is:49440
 doing feed-through pins assignment
 building the net-tree now !
 set up the global routing grids
 the starting value of tracks =  250
 tracks = 248 at attempts =  1000
 tracks = 248 at attempts =  2000
 tracks = 248 at attempts =  3000
 tracks = 248 at attempts =  4000
 tracks = 248 at attempts =  5000
 tracks = 248 at attempts =  6000
 tracks = 248 at attempts =  7000
 tracks = 248 at attempts =  8000
 tracks = 248 at attempts =  9000
 tracks = 248 at attempts = 10000
 tracks = 248 at attempts = 11000
 tracks = 248 at attempts = 12000
 tracks = 248 at attempts = 13000
 tracks = 248 at attempts = 14000
 tracks = 248 at attempts = 15000
 tracks = 248 at attempts = 16000
 tracks = 248 at attempts = 17000
 tracks = 248 at attempts = 18000
 tracks = 248 at attempts = 19000
 tracks = 248 at attempts = 20000
 tracks = 248 at attempts = 21000
 tracks = 248 at attempts = 22000
 tracks = 248 at attempts = 23000
 tracks = 248 at attempts = 24000
 tracks = 248 at attempts = 25000
 tracks = 248 at attempts = 26000
 removing redundant feed-through pins
 the connectivity of all the nets is verified

 block left edge is at -399
 the longest block length is 51360
 building the steiner trees
 rebuilding the steiner tree

----start doing coarse global routing ------ 
 ITERATION  1

  longest Row is:1   Its length is:49440
 doing feed-through pins assignment
 building the net-tree now !
 set up the global routing grids
 the starting value of tracks =  221
 tracks = 206 at attempts =  1000
 tracks = 202 at attempts =  2000
 tracks = 200 at attempts =  3000
 tracks = 199 at attempts =  4000
 tracks = 198 at attempts =  5000
 tracks = 198 at attempts =  6000
 tracks = 197 at attempts =  7000
 tracks = 197 at attempts =  8000
 tracks = 197 at attempts =  9000
 tracks = 197 at attempts = 10000
 tracks = 197 at attempts = 11000
 tracks = 197 at attempts = 12000
 tracks = 197 at attempts = 13000
 tracks = 197 at attempts = 14000
 tracks = 197 at attempts = 15000
 tracks = 197 at attempts = 16000
 tracks = 197 at attempts = 17000
 tracks = 197 at attempts = 18000
 tracks = 197 at attempts = 19000
 tracks = 197 at attempts = 20000
 tracks = 197 at attempts = 21000
 tracks = 197 at attempts = 22000
 tracks = 197 at attempts = 23000
 tracks = 197 at attempts = 24000
 tracks = 197 at attempts = 25000
 tracks = 197 at attempts = 26000
 removing redundant feed-through pins
 the connectivity of all the nets is verified

 block left edge is at -399
 the longest block length is 51360
 building the steiner trees
 rebuilding the steiner tree

----start doing coarse global routing ------ 
 ITERATION  1

  longest Row is:1   Its length is:49440
 doing feed-through pins assignment
 building the net-tree now !
 set up the global routing grids
 the starting value of tracks =  221
 tracks = 205 at attempts =  1000
 tracks = 202 at attempts =  2000
 tracks = 200 at attempts =  3000
 tracks = 198 at attempts =  4000
 tracks = 198 at attempts =  5000
 tracks = 198 at attempts =  6000
 tracks = 198 at attempts =  7000
 tracks = 198 at attempts =  8000
 tracks = 198 at attempts =  9000
 tracks = 198 at attempts = 10000
 tracks = 198 at attempts = 11000
 tracks = 198 at attempts = 12000
 tracks = 198 at attempts = 13000
 tracks = 198 at attempts = 14000
 tracks = 198 at attempts = 15000
 tracks = 198 at attempts = 16000
 tracks = 198 at attempts = 17000
 tracks = 198 at attempts = 18000
 tracks = 198 at attempts = 19000
 tracks = 197 at attempts = 20000
 tracks = 197 at attempts = 21000
 tracks = 197 at attempts = 22000
 tracks = 197 at attempts = 23000
 tracks = 197 at attempts = 24000
 tracks = 197 at attempts = 25000
 tracks = 196 at attempts = 26000
 removing redundant feed-through pins
 the connectivity of all the nets is verified

 block left edge is at -399
 the longest block length is 51360
 building the steiner trees
 rebuilding the steiner tree

----start doing coarse global routing ------ 
 ITERATION  1

  longest Row is:1   Its length is:49440
 doing feed-through pins assignment
 building the net-tree now !
 set up the global routing grids
 the starting value of tracks =  223
 tracks = 206 at attempts =  1000
 tracks = 202 at attempts =  2000
 tracks = 199 at attempts =  3000
 tracks = 198 at attempts =  4000
 tracks = 198 at attempts =  5000
 tracks = 198 at attempts =  6000
 tracks = 196 at attempts =  7000
 tracks = 195 at attempts =  8000
 tracks = 195 at attempts =  9000
 tracks = 195 at attempts = 10000
 tracks = 195 at attempts = 11000
 tracks = 195 at attempts = 12000
 tracks = 195 at attempts = 13000
 tracks = 195 at attempts = 14000
 tracks = 195 at attempts = 15000
 tracks = 195 at attempts = 16000
 tracks = 194 at attempts = 17000
 tracks = 194 at attempts = 18000
 tracks = 194 at attempts = 19000
 tracks = 194 at attempts = 20000
 tracks = 194 at attempts = 21000
 tracks = 194 at attempts = 22000
 tracks = 194 at attempts = 23000
 tracks = 194 at attempts = 24000
 tracks = 194 at attempts = 25000
 tracks = 194 at attempts = 26000
 removing redundant feed-through pins
 the connectivity of all the nets is verified

 block left edge is at -399
 the longest block length is 51360
 building the steiner trees
 rebuilding the steiner tree

----start doing coarse global routing ------ 
 ITERATION  1

  longest Row is:1   Its length is:49440
 doing feed-through pins assignment
 building the net-tree now !
 set up the global routing grids
 the starting value of tracks =  255
 tracks = 250 at attempts =  1000
 tracks = 250 at attempts =  2000
 tracks = 249 at attempts =  3000
 tracks = 249 at attempts =  4000
 tracks = 249 at attempts =  5000
 tracks = 249 at attempts =  6000
 tracks = 249 at attempts =  7000
 tracks = 249 at attempts =  8000
 tracks = 249 at attempts =  9000
 tracks = 249 at attempts = 10000
 tracks = 249 at attempts = 11000
 tracks = 249 at attempts = 12000
 tracks = 249 at attempts = 13000
 tracks = 249 at attempts = 14000
 tracks = 249 at attempts = 15000
 tracks = 249 at attempts = 16000
 tracks = 249 at attempts = 17000
 tracks = 249 at attempts = 18000
 tracks = 249 at attempts = 19000
 tracks = 249 at attempts = 20000
 tracks = 249 at attempts = 21000
 tracks = 249 at attempts = 22000
 tracks = 249 at attempts = 23000
 tracks = 249 at attempts = 24000
 tracks = 249 at attempts = 25000
 tracks = 249 at attempts = 26000
 removing redundant feed-through pins
 the connectivity of all the nets is verified


***********************************************
*ACTUAL* FINAL NUMBER OF ROUTING TRACKS: 193
***********************************************


TimberWolfSC terminated normally with no errors and 0 warning[s]


twflow terminated normally with no errors and 0 warning[s]

Running getantennacell to determine cell to use for antenna anchors.
getantennacell.tcl internal_register  /usr/local/share/qflow/tech/osu035/osu035_stdcells.lef 
Running getfillcell to determine cell to use for fill.
getfillcell.tcl internal_register  /usr/local/share/qflow/tech/osu035/osu035_stdcells.lef FILL
Using cell FILL for fill
Running place2def to translate graywolf output to DEF format.
place2def.tcl internal_register FILL 
Running place2def.tcl
DEF database: 100 units per micron
Limits: xbot = -750.0 ybot = -530.0 xtop = 49550.0 ytop = 34330.0
Core values: 80 100 49520 34100
Offsets: 80 100
4 routing layers
175 horizontal tracks from -400.0 to 34600.0 step 200 (M1, M3, ...)
316 vertical tracks from -480.0 to 50080.0 step 160 (M2, M4, ...)
Summary: Total components = 1028
  Fill cells  = 0
  Other cells = 1028
Done with place2def.tcl
Running addspacers to generate power stripes and align cell right edge
addspacers -stripe 5.0 150.0 PG -p vdd -g gnd -f FILL -O  -l  /usr/local/share/qflow/tech/osu035/osu035_stdcells.lef -o internal_register_filled.def internal_register
Stripe pitch requested = 150, stripe pitch used = 150.4
Stripe width requested = 5, stripe width used = 6.4
Initial core layout: (80 100) to (49520 34100) (scale um * 100)
Running arrangepins to adjust pin positions for optimal routing.
arrangepins.tcl  internal_register
Reading info file internal_register.info. . .
Reading DEF file internal_register.def. . .
Recalculating pin positions
Writing DEF file internal_register_mod.def. . .
Done with arrangepins.tcl
DEF2Verilog -v /home/akash/Documents/DigitalLab/verilog_tasks/task_2/internal_register/synthesis/internal_register.rtlnopwr.v -o /home/akash/Documents/DigitalLab/verilog_tasks/task_2/internal_register/synthesis/internal_register_anno.v
-p vdd -g gnd  -l  /usr/local/share/qflow/tech/osu035/osu035_stdcells.lef internal_register.def

Generating RTL verilog and SPICE netlist file in directory
   /home/akash/Documents/DigitalLab/verilog_tasks/task_2/internal_register/synthesis
Files:
   Verilog: /home/akash/Documents/DigitalLab/verilog_tasks/task_2/internal_register/synthesis/internal_register.rtl.v
   Verilog: /home/akash/Documents/DigitalLab/verilog_tasks/task_2/internal_register/synthesis/internal_register.rtlnopwr.v
   Verilog: /home/akash/Documents/DigitalLab/verilog_tasks/task_2/internal_register/synthesis/internal_register.rtlbb.v
   Spice:   /home/akash/Documents/DigitalLab/verilog_tasks/task_2/internal_register/synthesis/internal_register.spc

Running vlog2Verilog.
vlog2Verilog -c -v vdd -g gnd -o internal_register.rtl.v internal_register_anno.v
vlog2Verilog -c -p -v vdd -g gnd -o internal_register.rtlnopwr.v internal_register_anno.v
vlog2Verilog -c -b -p -n -v vdd -g gnd -o internal_register.rtlbb.v internal_register_anno.v
Running vlog2Spice.
vlog2Spice -i -l  /usr/local/share/qflow/tech/osu035/osu035_stdcells.sp -o internal_register.spc internal_register.rtl.v
Placement script ended on Mo 8. Jun 18:05:35 CEST 2020
