
Cell OAI21X1 disconnected node: A
Cell OAI21X1 disconnected node: B
Cell OAI21X1 disconnected node: C
Cell OAI21X1 disconnected node: gnd
Cell OAI21X1 disconnected node: Y
Cell OAI21X1 disconnected node: vdd

Subcircuit pins:
Circuit 1: OAI21X1                         |Circuit 2: OAI21X1                         
-------------------------------------------|-------------------------------------------
A                                          |A                                          
B                                          |B                                          
C                                          |C                                          
gnd                                        |gnd                                        
Y                                          |Y                                          
vdd                                        |vdd                                        
---------------------------------------------------------------------------------------
Cell pin lists are equivalent.
Device classes OAI21X1 and OAI21X1 are equivalent.

Cell MUX2X1 disconnected node: A
Cell MUX2X1 disconnected node: B
Cell MUX2X1 disconnected node: S
Cell MUX2X1 disconnected node: gnd
Cell MUX2X1 disconnected node: Y
Cell MUX2X1 disconnected node: vdd

Subcircuit pins:
Circuit 1: MUX2X1                          |Circuit 2: MUX2X1                          
-------------------------------------------|-------------------------------------------
A                                          |A                                          
B                                          |B                                          
S                                          |S                                          
gnd                                        |gnd                                        
Y                                          |Y                                          
vdd                                        |vdd                                        
---------------------------------------------------------------------------------------
Cell pin lists are equivalent.
Device classes MUX2X1 and MUX2X1 are equivalent.

Cell AOI21X1 disconnected node: A
Cell AOI21X1 disconnected node: B
Cell AOI21X1 disconnected node: C
Cell AOI21X1 disconnected node: gnd
Cell AOI21X1 disconnected node: Y
Cell AOI21X1 disconnected node: vdd

Subcircuit pins:
Circuit 1: AOI21X1                         |Circuit 2: AOI21X1                         
-------------------------------------------|-------------------------------------------
A                                          |A                                          
B                                          |B                                          
C                                          |C                                          
gnd                                        |gnd                                        
Y                                          |Y                                          
vdd                                        |vdd                                        
---------------------------------------------------------------------------------------
Cell pin lists are equivalent.
Device classes AOI21X1 and AOI21X1 are equivalent.

Cell NAND3X1 disconnected node: A
Cell NAND3X1 disconnected node: B
Cell NAND3X1 disconnected node: C
Cell NAND3X1 disconnected node: gnd
Cell NAND3X1 disconnected node: Y
Cell NAND3X1 disconnected node: vdd

Subcircuit pins:
Circuit 1: NAND3X1                         |Circuit 2: NAND3X1                         
-------------------------------------------|-------------------------------------------
A                                          |A                                          
B                                          |B                                          
C                                          |C                                          
gnd                                        |gnd                                        
Y                                          |Y                                          
vdd                                        |vdd                                        
---------------------------------------------------------------------------------------
Cell pin lists are equivalent.
Device classes NAND3X1 and NAND3X1 are equivalent.

Cell DFFPOSX1 disconnected node: Q
Cell DFFPOSX1 disconnected node: CLK
Cell DFFPOSX1 disconnected node: D
Cell DFFPOSX1 disconnected node: gnd
Cell DFFPOSX1 disconnected node: vdd

Subcircuit pins:
Circuit 1: DFFPOSX1                        |Circuit 2: DFFPOSX1                        
-------------------------------------------|-------------------------------------------
Q                                          |Q                                          
CLK                                        |CLK                                        
D                                          |D                                          
gnd                                        |gnd                                        
vdd                                        |vdd                                        
---------------------------------------------------------------------------------------
Cell pin lists are equivalent.
Device classes DFFPOSX1 and DFFPOSX1 are equivalent.

Cell NAND2X1 disconnected node: A
Cell NAND2X1 disconnected node: B
Cell NAND2X1 disconnected node: gnd
Cell NAND2X1 disconnected node: Y
Cell NAND2X1 disconnected node: vdd

Subcircuit pins:
Circuit 1: NAND2X1                         |Circuit 2: NAND2X1                         
-------------------------------------------|-------------------------------------------
A                                          |A                                          
B                                          |B                                          
gnd                                        |gnd                                        
Y                                          |Y                                          
vdd                                        |vdd                                        
---------------------------------------------------------------------------------------
Cell pin lists are equivalent.
Device classes NAND2X1 and NAND2X1 are equivalent.

Cell BUFX2 disconnected node: A
Cell BUFX2 disconnected node: gnd
Cell BUFX2 disconnected node: Y
Cell BUFX2 disconnected node: vdd

Subcircuit pins:
Circuit 1: BUFX2                           |Circuit 2: BUFX2                           
-------------------------------------------|-------------------------------------------
A                                          |A                                          
gnd                                        |gnd                                        
Y                                          |Y                                          
vdd                                        |vdd                                        
---------------------------------------------------------------------------------------
Cell pin lists are equivalent.
Device classes BUFX2 and BUFX2 are equivalent.

Cell INVX1 disconnected node: A
Cell INVX1 disconnected node: gnd
Cell INVX1 disconnected node: Y
Cell INVX1 disconnected node: vdd

Subcircuit pins:
Circuit 1: INVX1                           |Circuit 2: INVX1                           
-------------------------------------------|-------------------------------------------
A                                          |A                                          
gnd                                        |gnd                                        
Y                                          |Y                                          
vdd                                        |vdd                                        
---------------------------------------------------------------------------------------
Cell pin lists are equivalent.
Device classes INVX1 and INVX1 are equivalent.

Cell OAI22X1 disconnected node: A
Cell OAI22X1 disconnected node: B
Cell OAI22X1 disconnected node: C
Cell OAI22X1 disconnected node: D
Cell OAI22X1 disconnected node: gnd
Cell OAI22X1 disconnected node: Y
Cell OAI22X1 disconnected node: vdd

Subcircuit pins:
Circuit 1: OAI22X1                         |Circuit 2: OAI22X1                         
-------------------------------------------|-------------------------------------------
A                                          |A                                          
B                                          |B                                          
C                                          |C                                          
D                                          |D                                          
gnd                                        |gnd                                        
Y                                          |Y                                          
vdd                                        |vdd                                        
---------------------------------------------------------------------------------------
Cell pin lists are equivalent.
Device classes OAI22X1 and OAI22X1 are equivalent.

Cell INVX4 disconnected node: A
Cell INVX4 disconnected node: gnd
Cell INVX4 disconnected node: Y
Cell INVX4 disconnected node: vdd

Subcircuit pins:
Circuit 1: INVX4                           |Circuit 2: INVX4                           
-------------------------------------------|-------------------------------------------
A                                          |A                                          
gnd                                        |gnd                                        
Y                                          |Y                                          
vdd                                        |vdd                                        
---------------------------------------------------------------------------------------
Cell pin lists are equivalent.
Device classes INVX4 and INVX4 are equivalent.

Cell NOR2X1 disconnected node: A
Cell NOR2X1 disconnected node: B
Cell NOR2X1 disconnected node: gnd
Cell NOR2X1 disconnected node: Y
Cell NOR2X1 disconnected node: vdd

Subcircuit pins:
Circuit 1: NOR2X1                          |Circuit 2: NOR2X1                          
-------------------------------------------|-------------------------------------------
A                                          |A                                          
B                                          |B                                          
gnd                                        |gnd                                        
Y                                          |Y                                          
vdd                                        |vdd                                        
---------------------------------------------------------------------------------------
Cell pin lists are equivalent.
Device classes NOR2X1 and NOR2X1 are equivalent.

Cell AND2X2 disconnected node: A
Cell AND2X2 disconnected node: B
Cell AND2X2 disconnected node: gnd
Cell AND2X2 disconnected node: Y
Cell AND2X2 disconnected node: vdd

Subcircuit pins:
Circuit 1: AND2X2                          |Circuit 2: AND2X2                          
-------------------------------------------|-------------------------------------------
A                                          |A                                          
B                                          |B                                          
gnd                                        |gnd                                        
Y                                          |Y                                          
vdd                                        |vdd                                        
---------------------------------------------------------------------------------------
Cell pin lists are equivalent.
Device classes AND2X2 and AND2X2 are equivalent.

Cell XOR2X1 disconnected node: A
Cell XOR2X1 disconnected node: B
Cell XOR2X1 disconnected node: gnd
Cell XOR2X1 disconnected node: Y
Cell XOR2X1 disconnected node: vdd

Subcircuit pins:
Circuit 1: XOR2X1                          |Circuit 2: XOR2X1                          
-------------------------------------------|-------------------------------------------
A                                          |A                                          
B                                          |B                                          
gnd                                        |gnd                                        
Y                                          |Y                                          
vdd                                        |vdd                                        
---------------------------------------------------------------------------------------
Cell pin lists are equivalent.
Device classes XOR2X1 and XOR2X1 are equivalent.

Cell XNOR2X1 disconnected node: A
Cell XNOR2X1 disconnected node: B
Cell XNOR2X1 disconnected node: gnd
Cell XNOR2X1 disconnected node: Y
Cell XNOR2X1 disconnected node: vdd

Subcircuit pins:
Circuit 1: XNOR2X1                         |Circuit 2: XNOR2X1                         
-------------------------------------------|-------------------------------------------
A                                          |A                                          
B                                          |B                                          
gnd                                        |gnd                                        
Y                                          |Y                                          
vdd                                        |vdd                                        
---------------------------------------------------------------------------------------
Cell pin lists are equivalent.
Device classes XNOR2X1 and XNOR2X1 are equivalent.

Cell AOI22X1 disconnected node: A
Cell AOI22X1 disconnected node: B
Cell AOI22X1 disconnected node: C
Cell AOI22X1 disconnected node: D
Cell AOI22X1 disconnected node: gnd
Cell AOI22X1 disconnected node: Y
Cell AOI22X1 disconnected node: vdd

Subcircuit pins:
Circuit 1: AOI22X1                         |Circuit 2: AOI22X1                         
-------------------------------------------|-------------------------------------------
A                                          |A                                          
B                                          |B                                          
C                                          |C                                          
D                                          |D                                          
gnd                                        |gnd                                        
Y                                          |Y                                          
vdd                                        |vdd                                        
---------------------------------------------------------------------------------------
Cell pin lists are equivalent.
Device classes AOI22X1 and AOI22X1 are equivalent.

Cell OR2X2 disconnected node: A
Cell OR2X2 disconnected node: B
Cell OR2X2 disconnected node: gnd
Cell OR2X2 disconnected node: Y
Cell OR2X2 disconnected node: vdd

Subcircuit pins:
Circuit 1: OR2X2                           |Circuit 2: OR2X2                           
-------------------------------------------|-------------------------------------------
A                                          |A                                          
B                                          |B                                          
gnd                                        |gnd                                        
Y                                          |Y                                          
vdd                                        |vdd                                        
---------------------------------------------------------------------------------------
Cell pin lists are equivalent.
Device classes OR2X2 and OR2X2 are equivalent.

Cell INVX8 disconnected node: A
Cell INVX8 disconnected node: gnd
Cell INVX8 disconnected node: Y
Cell INVX8 disconnected node: vdd

Subcircuit pins:
Circuit 1: INVX8                           |Circuit 2: INVX8                           
-------------------------------------------|-------------------------------------------
A                                          |A                                          
gnd                                        |gnd                                        
Y                                          |Y                                          
vdd                                        |vdd                                        
---------------------------------------------------------------------------------------
Cell pin lists are equivalent.
Device classes INVX8 and INVX8 are equivalent.

Cell NOR3X1 disconnected node: A
Cell NOR3X1 disconnected node: B
Cell NOR3X1 disconnected node: C
Cell NOR3X1 disconnected node: gnd
Cell NOR3X1 disconnected node: Y
Cell NOR3X1 disconnected node: vdd

Subcircuit pins:
Circuit 1: NOR3X1                          |Circuit 2: NOR3X1                          
-------------------------------------------|-------------------------------------------
A                                          |A                                          
B                                          |B                                          
C                                          |C                                          
gnd                                        |gnd                                        
Y                                          |Y                                          
vdd                                        |vdd                                        
---------------------------------------------------------------------------------------
Cell pin lists are equivalent.
Device classes NOR3X1 and NOR3X1 are equivalent.

Cell CLKBUF1 disconnected node: A
Cell CLKBUF1 disconnected node: gnd
Cell CLKBUF1 disconnected node: Y
Cell CLKBUF1 disconnected node: vdd

Subcircuit pins:
Circuit 1: CLKBUF1                         |Circuit 2: CLKBUF1                         
-------------------------------------------|-------------------------------------------
A                                          |A                                          
gnd                                        |gnd                                        
Y                                          |Y                                          
vdd                                        |vdd                                        
---------------------------------------------------------------------------------------
Cell pin lists are equivalent.
Device classes CLKBUF1 and CLKBUF1 are equivalent.

Cell INVX2 disconnected node: A
Cell INVX2 disconnected node: gnd
Cell INVX2 disconnected node: Y
Cell INVX2 disconnected node: vdd

Subcircuit pins:
Circuit 1: INVX2                           |Circuit 2: INVX2                           
-------------------------------------------|-------------------------------------------
A                                          |A                                          
gnd                                        |gnd                                        
Y                                          |Y                                          
vdd                                        |vdd                                        
---------------------------------------------------------------------------------------
Cell pin lists are equivalent.
Device classes INVX2 and INVX2 are equivalent.

Subcircuit summary:
Circuit 1: uProcessor                      |Circuit 2: uProcessor                      
-------------------------------------------|-------------------------------------------
NAND3X1 (192)                              |NAND3X1 (192)                              
BUFX2 (322)                                |BUFX2 (322)                                
NOR2X1 (347)                               |NOR2X1 (347)                               
OAI21X1 (334)                              |OAI21X1 (334)                              
INVX1 (380)                                |INVX1 (380)                                
INVX8 (7)                                  |INVX8 (7)                                  
NAND2X1 (343)                              |NAND2X1 (343)                              
OAI22X1 (138)                              |OAI22X1 (138)                              
MUX2X1 (96)                                |MUX2X1 (96)                                
DFFPOSX1 (203)                             |DFFPOSX1 (203)                             
AND2X2 (91)                                |AND2X2 (91)                                
AOI21X1 (174)                              |AOI21X1 (174)                              
XNOR2X1 (49)                               |XNOR2X1 (49)                               
OR2X2 (34)                                 |OR2X2 (34)                                 
AOI22X1 (67)                               |AOI22X1 (67)                               
NOR3X1 (16)                                |NOR3X1 (16)                                
INVX4 (18)                                 |INVX4 (18)                                 
CLKBUF1 (14)                               |CLKBUF1 (14)                               
XOR2X1 (24)                                |XOR2X1 (24)                                
INVX2 (4)                                  |INVX2 (4)                                  
Number of devices: 2853                    |Number of devices: 2853                    
Number of nets: 2873                       |Number of nets: 2873                       
---------------------------------------------------------------------------------------
Circuits match uniquely.
Netlists match uniquely.

Subcircuit pins:
Circuit 1: uProcessor                      |Circuit 2: uProcessor                      
-------------------------------------------|-------------------------------------------
clock                                      |clock                                      
data_out[3]                                |data_out[3]                                
data_out[7]                                |data_out[7]                                
data_out[8]                                |data_out[8]                                
data_out[9]                                |data_out[9]                                
data_out[11]                               |data_out[11]                               
data_out[12]                               |data_out[12]                               
data_out[4]                                |data_out[4]                                
data_out[5]                                |data_out[5]                                
data_out[0]                                |data_out[0]                                
data_out[1]                                |data_out[1]                                
data_out[6]                                |data_out[6]                                
data_out[10]                               |data_out[10]                               
data_out[13]                               |data_out[13]                               
data_out[14]                               |data_out[14]                               
data_out[15]                               |data_out[15]                               
data_out[2]                                |data_out[2]                                
mem_rd                                     |mem_rd                                     
mem_wr                                     |mem_wr                                     
adrs_bus[3]                                |adrs_bus[3]                                
adrs_bus[14]                               |adrs_bus[14]                               
adrs_bus[11]                               |adrs_bus[11]                               
adrs_bus[10]                               |adrs_bus[10]                               
adrs_bus[2]                                |adrs_bus[2]                                
adrs_bus[7]                                |adrs_bus[7]                                
adrs_bus[6]                                |adrs_bus[6]                                
adrs_bus[9]                                |adrs_bus[9]                                
adrs_bus[0]                                |adrs_bus[0]                                
adrs_bus[8]                                |adrs_bus[8]                                
adrs_bus[5]                                |adrs_bus[5]                                
adrs_bus[4]                                |adrs_bus[4]                                
adrs_bus[15]                               |adrs_bus[15]                               
adrs_bus[12]                               |adrs_bus[12]                               
adrs_bus[13]                               |adrs_bus[13]                               
adrs_bus[1]                                |adrs_bus[1]                                
vdd                                        |vdd                                        
gnd                                        |gnd                                        
reset                                      |reset                                      
data_in[2]                                 |data_in[2]                                 
data_in[10]                                |data_in[10]                                
data_in[9]                                 |data_in[9]                                 
data_in[11]                                |data_in[11]                                
data_in[1]                                 |data_in[1]                                 
data_in[8]                                 |data_in[8]                                 
data_in[0]                                 |data_in[0]                                 
data_in[14]                                |data_in[14]                                
data_in[13]                                |data_in[13]                                
data_in[12]                                |data_in[12]                                
data_in[15]                                |data_in[15]                                
data_in[6]                                 |data_in[6]                                 
data_in[5]                                 |data_in[5]                                 
data_in[7]                                 |data_in[7]                                 
data_in[4]                                 |data_in[4]                                 
data_in[3]                                 |data_in[3]                                 
---------------------------------------------------------------------------------------
Cell pin lists are equivalent.
Device classes uProcessor and uProcessor are equivalent.
Circuits match uniquely.
