
Cell OAI22X1 disconnected node: A
Cell OAI22X1 disconnected node: B
Cell OAI22X1 disconnected node: C
Cell OAI22X1 disconnected node: D
Cell OAI22X1 disconnected node: gnd
Cell OAI22X1 disconnected node: Y
Cell OAI22X1 disconnected node: vdd

Subcircuit pins:
Circuit 1: OAI22X1                         |Circuit 2: OAI22X1                         
-------------------------------------------|-------------------------------------------
A                                          |A                                          
B                                          |B                                          
C                                          |C                                          
D                                          |D                                          
gnd                                        |gnd                                        
Y                                          |Y                                          
vdd                                        |vdd                                        
---------------------------------------------------------------------------------------
Cell pin lists are equivalent.
Device classes OAI22X1 and OAI22X1 are equivalent.

Cell DFFPOSX1 disconnected node: Q
Cell DFFPOSX1 disconnected node: CLK
Cell DFFPOSX1 disconnected node: D
Cell DFFPOSX1 disconnected node: gnd
Cell DFFPOSX1 disconnected node: vdd

Subcircuit pins:
Circuit 1: DFFPOSX1                        |Circuit 2: DFFPOSX1                        
-------------------------------------------|-------------------------------------------
Q                                          |Q                                          
CLK                                        |CLK                                        
D                                          |D                                          
gnd                                        |gnd                                        
vdd                                        |vdd                                        
---------------------------------------------------------------------------------------
Cell pin lists are equivalent.
Device classes DFFPOSX1 and DFFPOSX1 are equivalent.

Cell NAND2X1 disconnected node: A
Cell NAND2X1 disconnected node: B
Cell NAND2X1 disconnected node: gnd
Cell NAND2X1 disconnected node: Y
Cell NAND2X1 disconnected node: vdd

Subcircuit pins:
Circuit 1: NAND2X1                         |Circuit 2: NAND2X1                         
-------------------------------------------|-------------------------------------------
A                                          |A                                          
B                                          |B                                          
gnd                                        |gnd                                        
Y                                          |Y                                          
vdd                                        |vdd                                        
---------------------------------------------------------------------------------------
Cell pin lists are equivalent.
Device classes NAND2X1 and NAND2X1 are equivalent.

Cell BUFX2 disconnected node: A
Cell BUFX2 disconnected node: gnd
Cell BUFX2 disconnected node: Y
Cell BUFX2 disconnected node: vdd

Subcircuit pins:
Circuit 1: BUFX2                           |Circuit 2: BUFX2                           
-------------------------------------------|-------------------------------------------
A                                          |A                                          
gnd                                        |gnd                                        
Y                                          |Y                                          
vdd                                        |vdd                                        
---------------------------------------------------------------------------------------
Cell pin lists are equivalent.
Device classes BUFX2 and BUFX2 are equivalent.

Cell OAI21X1 disconnected node: A
Cell OAI21X1 disconnected node: B
Cell OAI21X1 disconnected node: C
Cell OAI21X1 disconnected node: gnd
Cell OAI21X1 disconnected node: Y
Cell OAI21X1 disconnected node: vdd

Subcircuit pins:
Circuit 1: OAI21X1                         |Circuit 2: OAI21X1                         
-------------------------------------------|-------------------------------------------
A                                          |A                                          
B                                          |B                                          
C                                          |C                                          
gnd                                        |gnd                                        
Y                                          |Y                                          
vdd                                        |vdd                                        
---------------------------------------------------------------------------------------
Cell pin lists are equivalent.
Device classes OAI21X1 and OAI21X1 are equivalent.

Cell NOR2X1 disconnected node: A
Cell NOR2X1 disconnected node: B
Cell NOR2X1 disconnected node: gnd
Cell NOR2X1 disconnected node: Y
Cell NOR2X1 disconnected node: vdd

Subcircuit pins:
Circuit 1: NOR2X1                          |Circuit 2: NOR2X1                          
-------------------------------------------|-------------------------------------------
A                                          |A                                          
B                                          |B                                          
gnd                                        |gnd                                        
Y                                          |Y                                          
vdd                                        |vdd                                        
---------------------------------------------------------------------------------------
Cell pin lists are equivalent.
Device classes NOR2X1 and NOR2X1 are equivalent.

Cell INVX1 disconnected node: A
Cell INVX1 disconnected node: gnd
Cell INVX1 disconnected node: Y
Cell INVX1 disconnected node: vdd

Subcircuit pins:
Circuit 1: INVX1                           |Circuit 2: INVX1                           
-------------------------------------------|-------------------------------------------
A                                          |A                                          
gnd                                        |gnd                                        
Y                                          |Y                                          
vdd                                        |vdd                                        
---------------------------------------------------------------------------------------
Cell pin lists are equivalent.
Device classes INVX1 and INVX1 are equivalent.

Cell NAND3X1 disconnected node: A
Cell NAND3X1 disconnected node: B
Cell NAND3X1 disconnected node: C
Cell NAND3X1 disconnected node: gnd
Cell NAND3X1 disconnected node: Y
Cell NAND3X1 disconnected node: vdd

Subcircuit pins:
Circuit 1: NAND3X1                         |Circuit 2: NAND3X1                         
-------------------------------------------|-------------------------------------------
A                                          |A                                          
B                                          |B                                          
C                                          |C                                          
gnd                                        |gnd                                        
Y                                          |Y                                          
vdd                                        |vdd                                        
---------------------------------------------------------------------------------------
Cell pin lists are equivalent.
Device classes NAND3X1 and NAND3X1 are equivalent.

Cell MUX2X1 disconnected node: A
Cell MUX2X1 disconnected node: B
Cell MUX2X1 disconnected node: S
Cell MUX2X1 disconnected node: gnd
Cell MUX2X1 disconnected node: Y
Cell MUX2X1 disconnected node: vdd

Subcircuit pins:
Circuit 1: MUX2X1                          |Circuit 2: MUX2X1                          
-------------------------------------------|-------------------------------------------
A                                          |A                                          
B                                          |B                                          
S                                          |S                                          
gnd                                        |gnd                                        
Y                                          |Y                                          
vdd                                        |vdd                                        
---------------------------------------------------------------------------------------
Cell pin lists are equivalent.
Device classes MUX2X1 and MUX2X1 are equivalent.

Cell AND2X2 disconnected node: A
Cell AND2X2 disconnected node: B
Cell AND2X2 disconnected node: gnd
Cell AND2X2 disconnected node: Y
Cell AND2X2 disconnected node: vdd

Subcircuit pins:
Circuit 1: AND2X2                          |Circuit 2: AND2X2                          
-------------------------------------------|-------------------------------------------
A                                          |A                                          
B                                          |B                                          
gnd                                        |gnd                                        
Y                                          |Y                                          
vdd                                        |vdd                                        
---------------------------------------------------------------------------------------
Cell pin lists are equivalent.
Device classes AND2X2 and AND2X2 are equivalent.

Cell INVX4 disconnected node: A
Cell INVX4 disconnected node: gnd
Cell INVX4 disconnected node: Y
Cell INVX4 disconnected node: vdd

Subcircuit pins:
Circuit 1: INVX4                           |Circuit 2: INVX4                           
-------------------------------------------|-------------------------------------------
A                                          |A                                          
gnd                                        |gnd                                        
Y                                          |Y                                          
vdd                                        |vdd                                        
---------------------------------------------------------------------------------------
Cell pin lists are equivalent.
Device classes INVX4 and INVX4 are equivalent.

Cell OR2X2 disconnected node: A
Cell OR2X2 disconnected node: B
Cell OR2X2 disconnected node: gnd
Cell OR2X2 disconnected node: Y
Cell OR2X2 disconnected node: vdd

Subcircuit pins:
Circuit 1: OR2X2                           |Circuit 2: OR2X2                           
-------------------------------------------|-------------------------------------------
A                                          |A                                          
B                                          |B                                          
gnd                                        |gnd                                        
Y                                          |Y                                          
vdd                                        |vdd                                        
---------------------------------------------------------------------------------------
Cell pin lists are equivalent.
Device classes OR2X2 and OR2X2 are equivalent.

Cell INVX2 disconnected node: A
Cell INVX2 disconnected node: gnd
Cell INVX2 disconnected node: Y
Cell INVX2 disconnected node: vdd

Subcircuit pins:
Circuit 1: INVX2                           |Circuit 2: INVX2                           
-------------------------------------------|-------------------------------------------
A                                          |A                                          
gnd                                        |gnd                                        
Y                                          |Y                                          
vdd                                        |vdd                                        
---------------------------------------------------------------------------------------
Cell pin lists are equivalent.
Device classes INVX2 and INVX2 are equivalent.

Cell INVX8 disconnected node: A
Cell INVX8 disconnected node: gnd
Cell INVX8 disconnected node: Y
Cell INVX8 disconnected node: vdd

Subcircuit pins:
Circuit 1: INVX8                           |Circuit 2: INVX8                           
-------------------------------------------|-------------------------------------------
A                                          |A                                          
gnd                                        |gnd                                        
Y                                          |Y                                          
vdd                                        |vdd                                        
---------------------------------------------------------------------------------------
Cell pin lists are equivalent.
Device classes INVX8 and INVX8 are equivalent.

Cell CLKBUF1 disconnected node: A
Cell CLKBUF1 disconnected node: gnd
Cell CLKBUF1 disconnected node: Y
Cell CLKBUF1 disconnected node: vdd

Subcircuit pins:
Circuit 1: CLKBUF1                         |Circuit 2: CLKBUF1                         
-------------------------------------------|-------------------------------------------
A                                          |A                                          
gnd                                        |gnd                                        
Y                                          |Y                                          
vdd                                        |vdd                                        
---------------------------------------------------------------------------------------
Cell pin lists are equivalent.
Device classes CLKBUF1 and CLKBUF1 are equivalent.

Subcircuit summary:
Circuit 1: internal_register               |Circuit 2: internal_register               
-------------------------------------------|-------------------------------------------
NOR2X1 (100)                               |NOR2X1 (100)                               
DFFPOSX1 (160)                             |DFFPOSX1 (160)                             
BUFX2 (143)                                |BUFX2 (143)                                
OAI21X1 (320)                              |OAI21X1 (320)                              
INVX2 (16)                                 |INVX2 (16)                                 
OAI22X1 (64)                               |OAI22X1 (64)                               
INVX1 (34)                                 |INVX1 (34)                                 
MUX2X1 (64)                                |MUX2X1 (64)                                
NAND2X1 (70)                               |NAND2X1 (70)                               
NAND3X1 (34)                               |NAND3X1 (34)                               
CLKBUF1 (12)                               |CLKBUF1 (12)                               
INVX8 (4)                                  |INVX8 (4)                                  
AND2X2 (3)                                 |AND2X2 (3)                                 
OR2X2 (2)                                  |OR2X2 (2)                                  
INVX4 (2)                                  |INVX4 (2)                                  
Number of devices: 1028                    |Number of devices: 1028                    
Number of nets: 1058                       |Number of nets: 1058                       
---------------------------------------------------------------------------------------
Circuits match uniquely.
Netlists match uniquely.

Subcircuit pins:
Circuit 1: internal_register               |Circuit 2: internal_register               
-------------------------------------------|-------------------------------------------
clock                                      |clock                                      
wr_en                                      |wr_en                                      
ra_adrs[1]                                 |ra_adrs[1]                                 
rb_adrs[1]                                 |rb_adrs[1]                                 
rb_adrs[0]                                 |rb_adrs[0]                                 
ra_adrs[0]                                 |ra_adrs[0]                                 
ra_out[14]                                 |ra_out[14]                                 
ra_out[10]                                 |ra_out[10]                                 
ra_out[5]                                  |ra_out[5]                                  
rb_out[9]                                  |rb_out[9]                                  
rb_out[14]                                 |rb_out[14]                                 
ra_out[2]                                  |ra_out[2]                                  
rb_out[1]                                  |rb_out[1]                                  
rb_out[2]                                  |rb_out[2]                                  
rb_out[4]                                  |rb_out[4]                                  
ra_out[4]                                  |ra_out[4]                                  
rb_out[5]                                  |rb_out[5]                                  
ra_out[11]                                 |ra_out[11]                                 
rb_out[11]                                 |rb_out[11]                                 
rb_out[8]                                  |rb_out[8]                                  
rb_out[15]                                 |rb_out[15]                                 
ra_out[15]                                 |ra_out[15]                                 
ra_out[8]                                  |ra_out[8]                                  
ra_out[13]                                 |ra_out[13]                                 
ra_out[3]                                  |ra_out[3]                                  
rb_out[6]                                  |rb_out[6]                                  
ra_out[12]                                 |ra_out[12]                                 
ra_out[6]                                  |ra_out[6]                                  
ra_out[9]                                  |ra_out[9]                                  
rb_out[12]                                 |rb_out[12]                                 
rb_out[13]                                 |rb_out[13]                                 
ra_out[7]                                  |ra_out[7]                                  
rb_out[0]                                  |rb_out[0]                                  
rb_out[10]                                 |rb_out[10]                                 
ra_out[1]                                  |ra_out[1]                                  
rb_out[7]                                  |rb_out[7]                                  
rb_out[3]                                  |rb_out[3]                                  
ra_out[0]                                  |ra_out[0]                                  
data_in[4]                                 |data_in[4]                                 
enable                                     |enable                                     
data_in[9]                                 |data_in[9]                                 
data_in[15]                                |data_in[15]                                
data_in[10]                                |data_in[10]                                
data_in[11]                                |data_in[11]                                
data_in[6]                                 |data_in[6]                                 
data_in[0]                                 |data_in[0]                                 
data_in[12]                                |data_in[12]                                
data_in[1]                                 |data_in[1]                                 
data_in[5]                                 |data_in[5]                                 
data_in[8]                                 |data_in[8]                                 
data_in[7]                                 |data_in[7]                                 
data_in[13]                                |data_in[13]                                
data_in[14]                                |data_in[14]                                
data_in[2]                                 |data_in[2]                                 
data_in[3]                                 |data_in[3]                                 
rd_adrs[2]                                 |rd_adrs[2]                                 
rd_adrs[1]                                 |rd_adrs[1]                                 
rb_adrs[2]                                 |rb_adrs[2]                                 
ra_adrs[2]                                 |ra_adrs[2]                                 
gnd                                        |gnd                                        
vdd                                        |vdd                                        
rd_adrs[0]                                 |rd_adrs[0]                                 
---------------------------------------------------------------------------------------
Cell pin lists are equivalent.
Device classes internal_register and internal_register are equivalent.
Circuits match uniquely.
