#! /usr/bin/vvp
:ivl_version "10.1 (stable)";
:ivl_delay_selection "TYPICAL";
:vpi_time_precision + 0;
:vpi_module "system";
:vpi_module "vhdl_sys";
:vpi_module "v2005_math";
:vpi_module "va_math";
S_0x55ee0796da60 .scope module, "alu_16bit" "alu_16bit" 2 16;
 .timescale 0 0;
    .port_info 0 /INPUT 16 "a"
    .port_info 1 /INPUT 16 "b"
    .port_info 2 /OUTPUT 1 "flag"
    .port_info 3 /INPUT 4 "op_code"
    .port_info 4 /OUTPUT 16 "result"
v0x55ee07990aa0_0 .net *"_s10", 31 0, L_0x55ee079a4630;  1 drivers
L_0x7f6577374330 .functor BUFT 1, C4<0000000000000000>, C4<0>, C4<0>, C4<0>;
v0x55ee07992110_0 .net *"_s13", 15 0, L_0x7f6577374330;  1 drivers
L_0x7f6577374378 .functor BUFT 1, C4<00000000000000000000000000000000>, C4<0>, C4<0>, C4<0>;
v0x55ee079921f0_0 .net/2u *"_s14", 31 0, L_0x7f6577374378;  1 drivers
o0x7f65773bd018 .functor BUFZ 16, C4<zzzzzzzzzzzzzzzz>; HiZ drive
v0x55ee079922e0_0 .net "a", 15 0, o0x7f65773bd018;  0 drivers
o0x7f65773bd048 .functor BUFZ 16, C4<zzzzzzzzzzzzzzzz>; HiZ drive
v0x55ee079923a0_0 .net "b", 15 0, o0x7f65773bd048;  0 drivers
v0x55ee07992460_0 .net "flag", 0 0, L_0x55ee079a4750;  1 drivers
v0x55ee07992520_0 .net "m0", 15 0, L_0x55ee07993370;  1 drivers
v0x55ee07992630_0 .net "m10", 15 0, L_0x55ee079a3c40;  1 drivers
v0x55ee07992740_0 .net "m12", 15 0, L_0x55ee079a3df0;  1 drivers
v0x55ee07992800_0 .net "m13", 15 0, L_0x55ee079a4020;  1 drivers
v0x55ee07992910_0 .net "m14", 15 0, L_0x55ee079a4200;  1 drivers
v0x55ee07992a20_0 .net "m15", 15 0, L_0x55ee079a44f0;  1 drivers
v0x55ee07992b30_0 .net "m4", 15 0, L_0x55ee07993410;  1 drivers
v0x55ee07992c40_0 .net "m6", 15 0, L_0x55ee079934e0;  1 drivers
v0x55ee07992d50_0 .net "m7", 15 0, L_0x55ee07993590;  1 drivers
v0x55ee07992e60_0 .net "m8", 15 0, L_0x55ee079938f0;  1 drivers
v0x55ee07992f70_0 .net "m9", 15 0, L_0x55ee079a3b00;  1 drivers
o0x7f65773bdc48 .functor BUFZ 4, C4<zzzz>; HiZ drive
v0x55ee07993190_0 .net "op_code", 3 0, o0x7f65773bdc48;  0 drivers
v0x55ee07993250_0 .net "result", 15 0, v0x55ee07991cf0_0;  1 drivers
L_0x55ee079a4630 .concat [ 16 16 0 0], v0x55ee07991cf0_0, L_0x7f6577374330;
L_0x55ee079a4750 .cmp/eq 32, L_0x55ee079a4630, L_0x7f6577374378;
S_0x55ee0796d720 .scope module, "inst01" "sum_16bit" 2 35, 3 1 0, S_0x55ee0796da60;
 .timescale 0 0;
    .port_info 0 /INPUT 16 "op1"
    .port_info 1 /INPUT 16 "op2"
    .port_info 2 /OUTPUT 16 "result"
v0x55ee0794b9e0_0 .net "op1", 15 0, o0x7f65773bd018;  alias, 0 drivers
v0x55ee0798c530_0 .net "op2", 15 0, o0x7f65773bd048;  alias, 0 drivers
v0x55ee0798c610_0 .net "result", 15 0, L_0x55ee07993370;  alias, 1 drivers
L_0x55ee07993370 .arith/sum 16, o0x7f65773bd018, o0x7f65773bd048;
S_0x55ee0798c750 .scope module, "inst02" "xor_16bit" 2 36, 4 1 0, S_0x55ee0796da60;
 .timescale 0 0;
    .port_info 0 /INPUT 16 "op1"
    .port_info 1 /INPUT 16 "op2"
    .port_info 2 /OUTPUT 16 "result"
L_0x55ee07993410 .functor XOR 16, o0x7f65773bd018, o0x7f65773bd048, C4<0000000000000000>, C4<0000000000000000>;
v0x55ee0798c970_0 .net "op1", 15 0, o0x7f65773bd018;  alias, 0 drivers
v0x55ee0798ca50_0 .net "op2", 15 0, o0x7f65773bd048;  alias, 0 drivers
v0x55ee0798caf0_0 .net "result", 15 0, L_0x55ee07993410;  alias, 1 drivers
S_0x55ee0798cc10 .scope module, "inst03" "or_16bit" 2 37, 5 1 0, S_0x55ee0796da60;
 .timescale 0 0;
    .port_info 0 /INPUT 16 "op1"
    .port_info 1 /INPUT 16 "op2"
    .port_info 2 /OUTPUT 16 "result"
L_0x55ee079934e0 .functor OR 16, o0x7f65773bd018, o0x7f65773bd048, C4<0000000000000000>, C4<0000000000000000>;
v0x55ee0798ce60_0 .net "op1", 15 0, o0x7f65773bd018;  alias, 0 drivers
v0x55ee0798cf70_0 .net "op2", 15 0, o0x7f65773bd048;  alias, 0 drivers
v0x55ee0798d080_0 .net "result", 15 0, L_0x55ee079934e0;  alias, 1 drivers
S_0x55ee0798d1c0 .scope module, "inst04" "and_16bit" 2 38, 6 1 0, S_0x55ee0796da60;
 .timescale 0 0;
    .port_info 0 /INPUT 16 "op1"
    .port_info 1 /INPUT 16 "op2"
    .port_info 2 /OUTPUT 16 "result"
L_0x55ee07993590 .functor AND 16, o0x7f65773bd018, o0x7f65773bd048, C4<1111111111111111>, C4<1111111111111111>;
v0x55ee0798d3e0_0 .net "op1", 15 0, o0x7f65773bd018;  alias, 0 drivers
v0x55ee0798d4c0_0 .net "op2", 15 0, o0x7f65773bd048;  alias, 0 drivers
v0x55ee0798d580_0 .net "result", 15 0, L_0x55ee07993590;  alias, 1 drivers
S_0x55ee0798d6c0 .scope module, "inst05" "isEqual_16bit" 2 39, 7 1 0, S_0x55ee0796da60;
 .timescale 0 0;
    .port_info 0 /INPUT 16 "op1"
    .port_info 1 /INPUT 16 "op2"
    .port_info 2 /OUTPUT 16 "result"
v0x55ee0798d930_0 .net *"_s2", 0 0, L_0x55ee07993640;  1 drivers
L_0x7f6577374018 .functor BUFT 1, C4<000000000000000>, C4<0>, C4<0>, C4<0>;
v0x55ee0798da10_0 .net/2u *"_s7", 14 0, L_0x7f6577374018;  1 drivers
v0x55ee0798daf0_0 .net "op1", 15 0, o0x7f65773bd018;  alias, 0 drivers
v0x55ee0798db90_0 .net "op2", 15 0, o0x7f65773bd048;  alias, 0 drivers
v0x55ee0798dc50_0 .net "result", 15 0, L_0x55ee079938f0;  alias, 1 drivers
L_0x55ee07993640 .cmp/eq 16, o0x7f65773bd018, o0x7f65773bd048;
L_0x55ee079938f0 .concat8 [ 1 15 0 0], L_0x55ee07993640, L_0x7f6577374018;
S_0x55ee0798ddb0 .scope module, "inst06" "isNotEqual_16bit" 2 40, 8 1 0, S_0x55ee0796da60;
 .timescale 0 0;
    .port_info 0 /INPUT 16 "op1"
    .port_info 1 /INPUT 16 "op2"
    .port_info 2 /OUTPUT 16 "result"
v0x55ee0798df80_0 .net *"_s2", 0 0, L_0x55ee079a3a60;  1 drivers
L_0x7f6577374060 .functor BUFT 1, C4<000000000000000>, C4<0>, C4<0>, C4<0>;
v0x55ee0798e060_0 .net/2u *"_s7", 14 0, L_0x7f6577374060;  1 drivers
v0x55ee0798e140_0 .net "op1", 15 0, o0x7f65773bd018;  alias, 0 drivers
v0x55ee0798e1e0_0 .net "op2", 15 0, o0x7f65773bd048;  alias, 0 drivers
v0x55ee0798e2a0_0 .net "result", 15 0, L_0x55ee079a3b00;  alias, 1 drivers
L_0x55ee079a3a60 .cmp/ne 16, o0x7f65773bd018, o0x7f65773bd048;
L_0x55ee079a3b00 .concat8 [ 1 15 0 0], L_0x55ee079a3a60, L_0x7f6577374060;
S_0x55ee0798e450 .scope module, "inst07" "sub_16bit" 2 41, 9 1 0, S_0x55ee0796da60;
 .timescale 0 0;
    .port_info 0 /INPUT 16 "op1"
    .port_info 1 /INPUT 16 "op2"
    .port_info 2 /OUTPUT 16 "result"
v0x55ee0798e670_0 .net "op1", 15 0, o0x7f65773bd018;  alias, 0 drivers
v0x55ee0798e750_0 .net "op2", 15 0, o0x7f65773bd048;  alias, 0 drivers
v0x55ee0798e810_0 .net "result", 15 0, L_0x55ee079a3c40;  alias, 1 drivers
L_0x55ee079a3c40 .arith/sub 16, o0x7f65773bd018, o0x7f65773bd048;
S_0x55ee0798e950 .scope module, "inst08" "signedLessThen_16bit" 2 42, 10 1 0, S_0x55ee0796da60;
 .timescale 0 0;
    .port_info 0 /INPUT 16 "op1"
    .port_info 1 /INPUT 16 "op2"
    .port_info 2 /OUTPUT 16 "result"
v0x55ee0798eb70_0 .net *"_s2", 0 0, L_0x55ee079a3d50;  1 drivers
L_0x7f65773740a8 .functor BUFT 1, C4<000000000000000>, C4<0>, C4<0>, C4<0>;
v0x55ee0798ec50_0 .net/2u *"_s7", 14 0, L_0x7f65773740a8;  1 drivers
v0x55ee0798ed30_0 .net "op1", 15 0, o0x7f65773bd018;  alias, 0 drivers
v0x55ee0798ee00_0 .net "op2", 15 0, o0x7f65773bd048;  alias, 0 drivers
v0x55ee0798eec0_0 .net "result", 15 0, L_0x55ee079a3df0;  alias, 1 drivers
L_0x55ee079a3d50 .cmp/gt.s 16, o0x7f65773bd048, o0x7f65773bd018;
L_0x55ee079a3df0 .concat8 [ 1 15 0 0], L_0x55ee079a3d50, L_0x7f65773740a8;
S_0x55ee0798f070 .scope module, "inst09" "signedGreaterOrEqual_16bit" 2 43, 11 1 0, S_0x55ee0796da60;
 .timescale 0 0;
    .port_info 0 /INPUT 16 "op1"
    .port_info 1 /INPUT 16 "op2"
    .port_info 2 /OUTPUT 16 "result"
L_0x55ee079a3ce0 .functor NOT 1, L_0x55ee079a3f30, C4<0>, C4<0>, C4<0>;
v0x55ee0798f240_0 .net *"_s2", 0 0, L_0x55ee079a3f30;  1 drivers
v0x55ee0798f320_0 .net *"_s4", 0 0, L_0x55ee079a3ce0;  1 drivers
L_0x7f65773740f0 .functor BUFT 1, C4<000000000000000>, C4<0>, C4<0>, C4<0>;
v0x55ee0798f400_0 .net/2u *"_s9", 14 0, L_0x7f65773740f0;  1 drivers
v0x55ee0798f4c0_0 .net "op1", 15 0, o0x7f65773bd018;  alias, 0 drivers
v0x55ee0798f690_0 .net "op2", 15 0, o0x7f65773bd048;  alias, 0 drivers
v0x55ee0798f8b0_0 .net "result", 15 0, L_0x55ee079a4020;  alias, 1 drivers
L_0x55ee079a3f30 .cmp/gt.s 16, o0x7f65773bd048, o0x7f65773bd018;
L_0x55ee079a4020 .concat8 [ 1 15 0 0], L_0x55ee079a3ce0, L_0x7f65773740f0;
S_0x55ee0798fa10 .scope module, "inst10" "unsignedLessThen_16bit" 2 44, 12 1 0, S_0x55ee0796da60;
 .timescale 0 0;
    .port_info 0 /INPUT 16 "op1"
    .port_info 1 /INPUT 16 "op2"
    .port_info 2 /OUTPUT 16 "result"
v0x55ee0798fc30_0 .net *"_s2", 0 0, L_0x55ee079a4160;  1 drivers
L_0x7f6577374138 .functor BUFT 1, C4<000000000000000>, C4<0>, C4<0>, C4<0>;
v0x55ee0798fd10_0 .net/2u *"_s7", 14 0, L_0x7f6577374138;  1 drivers
v0x55ee0798fdf0_0 .net "op1", 15 0, o0x7f65773bd018;  alias, 0 drivers
v0x55ee0798fe90_0 .net "op2", 15 0, o0x7f65773bd048;  alias, 0 drivers
v0x55ee0798ff50_0 .net "result", 15 0, L_0x55ee079a4200;  alias, 1 drivers
L_0x55ee079a4160 .cmp/gt 16, o0x7f65773bd048, o0x7f65773bd018;
L_0x55ee079a4200 .concat8 [ 1 15 0 0], L_0x55ee079a4160, L_0x7f6577374138;
S_0x55ee07990100 .scope module, "inst11" "unsignedGreaterOrEqual_16bit" 2 45, 13 1 0, S_0x55ee0796da60;
 .timescale 0 0;
    .port_info 0 /INPUT 16 "op1"
    .port_info 1 /INPUT 16 "op2"
    .port_info 2 /OUTPUT 16 "result"
L_0x55ee079a4430 .functor NOT 1, L_0x55ee079a4390, C4<0>, C4<0>, C4<0>;
v0x55ee07990320_0 .net *"_s2", 0 0, L_0x55ee079a4390;  1 drivers
v0x55ee07990400_0 .net *"_s4", 0 0, L_0x55ee079a4430;  1 drivers
L_0x7f6577374180 .functor BUFT 1, C4<000000000000000>, C4<0>, C4<0>, C4<0>;
v0x55ee079904e0_0 .net/2u *"_s9", 14 0, L_0x7f6577374180;  1 drivers
v0x55ee079905a0_0 .net "op1", 15 0, o0x7f65773bd018;  alias, 0 drivers
v0x55ee07990660_0 .net "op2", 15 0, o0x7f65773bd048;  alias, 0 drivers
v0x55ee07990770_0 .net "result", 15 0, L_0x55ee079a44f0;  alias, 1 drivers
L_0x55ee079a4390 .cmp/gt 16, o0x7f65773bd048, o0x7f65773bd018;
L_0x55ee079a44f0 .concat8 [ 1 15 0 0], L_0x55ee079a4430, L_0x7f6577374180;
S_0x55ee079908d0 .scope module, "inst12" "mux4_16bit" 2 47, 14 1 0, S_0x55ee0796da60;
 .timescale 0 0;
    .port_info 0 /INPUT 16 "mux_00"
    .port_info 1 /INPUT 16 "mux_01"
    .port_info 2 /INPUT 16 "mux_02"
    .port_info 3 /INPUT 16 "mux_03"
    .port_info 4 /INPUT 16 "mux_04"
    .port_info 5 /INPUT 16 "mux_05"
    .port_info 6 /INPUT 16 "mux_06"
    .port_info 7 /INPUT 16 "mux_07"
    .port_info 8 /INPUT 16 "mux_08"
    .port_info 9 /INPUT 16 "mux_09"
    .port_info 10 /INPUT 16 "mux_10"
    .port_info 11 /INPUT 16 "mux_11"
    .port_info 12 /INPUT 16 "mux_12"
    .port_info 13 /INPUT 16 "mux_13"
    .port_info 14 /INPUT 16 "mux_14"
    .port_info 15 /INPUT 16 "mux_15"
    .port_info 16 /OUTPUT 16 "y"
    .port_info 17 /INPUT 4 "sel"
v0x55ee07990d90_0 .net "mux_00", 15 0, L_0x55ee07993370;  alias, 1 drivers
L_0x7f65773741c8 .functor BUFT 1, C4<0000000000000000>, C4<0>, C4<0>, C4<0>;
v0x55ee07990e70_0 .net "mux_01", 15 0, L_0x7f65773741c8;  1 drivers
L_0x7f6577374210 .functor BUFT 1, C4<0000000000000000>, C4<0>, C4<0>, C4<0>;
v0x55ee07990f30_0 .net "mux_02", 15 0, L_0x7f6577374210;  1 drivers
L_0x7f6577374258 .functor BUFT 1, C4<0000000000000000>, C4<0>, C4<0>, C4<0>;
v0x55ee07991020_0 .net "mux_03", 15 0, L_0x7f6577374258;  1 drivers
v0x55ee07991100_0 .net "mux_04", 15 0, L_0x55ee07993410;  alias, 1 drivers
L_0x7f65773742a0 .functor BUFT 1, C4<0000000000000000>, C4<0>, C4<0>, C4<0>;
v0x55ee07991210_0 .net "mux_05", 15 0, L_0x7f65773742a0;  1 drivers
v0x55ee079912d0_0 .net "mux_06", 15 0, L_0x55ee079934e0;  alias, 1 drivers
v0x55ee079913c0_0 .net "mux_07", 15 0, L_0x55ee07993590;  alias, 1 drivers
v0x55ee07991490_0 .net "mux_08", 15 0, L_0x55ee079938f0;  alias, 1 drivers
v0x55ee07991560_0 .net "mux_09", 15 0, L_0x55ee079a3b00;  alias, 1 drivers
v0x55ee07991630_0 .net "mux_10", 15 0, L_0x55ee079a3c40;  alias, 1 drivers
L_0x7f65773742e8 .functor BUFT 1, C4<0000000000000000>, C4<0>, C4<0>, C4<0>;
v0x55ee07991700_0 .net "mux_11", 15 0, L_0x7f65773742e8;  1 drivers
v0x55ee079917c0_0 .net "mux_12", 15 0, L_0x55ee079a3df0;  alias, 1 drivers
v0x55ee079918b0_0 .net "mux_13", 15 0, L_0x55ee079a4020;  alias, 1 drivers
v0x55ee07991980_0 .net "mux_14", 15 0, L_0x55ee079a4200;  alias, 1 drivers
v0x55ee07991a50_0 .net "mux_15", 15 0, L_0x55ee079a44f0;  alias, 1 drivers
v0x55ee07991b20_0 .net "sel", 3 0, o0x7f65773bdc48;  alias, 0 drivers
v0x55ee07991cf0_0 .var "y", 15 0;
E_0x55ee079547e0/0 .event edge, v0x55ee07990770_0, v0x55ee0798ff50_0, v0x55ee0798f8b0_0, v0x55ee0798eec0_0;
E_0x55ee079547e0/1 .event edge, v0x55ee07991700_0, v0x55ee0798e810_0, v0x55ee0798e2a0_0, v0x55ee0798dc50_0;
E_0x55ee079547e0/2 .event edge, v0x55ee0798d580_0, v0x55ee0798d080_0, v0x55ee07991210_0, v0x55ee0798caf0_0;
E_0x55ee079547e0/3 .event edge, v0x55ee07991020_0, v0x55ee07990f30_0, v0x55ee07990e70_0, v0x55ee0798c610_0;
E_0x55ee079547e0/4 .event edge, v0x55ee07991b20_0;
E_0x55ee079547e0 .event/or E_0x55ee079547e0/0, E_0x55ee079547e0/1, E_0x55ee079547e0/2, E_0x55ee079547e0/3, E_0x55ee079547e0/4;
    .scope S_0x55ee079908d0;
T_0 ;
    %wait E_0x55ee079547e0;
    %load/vec4 v0x55ee07991b20_0;
    %dup/vec4;
    %pushi/vec4 0, 0, 4;
    %cmp/u;
    %jmp/1 T_0.0, 6;
    %dup/vec4;
    %pushi/vec4 1, 0, 4;
    %cmp/u;
    %jmp/1 T_0.1, 6;
    %dup/vec4;
    %pushi/vec4 2, 0, 4;
    %cmp/u;
    %jmp/1 T_0.2, 6;
    %dup/vec4;
    %pushi/vec4 3, 0, 4;
    %cmp/u;
    %jmp/1 T_0.3, 6;
    %dup/vec4;
    %pushi/vec4 4, 0, 4;
    %cmp/u;
    %jmp/1 T_0.4, 6;
    %dup/vec4;
    %pushi/vec4 5, 0, 4;
    %cmp/u;
    %jmp/1 T_0.5, 6;
    %dup/vec4;
    %pushi/vec4 6, 0, 4;
    %cmp/u;
    %jmp/1 T_0.6, 6;
    %dup/vec4;
    %pushi/vec4 7, 0, 4;
    %cmp/u;
    %jmp/1 T_0.7, 6;
    %dup/vec4;
    %pushi/vec4 8, 0, 4;
    %cmp/u;
    %jmp/1 T_0.8, 6;
    %dup/vec4;
    %pushi/vec4 9, 0, 4;
    %cmp/u;
    %jmp/1 T_0.9, 6;
    %dup/vec4;
    %pushi/vec4 10, 0, 4;
    %cmp/u;
    %jmp/1 T_0.10, 6;
    %dup/vec4;
    %pushi/vec4 11, 0, 4;
    %cmp/u;
    %jmp/1 T_0.11, 6;
    %dup/vec4;
    %pushi/vec4 12, 0, 4;
    %cmp/u;
    %jmp/1 T_0.12, 6;
    %dup/vec4;
    %pushi/vec4 13, 0, 4;
    %cmp/u;
    %jmp/1 T_0.13, 6;
    %dup/vec4;
    %pushi/vec4 14, 0, 4;
    %cmp/u;
    %jmp/1 T_0.14, 6;
    %dup/vec4;
    %pushi/vec4 15, 0, 4;
    %cmp/u;
    %jmp/1 T_0.15, 6;
    %jmp T_0.16;
T_0.0 ;
    %load/vec4 v0x55ee07990d90_0;
    %store/vec4 v0x55ee07991cf0_0, 0, 16;
    %jmp T_0.16;
T_0.1 ;
    %load/vec4 v0x55ee07990e70_0;
    %store/vec4 v0x55ee07991cf0_0, 0, 16;
    %jmp T_0.16;
T_0.2 ;
    %load/vec4 v0x55ee07990f30_0;
    %store/vec4 v0x55ee07991cf0_0, 0, 16;
    %jmp T_0.16;
T_0.3 ;
    %load/vec4 v0x55ee07991020_0;
    %store/vec4 v0x55ee07991cf0_0, 0, 16;
    %jmp T_0.16;
T_0.4 ;
    %load/vec4 v0x55ee07991100_0;
    %store/vec4 v0x55ee07991cf0_0, 0, 16;
    %jmp T_0.16;
T_0.5 ;
    %load/vec4 v0x55ee07991210_0;
    %store/vec4 v0x55ee07991cf0_0, 0, 16;
    %jmp T_0.16;
T_0.6 ;
    %load/vec4 v0x55ee079912d0_0;
    %store/vec4 v0x55ee07991cf0_0, 0, 16;
    %jmp T_0.16;
T_0.7 ;
    %load/vec4 v0x55ee079913c0_0;
    %store/vec4 v0x55ee07991cf0_0, 0, 16;
    %jmp T_0.16;
T_0.8 ;
    %load/vec4 v0x55ee07991490_0;
    %store/vec4 v0x55ee07991cf0_0, 0, 16;
    %jmp T_0.16;
T_0.9 ;
    %load/vec4 v0x55ee07991560_0;
    %store/vec4 v0x55ee07991cf0_0, 0, 16;
    %jmp T_0.16;
T_0.10 ;
    %load/vec4 v0x55ee07991630_0;
    %store/vec4 v0x55ee07991cf0_0, 0, 16;
    %jmp T_0.16;
T_0.11 ;
    %load/vec4 v0x55ee07991700_0;
    %store/vec4 v0x55ee07991cf0_0, 0, 16;
    %jmp T_0.16;
T_0.12 ;
    %load/vec4 v0x55ee079917c0_0;
    %store/vec4 v0x55ee07991cf0_0, 0, 16;
    %jmp T_0.16;
T_0.13 ;
    %load/vec4 v0x55ee079918b0_0;
    %store/vec4 v0x55ee07991cf0_0, 0, 16;
    %jmp T_0.16;
T_0.14 ;
    %load/vec4 v0x55ee07991980_0;
    %store/vec4 v0x55ee07991cf0_0, 0, 16;
    %jmp T_0.16;
T_0.15 ;
    %load/vec4 v0x55ee07991a50_0;
    %store/vec4 v0x55ee07991cf0_0, 0, 16;
    %jmp T_0.16;
T_0.16 ;
    %pop/vec4 1;
    %jmp T_0;
    .thread T_0, $push;
# The file index is used to find the file name in the following table.
:file_names 15;
    "N/A";
    "<interactive>";
    "alu_16bit.v";
    "././sum_16bit.v";
    "././xor_16bit.v";
    "././or_16bit.v";
    "././and_16bit.v";
    "././isEqual_16bit.v";
    "././isNotEqual_16bit.v";
    "././sub_16bit.v";
    "././signedLessThen_16bit.v";
    "././signedGreaterOrEqual_16bit.v";
    "././unsignedLessThen_16bit.v";
    "././unsignedGreaterOrEqual_16bit.v";
    "././mux4_16bit.v";
