#! /usr/bin/vvp
:ivl_version "10.1 (stable)";
:ivl_delay_selection "TYPICAL";
:vpi_time_precision - 12;
:vpi_module "system";
:vpi_module "vhdl_sys";
:vpi_module "v2005_math";
:vpi_module "va_math";
S_0x5650080a2790 .scope module, "dflipflop_tb" "dflipflop_tb" 2 3;
 .timescale -9 -12;
v0x5650080c2ef0_0 .var "clk", 0 0;
v0x5650080c2fb0_0 .var "d", 0 0;
v0x5650080c3080_0 .var/i "i", 31 0;
v0x5650080c3150_0 .net "q", 0 0, v0x5650080c2cb0_0;  1 drivers
v0x5650080c3220_0 .var "reset", 0 0;
S_0x5650080a2910 .scope module, "test_unit" "dflipflop" 2 7, 3 1 0, S_0x5650080a2790;
 .timescale 0 0;
    .port_info 0 /INPUT 1 "d"
    .port_info 1 /INPUT 1 "clk"
    .port_info 2 /INPUT 1 "reset"
    .port_info 3 /OUTPUT 1 "q"
v0x5650080a2b50_0 .net "clk", 0 0, v0x5650080c2ef0_0;  1 drivers
v0x5650080c2bf0_0 .net "d", 0 0, v0x5650080c2fb0_0;  1 drivers
v0x5650080c2cb0_0 .var "q", 0 0;
v0x5650080c2d80_0 .net "reset", 0 0, v0x5650080c3220_0;  1 drivers
E_0x56500809da30 .event posedge, v0x5650080a2b50_0;
    .scope S_0x5650080a2910;
T_0 ;
    %wait E_0x56500809da30;
    %load/vec4 v0x5650080c2d80_0;
    %flag_set/vec4 8;
    %jmp/0xz  T_0.0, 8;
    %pushi/vec4 0, 0, 1;
    %assign/vec4 v0x5650080c2cb0_0, 0;
    %jmp T_0.1;
T_0.0 ;
    %load/vec4 v0x5650080c2bf0_0;
    %assign/vec4 v0x5650080c2cb0_0, 0;
T_0.1 ;
    %jmp T_0;
    .thread T_0;
    .scope S_0x5650080a2790;
T_1 ;
    %delay 5000, 0;
    %load/vec4 v0x5650080c2ef0_0;
    %inv;
    %store/vec4 v0x5650080c2ef0_0, 0, 1;
    %jmp T_1;
    .thread T_1;
    .scope S_0x5650080a2790;
T_2 ;
    %vpi_call 2 14 "$dumpfile", "dflipflop.vcd" {0 0 0};
    %vpi_call 2 15 "$dumpvars", 32'sb00000000000000000000000000000000, S_0x5650080a2790 {0 0 0};
    %pushi/vec4 0, 0, 1;
    %store/vec4 v0x5650080c2ef0_0, 0, 1;
    %pushi/vec4 0, 0, 1;
    %store/vec4 v0x5650080c2fb0_0, 0, 1;
    %pushi/vec4 0, 0, 1;
    %store/vec4 v0x5650080c3220_0, 0, 1;
    %pushi/vec4 0, 0, 32;
    %store/vec4 v0x5650080c3080_0, 0, 32;
T_2.0 ;
    %load/vec4 v0x5650080c3080_0;
    %cmpi/s 25, 0, 32;
    %jmp/0xz T_2.1, 5;
    %load/vec4 v0x5650080c2fb0_0;
    %inv;
    %store/vec4 v0x5650080c2fb0_0, 0, 1;
    %delay 2000, 0;
    %load/vec4 v0x5650080c3080_0;
    %pushi/vec4 1, 0, 32;
    %add;
    %store/vec4 v0x5650080c3080_0, 0, 32;
    %jmp T_2.0;
T_2.1 ;
    %vpi_call 2 24 "$finish" {0 0 0};
    %end;
    .thread T_2;
# The file index is used to find the file name in the following table.
:file_names 4;
    "N/A";
    "<interactive>";
    "dflipflop_tb.v";
    "dflipflop.v";
