Qflow placement logfile created on So 12. Jul 18:46:27 CEST 2020
Running vlog2Cel to generate input files for graywolf
vlog2Cel  -l  /usr/local/share/qflow/tech/osu035/osu035_stdcells.lef -u 100 -o /home/akash/Documents/DigitalLab/verilog_tasks/task_3/layout/control_unit.cel /home/akash/Documents/DigitalLab/verilog_tasks/task_3/synthesis/control_unit.rtlnopwr.v
No control_unit.cel1 file found for project. . . no partial blockages to apply to layout.
No control_unit.cel2 file found for project. . . continuing without pin placement hints
Running GrayWolf placement
graywolf  control_unit

twflow version:2.1 date:Mon May 25 21:15:08 EDT 1992
Authors: Bill Swartz, Carl Sechen
         Yale University

syntax version:v1.1 date:Mon May 25 21:11:10 EDT 1992
TimberWolf System Syntax Checker
Authors: Carl Sechen, Kai-Win Lee, Bill Swartz,
         Dahe Chen, and Jimmy Lam
         Yale University

Read   50 objects so far...
No syntax errors were found

syntax terminated normally with no errors and 0 warning[s]


----------------------------
Total stdcells     :42
Total cell width   :2.75e+04
Total cell height  :8.40e+04
Total cell area    :5.50e+07
Total core area    :5.50e+07
Average cell height:2.00e+03


nocut - replacement for Mincut version:v1.0 date:Mon May 25 21:09:40 EDT 1992
TimberWolf System Floorplan Setup Program
Authors: Carl Sechen, Bill Swartz,
         Yale University

Read   50 objects so far...
Splitting control_unit.cel into control_unit.scel and control_unit.mcel...
	done!


nocut - replacement for Mincut terminated normally with no errors and 0 warning[s]


TimberWolfMC version:v2.2 date:Mon May 25 21:18:34 EDT 1992
Authors: Carl Sechen, Bill Swartz, Kai-Win Lee
         Dahe Chen, and Jimmy Lam
         Yale University

config version:v1.0 date:Mon May 25 20:57:18 EDT 1992
Row configuration program
    Yale University


config switches:
	Graphics mode on
	config will inherit window



config terminated normally with no errors and 0 warning[s]


TimberWolfMC terminated normally with no errors and 0 warning[s]



TimberWolfSC switches:
	Graphics mode on
	TimberWolfSC will inherit window

TimberWolfSC version:v6.0 date:Mon May 25 21:19:07 EDT 1992
Row-Based Placement and Global Routing Program
Authors: Carl Sechen, Kai-Win Lee, and Bill Swartz,
         Yale University
  0 
  1   2   3   4   5   6   7   8   9  10  11  12  13  14  15 
 16  17  18  19  20  21  22  23  24  25  26  27  28  29  30 
 31  32  33  34  35  36  37  38  39  40  41  42  43  44  45 
 46  47  48  49  50  51  52  53  54  55  56  57  58  59  60 
 61  62  63  64  65  66  67  68  69  70  71  72  73  74  75 
 76  77  78  79  80  81  82  83  84  85  86  87  88  89  90 
 91  92  93  94  95  96  97  98  99 100 101 102 103 104 105 
106 107 108 109 110 111 112 113 114 115 116 117 118 119 120 
121 122 123 124 125 126 127 128 129 130 131 132 133 134 135 
136 137 138 139 140 141 142 143 144 145 146 147 148 149 150 
151 152 153 154 155 156 157 158 
 block left edge is at -399
 the longest block length is 9600
 building the steiner trees
 rebuilding the steiner tree

----start doing coarse global routing ------ 
 ITERATION  1

  longest Row is:3   Its length is:9280
 doing feed-through pins assignment
 building the net-tree now !
 set up the global routing grids
 the starting value of tracks =   15
 tracks =  15 at attempts =  1000
 removing redundant feed-through pins
 the connectivity of all the nets is verified

 block left edge is at -399
 the longest block length is 9600
 building the steiner trees
 rebuilding the steiner tree

----start doing coarse global routing ------ 
 ITERATION  1

  longest Row is:3   Its length is:9280
 doing feed-through pins assignment
 building the net-tree now !
 set up the global routing grids
 the starting value of tracks =   16
 tracks =  14 at attempts =  1000
 removing redundant feed-through pins
 the connectivity of all the nets is verified

 block left edge is at -399
 the longest block length is 9600
 building the steiner trees
 rebuilding the steiner tree

----start doing coarse global routing ------ 
 ITERATION  1

  longest Row is:3   Its length is:9280
 doing feed-through pins assignment
 building the net-tree now !
 set up the global routing grids
 the starting value of tracks =   15
 tracks =  12 at attempts =  1000
 removing redundant feed-through pins
 the connectivity of all the nets is verified

 block left edge is at -399
 the longest block length is 9600
 building the steiner trees
 rebuilding the steiner tree

----start doing coarse global routing ------ 
 ITERATION  1

  longest Row is:3   Its length is:9280
 doing feed-through pins assignment
 building the net-tree now !
 set up the global routing grids
 the starting value of tracks =   14
 tracks =  13 at attempts =  1000
 removing redundant feed-through pins
 the connectivity of all the nets is verified

 block left edge is at -399
 the longest block length is 9600
 building the steiner trees
 rebuilding the steiner tree

----start doing coarse global routing ------ 
 ITERATION  1

  longest Row is:3   Its length is:9280
 doing feed-through pins assignment
 building the net-tree now !
 set up the global routing grids
 the starting value of tracks =   14
 tracks =  13 at attempts =  1000
 removing redundant feed-through pins
 the connectivity of all the nets is verified

 block left edge is at -399
 the longest block length is 9600
 building the steiner trees
 rebuilding the steiner tree

----start doing coarse global routing ------ 
 ITERATION  1

  longest Row is:3   Its length is:9280
 doing feed-through pins assignment
 building the net-tree now !
 set up the global routing grids
 the starting value of tracks =   16
 tracks =  15 at attempts =  1000
 removing redundant feed-through pins
 the connectivity of all the nets is verified

 block left edge is at -399
 the longest block length is 9600
 building the steiner trees
 rebuilding the steiner tree

----start doing coarse global routing ------ 
 ITERATION  1

  longest Row is:3   Its length is:9280
 doing feed-through pins assignment
 building the net-tree now !
 set up the global routing grids
 the starting value of tracks =   14
 tracks =  13 at attempts =  1000
 removing redundant feed-through pins
 the connectivity of all the nets is verified

 block left edge is at -399
 the longest block length is 9600
 building the steiner trees
 rebuilding the steiner tree

----start doing coarse global routing ------ 
 ITERATION  1

  longest Row is:3   Its length is:9280
 doing feed-through pins assignment
 building the net-tree now !
 set up the global routing grids
 the starting value of tracks =   13
 tracks =  13 at attempts =  1000
 removing redundant feed-through pins
 the connectivity of all the nets is verified


***********************************************
*ACTUAL* FINAL NUMBER OF ROUTING TRACKS: 12
***********************************************


TimberWolfSC terminated normally with no errors and 0 warning[s]


twflow terminated normally with no errors and 0 warning[s]

Running getantennacell to determine cell to use for antenna anchors.
getantennacell.tcl control_unit  /usr/local/share/qflow/tech/osu035/osu035_stdcells.lef 
Running getfillcell to determine cell to use for fill.
getfillcell.tcl control_unit  /usr/local/share/qflow/tech/osu035/osu035_stdcells.lef FILL
Using cell FILL for fill
Running place2def to translate graywolf output to DEF format.
place2def.tcl control_unit FILL 
Running place2def.tcl
DEF database: 100 units per micron
Limits: xbot = -750.0 ybot = -530.0 xtop = 9390.0 ytop = 6330.0
Core values: 80 100 9360 6100
Offsets: 80 100
4 routing layers
35 horizontal tracks from -400.0 to 6600.0 step 200 (M1, M3, ...)
65 vertical tracks from -480.0 to 9920.0 step 160 (M2, M4, ...)
Summary: Total components = 42
  Fill cells  = 0
  Other cells = 42
Done with place2def.tcl
Running addspacers to generate power stripes and align cell right edge
addspacers -stripe 5.0 150.0 PG -p vdd -g gnd -f FILL -O  -l  /usr/local/share/qflow/tech/osu035/osu035_stdcells.lef -o control_unit_filled.def control_unit
Stripe pitch requested = 150, stripe pitch used = 150.4
Stripe width requested = 5, stripe width used = 6.4
Initial core layout: (80 100) to (9360 6100) (scale um * 100)
Stripe pitch reduced from 150 to 46.4 to fit in layout
Running arrangepins to adjust pin positions for optimal routing.
arrangepins.tcl  control_unit
Reading info file control_unit.info. . .
Reading DEF file control_unit.def. . .
Warning: pin flag has no bounding box.
Recalculating pin positions
Writing DEF file control_unit_mod.def. . .
Done with arrangepins.tcl
DEF2Verilog -v /home/akash/Documents/DigitalLab/verilog_tasks/task_3/synthesis/control_unit.rtlnopwr.v -o /home/akash/Documents/DigitalLab/verilog_tasks/task_3/synthesis/control_unit_anno.v
-p vdd -g gnd  -l  /usr/local/share/qflow/tech/osu035/osu035_stdcells.lef control_unit.def

Generating RTL verilog and SPICE netlist file in directory
   /home/akash/Documents/DigitalLab/verilog_tasks/task_3/synthesis
Files:
   Verilog: /home/akash/Documents/DigitalLab/verilog_tasks/task_3/synthesis/control_unit.rtl.v
   Verilog: /home/akash/Documents/DigitalLab/verilog_tasks/task_3/synthesis/control_unit.rtlnopwr.v
   Verilog: /home/akash/Documents/DigitalLab/verilog_tasks/task_3/synthesis/control_unit.rtlbb.v
   Spice:   /home/akash/Documents/DigitalLab/verilog_tasks/task_3/synthesis/control_unit.spc

Running vlog2Verilog.
vlog2Verilog -c -v vdd -g gnd -o control_unit.rtl.v control_unit_anno.v
vlog2Verilog -c -p -v vdd -g gnd -o control_unit.rtlnopwr.v control_unit_anno.v
vlog2Verilog -c -b -p -n -v vdd -g gnd -o control_unit.rtlbb.v control_unit_anno.v
Running vlog2Spice.
vlog2Spice -i -l  /usr/local/share/qflow/tech/osu035/osu035_stdcells.sp -o control_unit.spc control_unit.rtl.v
Placement script ended on So 12. Jul 18:46:29 CEST 2020
