Qflow route logfile created on So 12. Jul 18:46:34 CEST 2020
qrouter -noc  -s control_unit.cfg
Qrouter detail maze router version 1.4.81.T
Reading LEF data from file /usr/local/share/qflow/tech/osu035/osu035_stdcells.lef.
LEF Read, Line 135: NOTE:  Old format VIARULE ignored.
LEF Read, Line 136: NOTE:  Old format VIARULE ignored.
LEF Read, Line 140: NOTE:  Old format VIARULE ignored.
LEF Read, Line 141: NOTE:  Old format VIARULE ignored.
LEF Read, Line 151: NOTE:  Old format VIARULE ignored.
LEF Read, Line 152: NOTE:  Old format VIARULE ignored.
LEF Read, Line 156: NOTE:  Old format VIARULE ignored.
LEF Read, Line 157: NOTE:  Old format VIARULE ignored.
LEF Read, Line 167: NOTE:  Old format VIARULE ignored.
LEF Read, Line 168: NOTE:  Old format VIARULE ignored.
LEF Read, Line 172: NOTE:  Old format VIARULE ignored.
LEF Read, Line 173: NOTE:  Old format VIARULE ignored.
LEF file:  Defines site corner (ignored)
LEF file:  Defines site IO (ignored)
LEF file:  Defines site core (ignored)
LEF read: Processed 3179 lines.
LEF Read: encountered 0 errors and 12 warnings total.
Vertical route layer at non-minimum pitch 3.2.  Using smaller pitch 1.6, will route on 1-of-2 tracks for layer metal4.
Reading DEF data from file control_unit.def.
Diagnostic: Design name: "control_unit"
  Processed 3 vias total.
  Processed 68 subcell instances total.
  Processed 19 pins total.
  Processed 50 nets total (0 fixed).
  Processed 2 special nets total (3 fixed).
DEF read: Processed 376 lines.
Output scale = microns / 100, precision 1
There are 51 nets in this design.
*** Running stage1 routing with defaults
Finished routing net clock
Nets remaining: 50
Finished routing net cState[2]
Nets remaining: 49
Finished routing net _22_
Nets remaining: 48
Finished routing net cState[0]
Nets remaining: 47
Finished routing net reset
Nets remaining: 46
Finished routing net _0_
Nets remaining: 45
Finished routing net opcode[2]
Nets remaining: 44
Finished routing net _6_
Nets remaining: 43
Finished routing net opcode[0]
Nets remaining: 42
Finished routing net opcode[1]
Nets remaining: 41
Finished routing net _5_
Nets remaining: 40
Finished routing net opcode[3]
Nets remaining: 39
Finished routing net _8_
Nets remaining: 38
Finished routing net _11_
Nets remaining: 37
Finished routing net cState[1]
Nets remaining: 36
Finished routing net _16_
Nets remaining: 35
Finished routing net _20_
Nets remaining: 34
Finished routing net _21_
Nets remaining: 33
Finished routing net _25_[0]
Nets remaining: 32
Finished routing net _25_[1]
Nets remaining: 31
Finished routing net _1_
Nets remaining: 30
Finished routing net _7_
Nets remaining: 29
Finished routing net _9_
Nets remaining: 28
Finished routing net _24_
Nets remaining: 27
Finished routing net _10_
Nets remaining: 26
Finished routing net _12_
Nets remaining: 25
Finished routing net _23_
Nets remaining: 24
Finished routing net _13_
Nets remaining: 23
Finished routing net _14_
Nets remaining: 22
Finished routing net _15_
Nets remaining: 21
Finished routing net _17_
Nets remaining: 20
Finished routing net _26_
Nets remaining: 19
Finished routing net _18_
Nets remaining: 18
Finished routing net _2_
Nets remaining: 17
Finished routing net _19_
Nets remaining: 16
Finished routing net _27_
Nets remaining: 15
Finished routing net _3_
Nets remaining: 14
Finished routing net _4_
Nets remaining: 13
Finished routing net gnd
Nets remaining: 12
Finished routing net adrs_ctrl
Nets remaining: 11
Finished routing net decoder_en
Nets remaining: 10
Finished routing net imm_en
Nets remaining: 9
Finished routing net inst_wr
Nets remaining: 8
Finished routing net mem_rd
Nets remaining: 7
Finished routing net mem_wr
Nets remaining: 6
Finished routing net pc_op[0]
Nets remaining: 5
Finished routing net pc_op[1]
Nets remaining: 4
Finished routing net rD_wr
Nets remaining: 3
Finished routing net reg_en
Nets remaining: 2

----------------------------------------------
Progress: Stage 1 total routes completed: 81
No failed routes!
----------------------------------------------
*** Running stage3 routing with defaults, 1st round
Finished routing net clock
Nets remaining: 50
Finished routing net cState[2]
Nets remaining: 49
Finished routing net _22_
Nets remaining: 48
Finished routing net cState[0]
Nets remaining: 47
Finished routing net reset
Nets remaining: 46
Finished routing net _0_
Nets remaining: 45
Finished routing net opcode[2]
Nets remaining: 44
Finished routing net _6_
Nets remaining: 43
Finished routing net opcode[0]
Nets remaining: 42
Finished routing net opcode[1]
Nets remaining: 41
Finished routing net _5_
Nets remaining: 40
Finished routing net opcode[3]
Nets remaining: 39
Finished routing net _8_
Nets remaining: 38
Finished routing net _11_
Nets remaining: 37
Finished routing net cState[1]
Nets remaining: 36
Finished routing net _16_
Nets remaining: 35
Finished routing net _20_
Nets remaining: 34
Finished routing net _21_
Nets remaining: 33
Finished routing net _25_[0]
Nets remaining: 32
Keeping route for net _25_[1]
Finished routing net _1_
Nets remaining: 30
Finished routing net _7_
Nets remaining: 29
Keeping route for net _9_
Keeping route for net _24_
Keeping route for net _10_
Finished routing net _12_
Nets remaining: 25
Keeping route for net _23_
Finished routing net _13_
Nets remaining: 23
Finished routing net _14_
Nets remaining: 22
Finished routing net _15_
Nets remaining: 21
Finished routing net _17_
Nets remaining: 20
Finished routing net _26_
Nets remaining: 19
Finished routing net _18_
Nets remaining: 18
Finished routing net _2_
Nets remaining: 17
Keeping route for net _19_
Keeping route for net _27_
Finished routing net _3_
Nets remaining: 14
Finished routing net _4_
Nets remaining: 13
Finished routing net gnd
Nets remaining: 12
Finished routing net adrs_ctrl
Nets remaining: 11
Finished routing net decoder_en
Nets remaining: 10
Finished routing net imm_en
Nets remaining: 9
Keeping route for net inst_wr
Keeping route for net mem_rd
Keeping route for net mem_wr
Keeping route for net pc_op[0]
Keeping route for net pc_op[1]
Keeping route for net rD_wr
Keeping route for net reg_en

----------------------------------------------
Progress: Stage 3 total routes completed: 148
No failed routes!
----------------------------------------------
*** Running stage3 routing with defaults, 2nd round
Finished routing net clock
Nets remaining: 50
Finished routing net cState[2]
Nets remaining: 49
Finished routing net _22_
Nets remaining: 48
Finished routing net cState[0]
Nets remaining: 47
Finished routing net reset
Nets remaining: 46
Finished routing net _0_
Nets remaining: 45
Finished routing net opcode[2]
Nets remaining: 44
Finished routing net _6_
Nets remaining: 43
Finished routing net opcode[0]
Nets remaining: 42
Finished routing net opcode[1]
Nets remaining: 41
Finished routing net _5_
Nets remaining: 40
Finished routing net opcode[3]
Nets remaining: 39
Finished routing net _8_
Nets remaining: 38
Finished routing net _11_
Nets remaining: 37
Finished routing net cState[1]
Nets remaining: 36
Finished routing net _16_
Nets remaining: 35
Finished routing net _20_
Nets remaining: 34
Finished routing net _21_
Nets remaining: 33
Finished routing net _25_[0]
Nets remaining: 32
Keeping route for net _25_[1]
Finished routing net _1_
Nets remaining: 30
Finished routing net _7_
Nets remaining: 29
Keeping route for net _9_
Keeping route for net _24_
Keeping route for net _10_
Finished routing net _12_
Nets remaining: 25
Keeping route for net _23_
Keeping route for net _13_
Finished routing net _14_
Nets remaining: 22
Finished routing net _15_
Nets remaining: 21
Finished routing net _17_
Nets remaining: 20
Finished routing net _26_
Nets remaining: 19
Finished routing net _18_
Nets remaining: 18
Finished routing net _2_
Nets remaining: 17
Keeping route for net _19_
Keeping route for net _27_
Finished routing net _3_
Nets remaining: 14
Keeping route for net _4_
Finished routing net gnd
Nets remaining: 12
Finished routing net adrs_ctrl
Nets remaining: 11
Finished routing net decoder_en
Nets remaining: 10
Finished routing net imm_en
Nets remaining: 9
Keeping route for net inst_wr
Keeping route for net mem_rd
Keeping route for net mem_wr
Keeping route for net pc_op[0]
Keeping route for net pc_op[1]
Keeping route for net rD_wr
Keeping route for net reg_en

----------------------------------------------
Progress: Stage 3 total routes completed: 213
No failed routes!
----------------------------------------------
*** Writing DEF file control_unit_route.def
emit_routes():  DEF file has 50 nets and 3 specialnets.
but qrouter wants to write 51 nets and specialnets.
----------------------------------------------
Final: No failed routes!
----------------------------------------------
*** Writing RC file control_unit_route.rc
DEF2Verilog -v /home/akash/Documents/DigitalLab/verilog_tasks/task_3/synthesis/control_unit.rtlnopwr.v -o /home/akash/Documents/DigitalLab/verilog_tasks/task_3/synthesis/control_unit_postroute.v
-p vdd -g gnd  -l  /usr/local/share/qflow/tech/osu035/osu035_stdcells.lef control_unit_route.def

Generating RTL verilog and SPICE netlist file in directory
   /home/akash/Documents/DigitalLab/verilog_tasks/task_3/synthesis
Running vlog2Verilog.
vlog2Verilog -c -v vdd -g gnd -o control_unit.rtl.anno.v control_unit_postroute.v
vlog2Verilog -c -p -v vdd -g gnd -o control_unit.rtlnopwr.anno.v control_unit_postroute.v
/usr/local/share/qflow/bin/vlog2Verilog -c -b -p -n -v vdd -g gnd -o control_unit.rtlbb.anno.v control_unit_postroute.v
Running vlog2Spice.
vlog2Spice -i -l  /usr/local/share/qflow/tech/osu035/osu035_stdcells.sp -o control_unit.anno.spc control_unit.rtl.anno.v
Router script ended on So 12. Jul 18:46:34 CEST 2020
