Qflow route logfile created on Mo 8. Jun 17:34:03 CEST 2020
qrouter -noc  -s instruction_decoder.cfg
Qrouter detail maze router version 1.4.81.T
Reading LEF data from file /usr/local/share/qflow/tech/osu035/osu035_stdcells.lef.
LEF Read, Line 135: NOTE:  Old format VIARULE ignored.
LEF Read, Line 136: NOTE:  Old format VIARULE ignored.
LEF Read, Line 140: NOTE:  Old format VIARULE ignored.
LEF Read, Line 141: NOTE:  Old format VIARULE ignored.
LEF Read, Line 151: NOTE:  Old format VIARULE ignored.
LEF Read, Line 152: NOTE:  Old format VIARULE ignored.
LEF Read, Line 156: NOTE:  Old format VIARULE ignored.
LEF Read, Line 157: NOTE:  Old format VIARULE ignored.
LEF Read, Line 167: NOTE:  Old format VIARULE ignored.
LEF Read, Line 168: NOTE:  Old format VIARULE ignored.
LEF Read, Line 172: NOTE:  Old format VIARULE ignored.
LEF Read, Line 173: NOTE:  Old format VIARULE ignored.
LEF file:  Defines site corner (ignored)
LEF file:  Defines site IO (ignored)
LEF file:  Defines site core (ignored)
LEF read: Processed 3179 lines.
LEF Read: encountered 0 errors and 12 warnings total.
Vertical route layer at non-minimum pitch 3.2.  Using smaller pitch 1.6, will route on 1-of-2 tracks for layer metal4.
Reading DEF data from file instruction_decoder.def.
Diagnostic: Design name: "instruction_decoder"
  Processed 3 vias total.
  Processed 168 subcell instances total.
  Processed 42 pins total.
  Processed 132 nets total (0 fixed).
  Processed 2 special nets total (4 fixed).
DEF read: Processed 856 lines.
Output scale = microns / 100, precision 1
There are 134 nets in this design.
*** Running stage1 routing with defaults
Finished routing net enable_bF$buf4
Nets remaining: 133
Finished routing net enable_bF$buf5
Nets remaining: 132
Finished routing net enable
Nets remaining: 131
Finished routing net enable_bF$buf0
Nets remaining: 130
Finished routing net enable_bF$buf1
Nets remaining: 129
Finished routing net enable_bF$buf2
Nets remaining: 128
Finished routing net enable_bF$buf3
Nets remaining: 127
Finished routing net clock_bF$buf2
Nets remaining: 126
Finished routing net clock_bF$buf3
Nets remaining: 125
Finished routing net clock_bF$buf0
Nets remaining: 124
Finished routing net clock_bF$buf1
Nets remaining: 123
Finished routing net clock
Nets remaining: 122
Finished routing net _46_[1]
Nets remaining: 121
Finished routing net _46_[2]
Nets remaining: 120
Finished routing net _46_[3]
Nets remaining: 119
Finished routing net _44_
Nets remaining: 118
Finished routing net _45_[0]
Nets remaining: 117
Finished routing net _45_[1]
Nets remaining: 116
Finished routing net _45_[2]
Nets remaining: 115
Finished routing net _45_[3]
Nets remaining: 114
Finished routing net _45_[4]
Nets remaining: 113
Finished routing net _45_[5]
Nets remaining: 112
Finished routing net _45_[6]
Nets remaining: 111
Finished routing net _45_[7]
Nets remaining: 110
Finished routing net _46_[0]
Nets remaining: 109
Finished routing net _47_[0]
Nets remaining: 108
Finished routing net _47_[1]
Nets remaining: 107
Finished routing net _47_[2]
Nets remaining: 106
Finished routing net _48_[0]
Nets remaining: 105
Finished routing net _48_[1]
Nets remaining: 104
Finished routing net _48_[2]
Nets remaining: 103
Finished routing net _49_[0]
Nets remaining: 102
Finished routing net _49_[1]
Nets remaining: 101
Finished routing net _49_[2]
Nets remaining: 100
Finished routing net _27_
Nets remaining: 99
Finished routing net _29_
Nets remaining: 98
Finished routing net _31_
Nets remaining: 97
Finished routing net _33_
Nets remaining: 96
Finished routing net _35_
Nets remaining: 95
Finished routing net _37_
Nets remaining: 94
Finished routing net _12_
Nets remaining: 93
Finished routing net _13_
Nets remaining: 92
Finished routing net _2_[0]
Nets remaining: 91
Finished routing net _14_
Nets remaining: 90
Finished routing net instruct[13]
Nets remaining: 89
Finished routing net _15_
Nets remaining: 88
Finished routing net _2_[1]
Nets remaining: 87
Finished routing net _16_
Nets remaining: 86
Finished routing net instruct[14]
Nets remaining: 85
Finished routing net _17_
Nets remaining: 84
Finished routing net _2_[2]
Nets remaining: 83
Finished routing net _18_
Nets remaining: 82
Finished routing net instruct[15]
Nets remaining: 81
Finished routing net _19_
Nets remaining: 80
Finished routing net _2_[3]
Nets remaining: 79
Finished routing net flag
Nets remaining: 78
Finished routing net imm[0]
Nets remaining: 77
Finished routing net imm[1]
Nets remaining: 76
Finished routing net imm[2]
Nets remaining: 75
Finished routing net imm[3]
Nets remaining: 74
Finished routing net imm[4]
Nets remaining: 73
Finished routing net imm[5]
Nets remaining: 72
Finished routing net imm[6]
Nets remaining: 71
Finished routing net imm[7]
Nets remaining: 70
Finished routing net opcode[0]
Nets remaining: 69
Finished routing net opcode[1]
Nets remaining: 68
Finished routing net opcode[2]
Nets remaining: 67
Finished routing net opcode[3]
Nets remaining: 66
Finished routing net rAadrs[0]
Nets remaining: 65
Finished routing net rAadrs[1]
Nets remaining: 64
Finished routing net rAadrs[2]
Nets remaining: 63
Finished routing net rBadrs[0]
Nets remaining: 62
Finished routing net rBadrs[1]
Nets remaining: 61
Finished routing net rBadrs[2]
Nets remaining: 60
Finished routing net rDadrs[0]
Nets remaining: 59
Failed to route net rDadrs[1]
Finished routing net rDadrs[2]
Nets remaining: 58
Finished routing net _3_[1]
Nets remaining: 57
Finished routing net _3_[2]
Nets remaining: 56
Finished routing net _4_[0]
Nets remaining: 55
Finished routing net _4_[1]
Nets remaining: 54
Finished routing net _4_[2]
Nets remaining: 53
Finished routing net _1_[0]
Nets remaining: 52
Finished routing net _1_[1]
Nets remaining: 51
Finished routing net _1_[2]
Nets remaining: 50
Finished routing net _1_[3]
Nets remaining: 49
Finished routing net _1_[4]
Nets remaining: 48
Finished routing net _1_[5]
Nets remaining: 47
Finished routing net _1_[6]
Nets remaining: 46
Finished routing net _1_[7]
Nets remaining: 45
Finished routing net _0_
Nets remaining: 44
Finished routing net _5_[0]
Nets remaining: 43
Finished routing net _5_[1]
Nets remaining: 42
Finished routing net _5_[2]
Nets remaining: 41
Finished routing net _3_[0]
Nets remaining: 40
Finished routing net _20_
Nets remaining: 39
Finished routing net instruct[8]
Nets remaining: 38
Finished routing net _21_
Nets remaining: 37
Finished routing net _22_
Nets remaining: 36
Finished routing net instruct[0]
Nets remaining: 35
Finished routing net _23_
Nets remaining: 34
Finished routing net _24_
Nets remaining: 33
Finished routing net instruct[1]
Nets remaining: 32
Finished routing net _25_
Nets remaining: 31
Finished routing net _26_
Nets remaining: 30
Finished routing net instruct[2]
Nets remaining: 29
Finished routing net _28_
Nets remaining: 28
Finished routing net instruct[3]
Nets remaining: 27
Finished routing net _30_
Nets remaining: 26
Finished routing net instruct[4]
Nets remaining: 25
Finished routing net _32_
Nets remaining: 24
Finished routing net instruct[5]
Nets remaining: 23
Finished routing net _34_
Nets remaining: 22
Finished routing net instruct[6]
Nets remaining: 21
Finished routing net _36_
Nets remaining: 20
Finished routing net instruct[7]
Nets remaining: 19
Finished routing net _38_
Nets remaining: 18
Finished routing net _39_
Nets remaining: 17
Finished routing net _40_
Nets remaining: 16
Finished routing net _41_
Nets remaining: 15
Finished routing net _42_
Nets remaining: 14
Finished routing net _43_
Nets remaining: 13
Finished routing net _6_
Nets remaining: 12
Finished routing net instruct[9]
Nets remaining: 11
Finished routing net _7_
Nets remaining: 10
Finished routing net _8_
Nets remaining: 9
Finished routing net instruct[10]
Nets remaining: 8
Finished routing net _9_
Nets remaining: 7
Finished routing net _10_
Nets remaining: 6
Finished routing net instruct[11]
Nets remaining: 5
Finished routing net _11_
Nets remaining: 4
Finished routing net instruct[12]
Nets remaining: 3

----------------------------------------------
Progress: Stage 1 total routes completed: 217
Failed net routes: 1
----------------------------------------------
*** Running stage2 routing with options mask 10, effort 10
Nets remaining: 1
Best route of rDadrs[1] collides with net: enable 
Ripping up blocking net enable
Nets remaining: 1

----------------------------------------------
Progress: Stage 2 total routes completed: 224
No failed routes!
----------------------------------------------
*** Running stage3 routing with defaults, 1st round
Finished routing net enable_bF$buf4
Nets remaining: 133
Finished routing net enable_bF$buf5
Nets remaining: 132
Finished routing net enable
Nets remaining: 131
Finished routing net enable_bF$buf0
Nets remaining: 130
Finished routing net enable_bF$buf1
Nets remaining: 129
Finished routing net enable_bF$buf2
Nets remaining: 128
Finished routing net enable_bF$buf3
Nets remaining: 127
Finished routing net clock_bF$buf2
Nets remaining: 126
Finished routing net clock_bF$buf3
Nets remaining: 125
Finished routing net clock_bF$buf0
Nets remaining: 124
Finished routing net clock_bF$buf1
Nets remaining: 123
Finished routing net clock
Nets remaining: 122
Finished routing net _46_[1]
Nets remaining: 121
Finished routing net _46_[2]
Nets remaining: 120
Finished routing net _46_[3]
Nets remaining: 119
Finished routing net _44_
Nets remaining: 118
Finished routing net _45_[0]
Nets remaining: 117
Finished routing net _45_[1]
Nets remaining: 116
Finished routing net _45_[2]
Nets remaining: 115
Finished routing net _45_[3]
Nets remaining: 114
Finished routing net _45_[4]
Nets remaining: 113
Finished routing net _45_[5]
Nets remaining: 112
Finished routing net _45_[6]
Nets remaining: 111
Finished routing net _45_[7]
Nets remaining: 110
Finished routing net _46_[0]
Nets remaining: 109
Finished routing net _47_[0]
Nets remaining: 108
Finished routing net _47_[1]
Nets remaining: 107
Finished routing net _47_[2]
Nets remaining: 106
Finished routing net _48_[0]
Nets remaining: 105
Finished routing net _48_[1]
Nets remaining: 104
Finished routing net _48_[2]
Nets remaining: 103
Finished routing net _49_[0]
Nets remaining: 102
Finished routing net _49_[1]
Nets remaining: 101
Finished routing net _49_[2]
Nets remaining: 100
Finished routing net _27_
Nets remaining: 99
Finished routing net _29_
Nets remaining: 98
Finished routing net _31_
Nets remaining: 97
Finished routing net _33_
Nets remaining: 96
Finished routing net _35_
Nets remaining: 95
Finished routing net _37_
Nets remaining: 94
Keeping route for net _12_
Keeping route for net _13_
Finished routing net _2_[0]
Nets remaining: 91
Keeping route for net _14_
Finished routing net instruct[13]
Nets remaining: 89
Finished routing net _15_
Nets remaining: 88
Finished routing net _2_[1]
Nets remaining: 87
Keeping route for net _16_
Keeping route for net instruct[14]
Keeping route for net _17_
Finished routing net _2_[2]
Nets remaining: 83
Finished routing net _18_
Nets remaining: 82
Finished routing net instruct[15]
Nets remaining: 81
Keeping route for net _19_
Finished routing net _2_[3]
Nets remaining: 79
Keeping route for net flag
Keeping route for net imm[0]
Keeping route for net imm[1]
Keeping route for net imm[2]
Finished routing net imm[3]
Nets remaining: 74
Finished routing net imm[4]
Nets remaining: 73
Keeping route for net imm[5]
Keeping route for net imm[6]
Finished routing net imm[7]
Nets remaining: 70
Keeping route for net opcode[0]
Finished routing net opcode[1]
Nets remaining: 68
Keeping route for net opcode[2]
Keeping route for net opcode[3]
Keeping route for net rAadrs[0]
Finished routing net rAadrs[1]
Nets remaining: 64
Finished routing net rAadrs[2]
Nets remaining: 63
Keeping route for net rBadrs[0]
Keeping route for net rBadrs[1]
Keeping route for net rBadrs[2]
Finished routing net rDadrs[0]
Nets remaining: 59
Finished routing net rDadrs[1]
Nets remaining: 58
Keeping route for net rDadrs[2]
Finished routing net _3_[1]
Nets remaining: 56
Finished routing net _3_[2]
Nets remaining: 55
Finished routing net _4_[0]
Nets remaining: 54
Finished routing net _4_[1]
Nets remaining: 53
Finished routing net _4_[2]
Nets remaining: 52
Finished routing net _1_[0]
Nets remaining: 51
Finished routing net _1_[1]
Nets remaining: 50
Finished routing net _1_[2]
Nets remaining: 49
Finished routing net _1_[3]
Nets remaining: 48
Finished routing net _1_[4]
Nets remaining: 47
Finished routing net _1_[5]
Nets remaining: 46
Finished routing net _1_[6]
Nets remaining: 45
Finished routing net _1_[7]
Nets remaining: 44
Finished routing net _0_
Nets remaining: 43
Finished routing net _5_[0]
Nets remaining: 42
Finished routing net _5_[1]
Nets remaining: 41
Finished routing net _5_[2]
Nets remaining: 40
Finished routing net _3_[0]
Nets remaining: 39
Finished routing net _20_
Nets remaining: 38
Keeping route for net instruct[8]
Finished routing net _21_
Nets remaining: 36
Keeping route for net _22_
Keeping route for net instruct[0]
Finished routing net _23_
Nets remaining: 33
Keeping route for net _24_
Keeping route for net instruct[1]
Keeping route for net _25_
Keeping route for net _26_
Finished routing net instruct[2]
Nets remaining: 28
Keeping route for net _28_
Keeping route for net instruct[3]
Finished routing net _30_
Nets remaining: 25
Keeping route for net instruct[4]
Keeping route for net _32_
Keeping route for net instruct[5]
Keeping route for net _34_
Keeping route for net instruct[6]
Finished routing net _36_
Nets remaining: 19
Finished routing net instruct[7]
Nets remaining: 18
Keeping route for net _38_
Keeping route for net _39_
Keeping route for net _40_
Finished routing net _41_
Nets remaining: 14
Keeping route for net _42_
Finished routing net _43_
Nets remaining: 12
Finished routing net _6_
Nets remaining: 11
Keeping route for net instruct[9]
Finished routing net _7_
Nets remaining: 9
Keeping route for net _8_
Finished routing net instruct[10]
Nets remaining: 7
Finished routing net _9_
Nets remaining: 6
Finished routing net _10_
Nets remaining: 5
Keeping route for net instruct[11]
Finished routing net _11_
Nets remaining: 3
Keeping route for net instruct[12]

----------------------------------------------
Progress: Stage 3 total routes completed: 399
No failed routes!
----------------------------------------------
*** Running stage3 routing with defaults, 2nd round
Finished routing net enable_bF$buf4
Nets remaining: 133
Finished routing net enable_bF$buf5
Nets remaining: 132
Finished routing net enable
Nets remaining: 131
Finished routing net enable_bF$buf0
Nets remaining: 130
Finished routing net enable_bF$buf1
Nets remaining: 129
Finished routing net enable_bF$buf2
Nets remaining: 128
Finished routing net enable_bF$buf3
Nets remaining: 127
Finished routing net clock_bF$buf2
Nets remaining: 126
Finished routing net clock_bF$buf3
Nets remaining: 125
Finished routing net clock_bF$buf0
Nets remaining: 124
Finished routing net clock_bF$buf1
Nets remaining: 123
Finished routing net clock
Nets remaining: 122
Finished routing net _46_[1]
Nets remaining: 121
Finished routing net _46_[2]
Nets remaining: 120
Finished routing net _46_[3]
Nets remaining: 119
Finished routing net _44_
Nets remaining: 118
Finished routing net _45_[0]
Nets remaining: 117
Finished routing net _45_[1]
Nets remaining: 116
Finished routing net _45_[2]
Nets remaining: 115
Finished routing net _45_[3]
Nets remaining: 114
Finished routing net _45_[4]
Nets remaining: 113
Finished routing net _45_[5]
Nets remaining: 112
Finished routing net _45_[6]
Nets remaining: 111
Finished routing net _45_[7]
Nets remaining: 110
Finished routing net _46_[0]
Nets remaining: 109
Finished routing net _47_[0]
Nets remaining: 108
Finished routing net _47_[1]
Nets remaining: 107
Finished routing net _47_[2]
Nets remaining: 106
Finished routing net _48_[0]
Nets remaining: 105
Finished routing net _48_[1]
Nets remaining: 104
Finished routing net _48_[2]
Nets remaining: 103
Finished routing net _49_[0]
Nets remaining: 102
Finished routing net _49_[1]
Nets remaining: 101
Finished routing net _49_[2]
Nets remaining: 100
Finished routing net _27_
Nets remaining: 99
Finished routing net _29_
Nets remaining: 98
Finished routing net _31_
Nets remaining: 97
Finished routing net _33_
Nets remaining: 96
Finished routing net _35_
Nets remaining: 95
Finished routing net _37_
Nets remaining: 94
Keeping route for net _12_
Keeping route for net _13_
Finished routing net _2_[0]
Nets remaining: 91
Keeping route for net _14_
Finished routing net instruct[13]
Nets remaining: 89
Finished routing net _15_
Nets remaining: 88
Finished routing net _2_[1]
Nets remaining: 87
Keeping route for net _16_
Keeping route for net instruct[14]
Keeping route for net _17_
Finished routing net _2_[2]
Nets remaining: 83
Finished routing net _18_
Nets remaining: 82
Finished routing net instruct[15]
Nets remaining: 81
Keeping route for net _19_
Finished routing net _2_[3]
Nets remaining: 79
Keeping route for net flag
Keeping route for net imm[0]
Keeping route for net imm[1]
Keeping route for net imm[2]
Finished routing net imm[3]
Nets remaining: 74
Finished routing net imm[4]
Nets remaining: 73
Keeping route for net imm[5]
Keeping route for net imm[6]
Finished routing net imm[7]
Nets remaining: 70
Keeping route for net opcode[0]
Finished routing net opcode[1]
Nets remaining: 68
Keeping route for net opcode[2]
Keeping route for net opcode[3]
Keeping route for net rAadrs[0]
Finished routing net rAadrs[1]
Nets remaining: 64
Finished routing net rAadrs[2]
Nets remaining: 63
Keeping route for net rBadrs[0]
Keeping route for net rBadrs[1]
Keeping route for net rBadrs[2]
Finished routing net rDadrs[0]
Nets remaining: 59
Finished routing net rDadrs[1]
Nets remaining: 58
Keeping route for net rDadrs[2]
Finished routing net _3_[1]
Nets remaining: 56
Finished routing net _3_[2]
Nets remaining: 55
Finished routing net _4_[0]
Nets remaining: 54
Finished routing net _4_[1]
Nets remaining: 53
Finished routing net _4_[2]
Nets remaining: 52
Finished routing net _1_[0]
Nets remaining: 51
Finished routing net _1_[1]
Nets remaining: 50
Finished routing net _1_[2]
Nets remaining: 49
Finished routing net _1_[3]
Nets remaining: 48
Finished routing net _1_[4]
Nets remaining: 47
Finished routing net _1_[5]
Nets remaining: 46
Finished routing net _1_[6]
Nets remaining: 45
Finished routing net _1_[7]
Nets remaining: 44
Finished routing net _0_
Nets remaining: 43
Finished routing net _5_[0]
Nets remaining: 42
Finished routing net _5_[1]
Nets remaining: 41
Finished routing net _5_[2]
Nets remaining: 40
Finished routing net _3_[0]
Nets remaining: 39
Finished routing net _20_
Nets remaining: 38
Keeping route for net instruct[8]
Finished routing net _21_
Nets remaining: 36
Keeping route for net _22_
Keeping route for net instruct[0]
Finished routing net _23_
Nets remaining: 33
Keeping route for net _24_
Keeping route for net instruct[1]
Keeping route for net _25_
Keeping route for net _26_
Finished routing net instruct[2]
Nets remaining: 28
Keeping route for net _28_
Keeping route for net instruct[3]
Finished routing net _30_
Nets remaining: 25
Keeping route for net instruct[4]
Keeping route for net _32_
Keeping route for net instruct[5]
Keeping route for net _34_
Keeping route for net instruct[6]
Finished routing net _36_
Nets remaining: 19
Finished routing net instruct[7]
Nets remaining: 18
Keeping route for net _38_
Keeping route for net _39_
Keeping route for net _40_
Finished routing net _41_
Nets remaining: 14
Keeping route for net _42_
Finished routing net _43_
Nets remaining: 12
Finished routing net _6_
Nets remaining: 11
Keeping route for net instruct[9]
Finished routing net _7_
Nets remaining: 9
Keeping route for net _8_
Finished routing net instruct[10]
Nets remaining: 7
Finished routing net _9_
Nets remaining: 6
Finished routing net _10_
Nets remaining: 5
Keeping route for net instruct[11]
Finished routing net _11_
Nets remaining: 3
Keeping route for net instruct[12]

----------------------------------------------
Progress: Stage 3 total routes completed: 574
No failed routes!
----------------------------------------------
*** Writing DEF file instruction_decoder_route.def
emit_routes():  DEF file has 132 nets and 4 specialnets.
but qrouter wants to write 134 nets and specialnets.
----------------------------------------------
Final: No failed routes!
----------------------------------------------
*** Writing RC file instruction_decoder_route.rc
DEF2Verilog -v /home/akash/Documents/DigitalLab/verilog_tasks/task_2/instruction_decoder/synthesis/instruction_decoder.rtlnopwr.v -o /home/akash/Documents/DigitalLab/verilog_tasks/task_2/instruction_decoder/synthesis/instruction_decoder_postroute.v
-p vdd -g gnd  -l  /usr/local/share/qflow/tech/osu035/osu035_stdcells.lef instruction_decoder_route.def

Generating RTL verilog and SPICE netlist file in directory
   /home/akash/Documents/DigitalLab/verilog_tasks/task_2/instruction_decoder/synthesis
Running vlog2Verilog.
vlog2Verilog -c -v vdd -g gnd -o instruction_decoder.rtl.anno.v instruction_decoder_postroute.v
vlog2Verilog -c -p -v vdd -g gnd -o instruction_decoder.rtlnopwr.anno.v instruction_decoder_postroute.v
/usr/local/share/qflow/bin/vlog2Verilog -c -b -p -n -v vdd -g gnd -o instruction_decoder.rtlbb.anno.v instruction_decoder_postroute.v
Running vlog2Spice.
vlog2Spice -i -l  /usr/local/share/qflow/tech/osu035/osu035_stdcells.sp -o instruction_decoder.anno.spc instruction_decoder.rtl.anno.v
Router script ended on Mo 8. Jun 17:34:04 CEST 2020
