#! /usr/bin/vvp
:ivl_version "10.1 (stable)";
:ivl_delay_selection "TYPICAL";
:vpi_time_precision - 12;
:vpi_module "system";
:vpi_module "vhdl_sys";
:vpi_module "v2005_math";
:vpi_module "va_math";
S_0x55e59cd98b10 .scope module, "alu_tb" "alu_tb" 2 3;
 .timescale -9 -12;
v0x55e59cdb95a0_0 .var "a", 15 0;
v0x55e59cdb9680_0 .net "alu_output", 15 0, L_0x55e59cd93fc0;  1 drivers
v0x55e59cdb9750_0 .var "b", 15 0;
v0x55e59cdb9850_0 .net "carryout", 0 0, L_0x55e59cdba010;  1 drivers
v0x55e59cdb9920_0 .var/i "i", 31 0;
v0x55e59cdb99c0_0 .var "op_code", 3 0;
v0x55e59cdb9a60_0 .net "zero_flag", 0 0, v0x55e59cdb9420_0;  1 drivers
S_0x55e59cd98c90 .scope module, "test_unit" "alu" 2 12, 3 1 0, S_0x55e59cd98b10;
 .timescale 0 0;
    .port_info 0 /INPUT 16 "a"
    .port_info 1 /INPUT 16 "b"
    .port_info 2 /INPUT 4 "op_code"
    .port_info 3 /OUTPUT 16 "alu_output"
    .port_info 4 /OUTPUT 1 "carryout"
    .port_info 5 /OUTPUT 1 "zero_flag"
L_0x55e59cd93fc0 .functor BUFZ 16, v0x55e59cdb8fe0_0, C4<0000000000000000>, C4<0000000000000000>, C4<0000000000000000>;
L_0x7f7061749018 .functor BUFT 1, C4<0>, C4<0>, C4<0>, C4<0>;
v0x55e59cd98eb0_0 .net/2u *"_s2", 0 0, L_0x7f7061749018;  1 drivers
v0x55e59cdb8b50_0 .net *"_s4", 16 0, L_0x55e59cdb9bb0;  1 drivers
L_0x7f7061749060 .functor BUFT 1, C4<0>, C4<0>, C4<0>, C4<0>;
v0x55e59cdb8c30_0 .net/2u *"_s6", 0 0, L_0x7f7061749060;  1 drivers
v0x55e59cdb8cf0_0 .net *"_s8", 16 0, L_0x55e59cdb9d20;  1 drivers
v0x55e59cdb8dd0_0 .net "a", 15 0, v0x55e59cdb95a0_0;  1 drivers
v0x55e59cdb8f00_0 .net "alu_output", 15 0, L_0x55e59cd93fc0;  alias, 1 drivers
v0x55e59cdb8fe0_0 .var "alu_result", 15 0;
v0x55e59cdb90c0_0 .net "b", 15 0, v0x55e59cdb9750_0;  1 drivers
v0x55e59cdb91a0_0 .net "carryout", 0 0, L_0x55e59cdba010;  alias, 1 drivers
v0x55e59cdb9260_0 .net "op_code", 3 0, v0x55e59cdb99c0_0;  1 drivers
v0x55e59cdb9340_0 .net "tmp", 16 0, L_0x55e59cdb9e60;  1 drivers
v0x55e59cdb9420_0 .var "zero_flag", 0 0;
E_0x55e59cd88f10 .event edge, v0x55e59cdb9260_0, v0x55e59cdb8dd0_0, v0x55e59cdb90c0_0, v0x55e59cdb8fe0_0;
L_0x55e59cdb9bb0 .concat [ 16 1 0 0], v0x55e59cdb95a0_0, L_0x7f7061749018;
L_0x55e59cdb9d20 .concat [ 16 1 0 0], v0x55e59cdb9750_0, L_0x7f7061749060;
L_0x55e59cdb9e60 .arith/sum 17, L_0x55e59cdb9bb0, L_0x55e59cdb9d20;
L_0x55e59cdba010 .part L_0x55e59cdb9e60, 16, 1;
    .scope S_0x55e59cd98c90;
T_0 ;
    %wait E_0x55e59cd88f10;
    %load/vec4 v0x55e59cdb9260_0;
    %dup/vec4;
    %pushi/vec4 0, 0, 4;
    %cmp/u;
    %jmp/1 T_0.0, 6;
    %dup/vec4;
    %pushi/vec4 4, 0, 4;
    %cmp/u;
    %jmp/1 T_0.1, 6;
    %dup/vec4;
    %pushi/vec4 6, 0, 4;
    %cmp/u;
    %jmp/1 T_0.2, 6;
    %dup/vec4;
    %pushi/vec4 7, 0, 4;
    %cmp/u;
    %jmp/1 T_0.3, 6;
    %dup/vec4;
    %pushi/vec4 8, 0, 4;
    %cmp/u;
    %jmp/1 T_0.4, 6;
    %dup/vec4;
    %pushi/vec4 9, 0, 4;
    %cmp/u;
    %jmp/1 T_0.5, 6;
    %dup/vec4;
    %pushi/vec4 10, 0, 4;
    %cmp/u;
    %jmp/1 T_0.6, 6;
    %dup/vec4;
    %pushi/vec4 12, 0, 4;
    %cmp/u;
    %jmp/1 T_0.7, 6;
    %dup/vec4;
    %pushi/vec4 13, 0, 4;
    %cmp/u;
    %jmp/1 T_0.8, 6;
    %dup/vec4;
    %pushi/vec4 14, 0, 4;
    %cmp/u;
    %jmp/1 T_0.9, 6;
    %dup/vec4;
    %pushi/vec4 15, 0, 4;
    %cmp/u;
    %jmp/1 T_0.10, 6;
    %pushi/vec4 0, 0, 16;
    %store/vec4 v0x55e59cdb8fe0_0, 0, 16;
    %jmp T_0.12;
T_0.0 ;
    %load/vec4 v0x55e59cdb8dd0_0;
    %load/vec4 v0x55e59cdb90c0_0;
    %add;
    %store/vec4 v0x55e59cdb8fe0_0, 0, 16;
    %jmp T_0.12;
T_0.1 ;
    %load/vec4 v0x55e59cdb8dd0_0;
    %load/vec4 v0x55e59cdb90c0_0;
    %xor;
    %store/vec4 v0x55e59cdb8fe0_0, 0, 16;
    %jmp T_0.12;
T_0.2 ;
    %load/vec4 v0x55e59cdb8dd0_0;
    %load/vec4 v0x55e59cdb90c0_0;
    %or;
    %store/vec4 v0x55e59cdb8fe0_0, 0, 16;
    %jmp T_0.12;
T_0.3 ;
    %load/vec4 v0x55e59cdb8dd0_0;
    %load/vec4 v0x55e59cdb90c0_0;
    %and;
    %store/vec4 v0x55e59cdb8fe0_0, 0, 16;
    %jmp T_0.12;
T_0.4 ;
    %load/vec4 v0x55e59cdb8dd0_0;
    %load/vec4 v0x55e59cdb90c0_0;
    %cmp/e;
    %jmp/0xz  T_0.13, 4;
    %pushi/vec4 1, 0, 16;
    %store/vec4 v0x55e59cdb8fe0_0, 0, 16;
T_0.13 ;
    %jmp T_0.12;
T_0.5 ;
    %load/vec4 v0x55e59cdb8dd0_0;
    %load/vec4 v0x55e59cdb90c0_0;
    %cmp/ne;
    %jmp/0xz  T_0.15, 4;
    %pushi/vec4 1, 0, 16;
    %store/vec4 v0x55e59cdb8fe0_0, 0, 16;
T_0.15 ;
    %jmp T_0.12;
T_0.6 ;
    %load/vec4 v0x55e59cdb8dd0_0;
    %load/vec4 v0x55e59cdb90c0_0;
    %sub;
    %store/vec4 v0x55e59cdb8fe0_0, 0, 16;
    %jmp T_0.12;
T_0.7 ;
    %load/vec4 v0x55e59cdb8dd0_0;
    %load/vec4 v0x55e59cdb90c0_0;
    %cmp/s;
    %jmp/0xz  T_0.17, 5;
    %pushi/vec4 1, 0, 16;
    %store/vec4 v0x55e59cdb8fe0_0, 0, 16;
T_0.17 ;
    %jmp T_0.12;
T_0.8 ;
    %load/vec4 v0x55e59cdb90c0_0;
    %load/vec4 v0x55e59cdb8dd0_0;
    %cmp/s;
    %flag_or 5, 4;
    %jmp/0xz  T_0.19, 5;
    %pushi/vec4 1, 0, 16;
    %store/vec4 v0x55e59cdb8fe0_0, 0, 16;
T_0.19 ;
    %jmp T_0.12;
T_0.9 ;
    %load/vec4 v0x55e59cdb8dd0_0;
    %load/vec4 v0x55e59cdb90c0_0;
    %cmp/u;
    %jmp/0xz  T_0.21, 5;
    %pushi/vec4 1, 0, 16;
    %store/vec4 v0x55e59cdb8fe0_0, 0, 16;
T_0.21 ;
    %jmp T_0.12;
T_0.10 ;
    %load/vec4 v0x55e59cdb90c0_0;
    %load/vec4 v0x55e59cdb8dd0_0;
    %cmp/u;
    %flag_or 5, 4;
    %jmp/0xz  T_0.23, 5;
    %pushi/vec4 1, 0, 16;
    %store/vec4 v0x55e59cdb8fe0_0, 0, 16;
T_0.23 ;
    %jmp T_0.12;
T_0.12 ;
    %pop/vec4 1;
    %load/vec4 v0x55e59cdb8fe0_0;
    %cmpi/e 0, 0, 16;
    %jmp/0xz  T_0.25, 4;
    %pushi/vec4 1, 0, 1;
    %store/vec4 v0x55e59cdb9420_0, 0, 1;
    %jmp T_0.26;
T_0.25 ;
    %load/vec4 v0x55e59cdb8fe0_0;
    %cmpi/ne 0, 0, 16;
    %jmp/0xz  T_0.27, 4;
    %pushi/vec4 0, 0, 1;
    %store/vec4 v0x55e59cdb9420_0, 0, 1;
T_0.27 ;
T_0.26 ;
    %jmp T_0;
    .thread T_0, $push;
    .scope S_0x55e59cd98b10;
T_1 ;
    %vpi_call 2 16 "$dumpfile", "task_1_alu.vcd" {0 0 0};
    %vpi_call 2 17 "$dumpvars", 32'sb00000000000000000000000000000000, S_0x55e59cd98b10 {0 0 0};
    %pushi/vec4 5, 0, 16;
    %store/vec4 v0x55e59cdb95a0_0, 0, 16;
    %pushi/vec4 4, 0, 16;
    %store/vec4 v0x55e59cdb9750_0, 0, 16;
    %pushi/vec4 0, 0, 4;
    %store/vec4 v0x55e59cdb99c0_0, 0, 4;
    %pushi/vec4 0, 0, 32;
    %store/vec4 v0x55e59cdb9920_0, 0, 32;
T_1.0 ;
    %load/vec4 v0x55e59cdb9920_0;
    %cmpi/s 16, 0, 32;
    %jmp/0xz T_1.1, 5;
    %load/vec4 v0x55e59cdb99c0_0;
    %addi 1, 0, 4;
    %store/vec4 v0x55e59cdb99c0_0, 0, 4;
    %delay 10000, 0;
    %load/vec4 v0x55e59cdb9920_0;
    %pushi/vec4 1, 0, 32;
    %add;
    %store/vec4 v0x55e59cdb9920_0, 0, 32;
    %jmp T_1.0;
T_1.1 ;
    %vpi_call 2 26 "$finish" {0 0 0};
    %end;
    .thread T_1;
# The file index is used to find the file name in the following table.
:file_names 4;
    "N/A";
    "<interactive>";
    "task_1_alu_tb.v";
    "task_1_alu.v";
