#! /usr/bin/vvp
:ivl_version "10.1 (stable)";
:ivl_delay_selection "TYPICAL";
:vpi_time_precision - 12;
:vpi_module "system";
:vpi_module "vhdl_sys";
:vpi_module "v2005_math";
:vpi_module "va_math";
S_0x556772672e80 .scope module, "half_adder_tb" "half_adder_tb" 2 3;
 .timescale -9 -12;
v0x556772693450_0 .var "a", 0 0;
v0x556772693510_0 .var "b", 0 0;
v0x5567726935e0_0 .net "carry", 0 0, L_0x556772693910;  1 drivers
v0x5567726936e0_0 .net "sum", 0 0, L_0x5567726937b0;  1 drivers
S_0x556772673000 .scope module, "test_unit" "half_adder" 2 7, 3 1 0, S_0x556772672e80;
 .timescale 0 0;
    .port_info 0 /INPUT 1 "a"
    .port_info 1 /INPUT 1 "b"
    .port_info 2 /OUTPUT 1 "sum"
    .port_info 3 /OUTPUT 1 "carry"
L_0x5567726937b0 .functor XOR 1, v0x556772693450_0, v0x556772693510_0, C4<0>, C4<0>;
L_0x556772693910 .functor AND 1, v0x556772693450_0, v0x556772693510_0, C4<1>, C4<1>;
v0x5567726731f0_0 .net "a", 0 0, v0x556772693450_0;  1 drivers
v0x556772693150_0 .net "b", 0 0, v0x556772693510_0;  1 drivers
v0x556772693210_0 .net "carry", 0 0, L_0x556772693910;  alias, 1 drivers
v0x5567726932e0_0 .net "sum", 0 0, L_0x5567726937b0;  alias, 1 drivers
    .scope S_0x556772672e80;
T_0 ;
    %vpi_call 2 11 "$dumpfile", "half_adder.vcd" {0 0 0};
    %vpi_call 2 12 "$dumpvars", 32'sb00000000000000000000000000000000, S_0x556772672e80 {0 0 0};
    %pushi/vec4 0, 0, 1;
    %store/vec4 v0x556772693450_0, 0, 1;
    %pushi/vec4 0, 0, 1;
    %store/vec4 v0x556772693510_0, 0, 1;
    %delay 1000, 0;
    %pushi/vec4 0, 0, 1;
    %store/vec4 v0x556772693450_0, 0, 1;
    %pushi/vec4 1, 0, 1;
    %store/vec4 v0x556772693510_0, 0, 1;
    %delay 1000, 0;
    %pushi/vec4 1, 0, 1;
    %store/vec4 v0x556772693450_0, 0, 1;
    %pushi/vec4 0, 0, 1;
    %store/vec4 v0x556772693510_0, 0, 1;
    %delay 1000, 0;
    %pushi/vec4 1, 0, 1;
    %store/vec4 v0x556772693450_0, 0, 1;
    %pushi/vec4 1, 0, 1;
    %store/vec4 v0x556772693510_0, 0, 1;
    %delay 1000, 0;
    %vpi_call 2 25 "$finish" {0 0 0};
    %end;
    .thread T_0;
# The file index is used to find the file name in the following table.
:file_names 4;
    "N/A";
    "<interactive>";
    "half_adder_tb.v";
    "half_adder.v";
