#! /usr/bin/vvp
:ivl_version "10.1 (stable)";
:ivl_delay_selection "TYPICAL";
:vpi_time_precision - 12;
:vpi_module "system";
:vpi_module "vhdl_sys";
:vpi_module "v2005_math";
:vpi_module "va_math";
S_0x5604efa66270 .scope module, "decoder2to4_tb" "decoder2to4_tb" 2 3;
 .timescale -9 -12;
v0x5604efa86820_0 .var "a", 1 0;
v0x5604efa868e0_0 .net "y", 3 0, v0x5604efa866e0_0;  1 drivers
S_0x5604efa663f0 .scope module, "test_unit" "decoder2to4" 2 7, 3 1 0, S_0x5604efa66270;
 .timescale 0 0;
    .port_info 0 /INPUT 2 "a"
    .port_info 1 /OUTPUT 4 "y"
v0x5604efa665e0_0 .net "a", 1 0, v0x5604efa86820_0;  1 drivers
v0x5604efa866e0_0 .var "y", 3 0;
E_0x5604efa2aa80 .event edge, v0x5604efa665e0_0;
    .scope S_0x5604efa663f0;
T_0 ;
    %wait E_0x5604efa2aa80;
    %load/vec4 v0x5604efa665e0_0;
    %parti/s 1, 1, 2;
    %nor/r;
    %load/vec4 v0x5604efa665e0_0;
    %parti/s 1, 0, 2;
    %nor/r;
    %and;
    %ix/load 4, 0, 0;
    %flag_set/imm 4, 0;
    %store/vec4 v0x5604efa866e0_0, 4, 1;
    %load/vec4 v0x5604efa665e0_0;
    %parti/s 1, 1, 2;
    %nor/r;
    %load/vec4 v0x5604efa665e0_0;
    %parti/s 1, 0, 2;
    %and;
    %ix/load 4, 1, 0;
    %flag_set/imm 4, 0;
    %store/vec4 v0x5604efa866e0_0, 4, 1;
    %load/vec4 v0x5604efa665e0_0;
    %parti/s 1, 1, 2;
    %load/vec4 v0x5604efa665e0_0;
    %parti/s 1, 0, 2;
    %nor/r;
    %and;
    %ix/load 4, 2, 0;
    %flag_set/imm 4, 0;
    %store/vec4 v0x5604efa866e0_0, 4, 1;
    %load/vec4 v0x5604efa665e0_0;
    %parti/s 1, 1, 2;
    %load/vec4 v0x5604efa665e0_0;
    %parti/s 1, 0, 2;
    %and;
    %ix/load 4, 3, 0;
    %flag_set/imm 4, 0;
    %store/vec4 v0x5604efa866e0_0, 4, 1;
    %jmp T_0;
    .thread T_0, $push;
    .scope S_0x5604efa66270;
T_1 ;
    %vpi_call 2 11 "$dumpfile", "decoder2to4.vcd" {0 0 0};
    %vpi_call 2 12 "$dumpvars", 32'sb00000000000000000000000000000000, S_0x5604efa66270 {0 0 0};
    %pushi/vec4 0, 0, 2;
    %store/vec4 v0x5604efa86820_0, 0, 2;
    %delay 1000, 0;
    %pushi/vec4 1, 0, 2;
    %store/vec4 v0x5604efa86820_0, 0, 2;
    %delay 1000, 0;
    %pushi/vec4 2, 0, 2;
    %store/vec4 v0x5604efa86820_0, 0, 2;
    %delay 1000, 0;
    %pushi/vec4 3, 0, 2;
    %store/vec4 v0x5604efa86820_0, 0, 2;
    %delay 1000, 0;
    %vpi_call 2 21 "$finish" {0 0 0};
    %end;
    .thread T_1;
# The file index is used to find the file name in the following table.
:file_names 4;
    "N/A";
    "<interactive>";
    "decoder2to4_tb.v";
    "decoder2to4.v";
